#
# A fatal error has been detected by the Java Runtime Environment:
#
#  EXCEPTION_ACCESS_VIOLATION (0xc0000005) at pc=0x00007ff86bf5b783, pid=1860, tid=5180
#
# JRE version: OpenJDK Runtime Environment Zulu11.60+19-CA (11.0.17+8) (build 11.0.17+8-LTS)
# Java VM: OpenJDK 64-Bit Server VM Zulu11.60+19-CA (11.0.17+8-LTS, mixed mode, tiered, compressed oops, g1 gc, windows-amd64)
# Problematic frame:
# C  [python312.dll+0x1b783]
#
# No core dump will be written. Minidumps are not enabled by default on client versions of Windows
#
# If you would like to submit a bug report, please visit:
#   http://www.azul.com/support/
# The crash happened outside the Java Virtual Machine in native code.
# See problematic frame for where to report the bug.
#

---------------  S U M M A R Y ------------

Command Line: -javaagent:C:\Program Files\JetBrains\IntelliJ IDEA Community Edition 2023.1.4\lib\idea_rt.jar=62847:C:\Program Files\JetBrains\IntelliJ IDEA Community Edition 2023.1.4\bin -Dfile.encoding=UTF-8 hostExe

Host: 12th Gen Intel(R) Core(TM) i7-1260P, 16 cores, 15G,  Windows 11 , 64 bit Build 22621 (10.0.22621.3374)
Time: Wed May  8 18:06:40 2024 Eastern Daylight Time elapsed time: 90.996928 seconds (0d 0h 1m 30s)

---------------  T H R E A D  ---------------

Current thread (0x000001d1ad1d7800):  JavaThread "AWT-EventQueue-0" [_thread_in_native, id=5180, stack(0x0000005a8a200000,0x0000005a8a300000)]

Stack: [0x0000005a8a200000,0x0000005a8a300000],  sp=0x0000005a8a2f9df0,  free space=999k
Native frames: (J=compiled Java code, j=interpreted, Vv=VM code, C=native code)
C  [python312.dll+0x1b783]

Java frames: (J=compiled Java code, j=interpreted, Vv=VM code)
j  jep.Jep.eval(JLjava/lang/String;)V+0
j  jep.Jep.eval(Ljava/lang/String;)Z+106
j  hostPyLogger.jepLogger(Ljava/lang/String;Ljava/lang/String;)V+99
j  hostExe$2.actionPerformed(Ljava/awt/event/ActionEvent;)V+89
j  javax.swing.AbstractButton.fireActionPerformed(Ljava/awt/event/ActionEvent;)V+83 java.desktop@11.0.17
j  javax.swing.AbstractButton$Handler.actionPerformed(Ljava/awt/event/ActionEvent;)V+5 java.desktop@11.0.17
j  javax.swing.DefaultButtonModel.fireActionPerformed(Ljava/awt/event/ActionEvent;)V+34 java.desktop@11.0.17
j  javax.swing.DefaultButtonModel.setPressed(Z)V+117 java.desktop@11.0.17
j  javax.swing.plaf.basic.BasicButtonListener.mouseReleased(Ljava/awt/event/MouseEvent;)V+35 java.desktop@11.0.17
j  java.awt.Component.processMouseEvent(Ljava/awt/event/MouseEvent;)V+64 java.desktop@11.0.17
j  javax.swing.JComponent.processMouseEvent(Ljava/awt/event/MouseEvent;)V+23 java.desktop@11.0.17
J 1757 c1 java.awt.Component.processEvent(Ljava/awt/AWTEvent;)V java.desktop@11.0.17 (220 bytes) @ 0x000001d190664274 [0x000001d190663c20+0x0000000000000654]
J 1756 c1 java.awt.Container.processEvent(Ljava/awt/AWTEvent;)V java.desktop@11.0.17 (22 bytes) @ 0x000001d19066373c [0x000001d1906633e0+0x000000000000035c]
J 1624 c1 java.awt.Component.dispatchEventImpl(Ljava/awt/AWTEvent;)V java.desktop@11.0.17 (777 bytes) @ 0x000001d19060b374 [0x000001d1906072c0+0x00000000000040b4]
J 1522 c1 java.awt.Container.dispatchEventImpl(Ljava/awt/AWTEvent;)V java.desktop@11.0.17 (129 bytes) @ 0x000001d1905b0a9c [0x000001d1905b0960+0x000000000000013c]
J 1758 c1 java.awt.LightweightDispatcher.retargetMouseEvent(Ljava/awt/Component;ILjava/awt/event/MouseEvent;)V java.desktop@11.0.17 (372 bytes) @ 0x000001d19066888c [0x000001d190666020+0x000000000000286c]
J 1780 c1 java.awt.LightweightDispatcher.processMouseEvent(Ljava/awt/event/MouseEvent;)Z java.desktop@11.0.17 (265 bytes) @ 0x000001d190677024 [0x000001d190675fe0+0x0000000000001044]
J 1633 c1 java.awt.LightweightDispatcher.dispatchEvent(Ljava/awt/AWTEvent;)Z java.desktop@11.0.17 (73 bytes) @ 0x000001d19061328c [0x000001d190612e20+0x000000000000046c]
J 1522 c1 java.awt.Container.dispatchEventImpl(Ljava/awt/AWTEvent;)V java.desktop@11.0.17 (129 bytes) @ 0x000001d1905b0a3c [0x000001d1905b0960+0x00000000000000dc]
J 1622 c1 java.awt.Window.dispatchEventImpl(Ljava/awt/AWTEvent;)V java.desktop@11.0.17 (23 bytes) @ 0x000001d190604acc [0x000001d1906044a0+0x000000000000062c]
J 1551 c1 java.awt.EventQueue.dispatchEventImpl(Ljava/awt/AWTEvent;Ljava/lang/Object;)V java.desktop@11.0.17 (136 bytes) @ 0x000001d1905c242c [0x000001d1905c1f40+0x00000000000004ec]
J 1498 c1 java.awt.EventQueue$4.run()Ljava/lang/Void; java.desktop@11.0.17 (60 bytes) @ 0x000001d1905a09c4 [0x000001d1905a0880+0x0000000000000144]
J 1497 c1 java.awt.EventQueue$4.run()Ljava/lang/Object; java.desktop@11.0.17 (5 bytes) @ 0x000001d19059eb44 [0x000001d19059eac0+0x0000000000000084]
v  ~StubRoutines::call_stub
J 1279  java.security.AccessController.doPrivileged(Ljava/security/PrivilegedAction;Ljava/security/AccessControlContext;)Ljava/lang/Object; java.base@11.0.17 (0 bytes) @ 0x000001d1977d14b6 [0x000001d1977d1440+0x0000000000000076]
J 1553 c1 java.awt.EventQueue$5.run()Ljava/lang/Object; java.desktop@11.0.17 (5 bytes) @ 0x000001d1905c569c [0x000001d1905c5340+0x000000000000035c]
v  ~StubRoutines::call_stub
J 1279  java.security.AccessController.doPrivileged(Ljava/security/PrivilegedAction;Ljava/security/AccessControlContext;)Ljava/lang/Object; java.base@11.0.17 (0 bytes) @ 0x000001d1977d14b6 [0x000001d1977d1440+0x0000000000000076]
J 1493 c1 java.awt.EventQueue.dispatchEvent(Ljava/awt/AWTEvent;)V java.desktop@11.0.17 (80 bytes) @ 0x000001d19059fafc [0x000001d19059efa0+0x0000000000000b5c]
J 1503 c1 java.awt.EventDispatchThread.pumpOneEventForFilters(I)V java.desktop@11.0.17 (113 bytes) @ 0x000001d1905a5084 [0x000001d1905a4920+0x0000000000000764]
j  java.awt.EventDispatchThread.pumpEventsForFilter(ILjava/awt/Conditional;Ljava/awt/EventFilter;)V+35 java.desktop@11.0.17
j  java.awt.EventDispatchThread.pumpEventsForHierarchy(ILjava/awt/Conditional;Ljava/awt/Component;)V+11 java.desktop@11.0.17
j  java.awt.EventDispatchThread.pumpEvents(ILjava/awt/Conditional;)V+4 java.desktop@11.0.17
j  java.awt.EventDispatchThread.pumpEvents(Ljava/awt/Conditional;)V+3 java.desktop@11.0.17
j  java.awt.EventDispatchThread.run()V+9 java.desktop@11.0.17
v  ~StubRoutines::call_stub

siginfo: EXCEPTION_ACCESS_VIOLATION (0xc0000005), reading address 0xffffffffffffffff


Register to memory mapping:

RIP=0x00007ff86bf5b783 python312.dll
RAX=0x00000977293f0668 is an unknown value
RBX=0x8000000000000002 is an unknown value
RCX=0x001101740b720011 is an unknown value
RDX=0x000001d1af3ea5c0 points into unknown readable memory: 0x026b016401560098 | 98 00 56 01 64 01 6b 02
RSP=0x0000005a8a2f9df0 is pointing into the stack for thread: 0x000001d1ad1d7800
RBP=0x0000005a8a2fa080 is pointing into the stack for thread: 0x000001d1ad1d7800
RSI=0x0000000000000002 is an unknown value
RDI=0x0 is NULL
R8 =0x000001d1aefb0258 points into unknown readable memory: 0x000001d1af65ddc0 | c0 dd 65 af d1 01 00 00
R9 =0x8000000000000002 is an unknown value
R10=0x0000000000000017 is an unknown value
R11=0x000001d1aefb0258 points into unknown readable memory: 0x000001d1af65ddc0 | c0 dd 65 af d1 01 00 00
R12=0x000001d1af3ea5c0 points into unknown readable memory: 0x026b016401560098 | 98 00 56 01 64 01 6b 02
R13=0x000001d1ad4210d0 points into unknown readable memory: 0x0000000000000000 | 00 00 00 00 00 00 00 00
R14=0x000001d1ad6a94be points into unknown readable memory: 30 03
R15=0x000001d1aefb0268 points into unknown readable memory: 0x00007ff86c458f30 | 30 8f 45 6c f8 7f 00 00


Registers:
RAX=0x00000977293f0668, RBX=0x8000000000000002, RCX=0x001101740b720011, RDX=0x000001d1af3ea5c0
RSP=0x0000005a8a2f9df0, RBP=0x0000005a8a2fa080, RSI=0x0000000000000002, RDI=0x0000000000000000
R8 =0x000001d1aefb0258, R9 =0x8000000000000002, R10=0x0000000000000017, R11=0x000001d1aefb0258
R12=0x000001d1af3ea5c0, R13=0x000001d1ad4210d0, R14=0x000001d1ad6a94be, R15=0x000001d1aefb0268
RIP=0x00007ff86bf5b783, EFLAGS=0x0000000000010202

Top of Stack: (sp=0x0000005a8a2f9df0)
0x0000005a8a2f9df0:   000001d1aca90f88 0000005a8a2fa008
0x0000005a8a2f9e00:   0000000000000000 000001d1af656290
0x0000005a8a2f9e10:   000001d1ad4210d0 00007ff86bfa747a
0x0000005a8a2f9e20:   000001d1ad4210d0 000001d1af5b9f80
0x0000005a8a2f9e30:   0000005a8a2fa210 00007ff86bfc2f68
0x0000005a8a2f9e40:   000001d1aefb0258 000001d1aefb0260
0x0000005a8a2f9e50:   0000000000000002 00007ff86c458f30
0x0000005a8a2f9e60:   000001d1aefb0270 0000005a8a2f9f58
0x0000005a8a2f9e70:   00007ff86c579688 0000000000000000
0x0000005a8a2f9e80:   000001d1af543910 00007ff86bfac6e0
0x0000005a8a2f9e90:   0000000000000000 0000000000000000
0x0000005a8a2f9ea0:   0000000000000000 0000000000000001
0x0000005a8a2f9eb0:   000001d1aefb0270 000001d1aefb0260
0x0000005a8a2f9ec0:   000001d1ad6a9348 000001d1af543910
0x0000005a8a2f9ed0:   000001d1ad4210d0 0000000000000000
0x0000005a8a2f9ee0:   000001d1ac96f120 00000977293f0668 

Instructions: (pc=0x00007ff86bf5b783)
0x00007ff86bf5b683:   c0 75 39 b8 01 00 00 00 eb cb 48 8d 05 cc 69 04
0x00007ff86bf5b693:   00 4c 3b c0 75 1f f2 0f 10 49 10 0f 57 c0 66 0f
0x00007ff86bf5b6a3:   2e c8 7a 02 74 1a 48 63 c3 48 85 c0 0f 4f c3 48
0x00007ff86bf5b6b3:   83 c4 20 5b c3 41 ff d0 8b c8 eb 90 ff d0 eb 8f
0x00007ff86bf5b6c3:   33 c9 48 63 c1 48 85 c0 0f 4f c3 48 83 c4 20 5b
0x00007ff86bf5b6d3:   c3 cc cc cc cc cc cc cc cc cc cc cc cc 83 39 00
0x00007ff86bf5b6e3:   7c 03 48 ff 09 c3 cc cc cc 48 83 ec 28 48 85 d2
0x00007ff86bf5b6f3:   0f 84 65 50 1a 00 48 83 c4 28 c3 cc cc 48 83 ec
0x00007ff86bf5b703:   38 44 8b 15 6d 5d 5e 00 65 48 8b 04 25 58 00 00
0x00007ff86bf5b713:   00 41 bb 08 00 00 00 4c 89 4c 24 20 4d 8b c8 4c
0x00007ff86bf5b723:   8b c2 48 8b d1 4a 8b 04 d0 49 8b 0c 03 e8 0b 00
0x00007ff86bf5b733:   00 00 48 83 c4 38 c3 cc cc cc cc cc cc 40 53 55
0x00007ff86bf5b743:   56 57 41 54 41 55 41 56 41 57 48 81 ec 08 01 00
0x00007ff86bf5b753:   00 48 8b 05 ad d8 4e 00 48 33 c4 48 89 84 24 f8
0x00007ff86bf5b763:   00 00 00 48 8b bc 24 70 01 00 00 4c 8b e9 48 8b
0x00007ff86bf5b773:   4a 08 49 8b d9 4d 8b d8 4c 89 44 24 50 4c 8b e2
0x00007ff86bf5b783:   f7 81 a8 00 00 00 00 08 00 00 0f 84 b6 01 00 00
0x00007ff86bf5b793:   48 8b 41 38 4c 8b 14 02 4d 85 d2 0f 84 a5 01 00
0x00007ff86bf5b7a3:   00 48 8d 05 e5 ea ff ff 33 f6 4c 3b d0 74 37 48
0x00007ff86bf5b7b3:   8d 05 77 da ff ff 4c 3b d0 0f 84 d2 03 00 00 48
0x00007ff86bf5b7c3:   8d 05 27 61 ff ff 4c 3b d0 0f 84 39 08 00 00 4c
0x00007ff86bf5b7d3:   8b cf 4c 8b c3 49 8b d3 49 8b cc 41 ff d2 48 8b
0x00007ff86bf5b7e3:   f8 e9 20 01 00 00 8b 0d 89 5c 5e 00 65 48 8b 04
0x00007ff86bf5b7f3:   25 58 00 00 00 bd 08 00 00 00 44 8b f5 48 8b 04
0x00007ff86bf5b803:   c8 48 89 84 24 88 00 00 00 48 8b 2c 28 48 85 ff
0x00007ff86bf5b813:   0f 85 7b 13 00 00 49 bf ff ff ff ff ff ff ff 7f
0x00007ff86bf5b823:   49 23 df 0f 85 b6 12 00 00 8b 4d 24 8d 41 ff 89
0x00007ff86bf5b833:   45 24 85 c9 0f 8e dc 12 00 00 49 8b 44 24 10 4c
0x00007ff86bf5b843:   8b 40 08 4d 85 c0 0f 84 e1 12 00 00 f6 40 10 20
0x00007ff86bf5b853:   0f 85 19 4f 1a 00 49 8b 4c 24 18 48 8d 05 3b ec
0x00007ff86bf5b863:   ff ff 4c 3b c0 0f 85 f7 0b 00 00 e8 1d ed ff ff
0x00007ff86bf5b873:   8b d8 c1 eb 05 e8 13 ed ff ff 48 8b 8c 24 88 00 


Stack slot to memory mapping:
stack at sp + 0 slots: 0x000001d1aca90f88 points into unknown readable memory: 0x000001d1ad4210d0 | d0 10 42 ad d1 01 00 00
stack at sp + 1 slots: 0x0000005a8a2fa008 is pointing into the stack for thread: 0x000001d1ad1d7800
stack at sp + 2 slots: 0x0 is NULL
stack at sp + 3 slots: 0x000001d1af656290 points into unknown readable memory: 0x0000000000000001 | 01 00 00 00 00 00 00 00
stack at sp + 4 slots: 0x000001d1ad4210d0 points into unknown readable memory: 0x0000000000000000 | 00 00 00 00 00 00 00 00
stack at sp + 5 slots: 0x00007ff86bfa747a python312.dll
stack at sp + 6 slots: 0x000001d1ad4210d0 points into unknown readable memory: 0x0000000000000000 | 00 00 00 00 00 00 00 00
stack at sp + 7 slots: 0x000001d1af5b9f80 points into unknown readable memory: 0x0000000000000004 | 04 00 00 00 00 00 00 00


---------------  P R O C E S S  ---------------

Threads class SMR info:
_java_thread_list=0x000001d1acc597d0, length=18, elements={
0x000001d1ac399800, 0x000001d1ac3a5800, 0x000001d1ac3f2000, 0x000001d1ac3f3000,
0x000001d1ac3f5800, 0x000001d1ac3f9000, 0x000001d1ac3fe000, 0x000001d1ac404800,
0x000001d1abaab000, 0x000001d1acda5800, 0x000001d1ac6cd000, 0x000001d1ac6d1000,
0x000001d1acd78800, 0x000001d1ad1d7800, 0x000001d1873df000, 0x000001d1ad46f800,
0x000001d1acbfd800, 0x000001d1acbfa800
}

Java Threads: ( => current thread )
  0x000001d1ac399800 JavaThread "Reference Handler" daemon [_thread_blocked, id=39968, stack(0x0000005a89100000,0x0000005a89200000)]
  0x000001d1ac3a5800 JavaThread "Finalizer" daemon [_thread_blocked, id=43336, stack(0x0000005a89200000,0x0000005a89300000)]
  0x000001d1ac3f2000 JavaThread "Signal Dispatcher" daemon [_thread_blocked, id=23468, stack(0x0000005a89300000,0x0000005a89400000)]
  0x000001d1ac3f3000 JavaThread "Attach Listener" daemon [_thread_blocked, id=44472, stack(0x0000005a89400000,0x0000005a89500000)]
  0x000001d1ac3f5800 JavaThread "Service Thread" daemon [_thread_blocked, id=26000, stack(0x0000005a89500000,0x0000005a89600000)]
  0x000001d1ac3f9000 JavaThread "C2 CompilerThread0" daemon [_thread_blocked, id=24868, stack(0x0000005a89600000,0x0000005a89700000)]
  0x000001d1ac3fe000 JavaThread "C1 CompilerThread0" daemon [_thread_blocked, id=28764, stack(0x0000005a89700000,0x0000005a89800000)]
  0x000001d1ac404800 JavaThread "Sweeper thread" daemon [_thread_blocked, id=22816, stack(0x0000005a89800000,0x0000005a89900000)]
  0x000001d1abaab000 JavaThread "Common-Cleaner" daemon [_thread_blocked, id=23924, stack(0x0000005a89900000,0x0000005a89a00000)]
  0x000001d1acda5800 JavaThread "Monitor Ctrl-Break" daemon [_thread_in_native, id=43180, stack(0x0000005a89d00000,0x0000005a89e00000)]
  0x000001d1ac6cd000 JavaThread "Java2D Disposer" daemon [_thread_blocked, id=33948, stack(0x0000005a89f00000,0x0000005a8a000000)]
  0x000001d1ac6d1000 JavaThread "AWT-Shutdown" [_thread_blocked, id=40636, stack(0x0000005a8a000000,0x0000005a8a100000)]
  0x000001d1acd78800 JavaThread "AWT-Windows" daemon [_thread_in_native, id=22036, stack(0x0000005a8a100000,0x0000005a8a200000)]
=>0x000001d1ad1d7800 JavaThread "AWT-EventQueue-0" [_thread_in_native, id=5180, stack(0x0000005a8a200000,0x0000005a8a300000)]
  0x000001d1873df000 JavaThread "DestroyJavaVM" [_thread_blocked, id=3360, stack(0x0000005a88a00000,0x0000005a88b00000)]
  0x000001d1ad46f800 JavaThread "TimerQueue" daemon [_thread_blocked, id=17124, stack(0x0000005a8a500000,0x0000005a8a600000)]
  0x000001d1acbfd800 JavaThread "pool-1-thread-1" [_thread_blocked, id=39028, stack(0x0000005a89a00000,0x0000005a89b00000)]
  0x000001d1acbfa800 JavaThread "JepMainInterpreter" daemon [_thread_blocked, id=34012, stack(0x0000005a89b00000,0x0000005a89c00000)]

Other Threads:
  0x000001d1ac373000 VMThread "VM Thread" [stack: 0x0000005a89000000,0x0000005a89100000] [id=21740]
  0x000001d1acda6800 WatcherThread [stack: 0x0000005a89e00000,0x0000005a89f00000] [id=40676]
  0x000001d1873fb000 GCTaskThread "GC Thread#0" [stack: 0x0000005a88b00000,0x0000005a88c00000] [id=44140]
  0x000001d1ac986000 GCTaskThread "GC Thread#1" [stack: 0x0000005a8a600000,0x0000005a8a700000] [id=15668]
  0x000001d1acb21800 GCTaskThread "GC Thread#2" [stack: 0x0000005a8a700000,0x0000005a8a800000] [id=38992]
  0x000001d1acb22000 GCTaskThread "GC Thread#3" [stack: 0x0000005a8a800000,0x0000005a8a900000] [id=37816]
  0x000001d1acb22800 GCTaskThread "GC Thread#4" [stack: 0x0000005a8a900000,0x0000005a8aa00000] [id=2824]
  0x000001d1acd20800 GCTaskThread "GC Thread#5" [stack: 0x0000005a8aa00000,0x0000005a8ab00000] [id=29000]
  0x000001d1acd22000 GCTaskThread "GC Thread#6" [stack: 0x0000005a8ab00000,0x0000005a8ac00000] [id=19672]
  0x000001d1ace3b800 GCTaskThread "GC Thread#7" [stack: 0x0000005a8ac00000,0x0000005a8ad00000] [id=28548]
  0x000001d187451000 ConcurrentGCThread "G1 Main Marker" [stack: 0x0000005a88c00000,0x0000005a88d00000] [id=12684]
  0x000001d187453000 ConcurrentGCThread "G1 Conc#0" [stack: 0x0000005a88d00000,0x0000005a88e00000] [id=16456]
  0x000001d1ab9d9800 ConcurrentGCThread "G1 Refine#0" [stack: 0x0000005a88e00000,0x0000005a88f00000] [id=41348]
  0x000001d1ab9da800 ConcurrentGCThread "G1 Young RemSet Sampling" [stack: 0x0000005a88f00000,0x0000005a89000000] [id=22344]

Threads with active compile tasks:

VM state:not at safepoint (normal execution)

VM Mutex/Monitor currently owned by a thread: None

Heap address: 0x0000000704c00000, size: 4020 MB, Compressed Oops mode: Zero based, Oop shift amount: 3
Narrow klass base: 0x0000000800000000, Narrow klass shift: 0
Compressed class space size: 1073741824 Address: 0x0000000800000000

Heap:
 garbage-first heap   total 258048K, used 146615K [0x0000000704c00000, 0x0000000800000000)
  region size 1024K, 137 young (140288K), 3 survivors (3072K)
 Metaspace       used 18320K, capacity 18756K, committed 19072K, reserved 1067008K
  class space    used 1865K, capacity 2088K, committed 2176K, reserved 1048576K
Heap Regions: E=young(eden), S=young(survivor), O=old, HS=humongous(starts), HC=humongous(continues), CS=collection set, F=free, A=archive, TAMS=top-at-mark-start (previous, next)
|   0|0x0000000704c00000, 0x0000000704d00000, 0x0000000704d00000|100%|HS|  |TAMS 0x0000000704c00000, 0x0000000704c00000| Complete 
|   1|0x0000000704d00000, 0x0000000704e00000, 0x0000000704e00000|100%|HC|  |TAMS 0x0000000704d00000, 0x0000000704d00000| Complete 
|   2|0x0000000704e00000, 0x0000000704f00000, 0x0000000704f00000|100%|HC|  |TAMS 0x0000000704e00000, 0x0000000704e00000| Complete 
|   3|0x0000000704f00000, 0x0000000705000000, 0x0000000705000000|100%|HS|  |TAMS 0x0000000704f00000, 0x0000000704f00000| Complete 
|   4|0x0000000705000000, 0x0000000705100000, 0x0000000705100000|100%|HC|  |TAMS 0x0000000705000000, 0x0000000705000000| Complete 
|   5|0x0000000705100000, 0x0000000705200000, 0x0000000705200000|100%|HS|  |TAMS 0x0000000705100000, 0x0000000705100000| Complete 
|   6|0x0000000705200000, 0x0000000705300000, 0x0000000705300000|100%|HC|  |TAMS 0x0000000705200000, 0x0000000705200000| Complete 
|   7|0x0000000705300000, 0x000000070532dc00, 0x0000000705400000| 17%| O|  |TAMS 0x0000000705300000, 0x0000000705300000| Untracked 
|   8|0x0000000705400000, 0x0000000705400000, 0x0000000705500000|  0%| F|  |TAMS 0x0000000705400000, 0x0000000705400000| Untracked 
|   9|0x0000000705500000, 0x0000000705500000, 0x0000000705600000|  0%| F|  |TAMS 0x0000000705500000, 0x0000000705500000| Untracked 
|  10|0x0000000705600000, 0x0000000705600000, 0x0000000705700000|  0%| F|  |TAMS 0x0000000705600000, 0x0000000705600000| Untracked 
|  11|0x0000000705700000, 0x0000000705700000, 0x0000000705800000|  0%| F|  |TAMS 0x0000000705700000, 0x0000000705700000| Untracked 
|  12|0x0000000705800000, 0x0000000705800000, 0x0000000705900000|  0%| F|  |TAMS 0x0000000705800000, 0x0000000705800000| Untracked 
|  13|0x0000000705900000, 0x0000000705900000, 0x0000000705a00000|  0%| F|  |TAMS 0x0000000705900000, 0x0000000705900000| Untracked 
|  14|0x0000000705a00000, 0x0000000705a00000, 0x0000000705b00000|  0%| F|  |TAMS 0x0000000705a00000, 0x0000000705a00000| Untracked 
|  15|0x0000000705b00000, 0x0000000705b00000, 0x0000000705c00000|  0%| F|  |TAMS 0x0000000705b00000, 0x0000000705b00000| Untracked 
|  16|0x0000000705c00000, 0x0000000705c00000, 0x0000000705d00000|  0%| F|  |TAMS 0x0000000705c00000, 0x0000000705c00000| Untracked 
|  17|0x0000000705d00000, 0x0000000705d00000, 0x0000000705e00000|  0%| F|  |TAMS 0x0000000705d00000, 0x0000000705d00000| Untracked 
|  18|0x0000000705e00000, 0x0000000705e00000, 0x0000000705f00000|  0%| F|  |TAMS 0x0000000705e00000, 0x0000000705e00000| Untracked 
|  19|0x0000000705f00000, 0x0000000705f00000, 0x0000000706000000|  0%| F|  |TAMS 0x0000000705f00000, 0x0000000705f00000| Untracked 
|  20|0x0000000706000000, 0x0000000706000000, 0x0000000706100000|  0%| F|  |TAMS 0x0000000706000000, 0x0000000706000000| Untracked 
|  21|0x0000000706100000, 0x0000000706100000, 0x0000000706200000|  0%| F|  |TAMS 0x0000000706100000, 0x0000000706100000| Untracked 
|  22|0x0000000706200000, 0x0000000706200000, 0x0000000706300000|  0%| F|  |TAMS 0x0000000706200000, 0x0000000706200000| Untracked 
|  23|0x0000000706300000, 0x0000000706300000, 0x0000000706400000|  0%| F|  |TAMS 0x0000000706300000, 0x0000000706300000| Untracked 
|  24|0x0000000706400000, 0x0000000706400000, 0x0000000706500000|  0%| F|  |TAMS 0x0000000706400000, 0x0000000706400000| Untracked 
|  25|0x0000000706500000, 0x0000000706500000, 0x0000000706600000|  0%| F|  |TAMS 0x0000000706500000, 0x0000000706500000| Untracked 
|  26|0x0000000706600000, 0x0000000706600000, 0x0000000706700000|  0%| F|  |TAMS 0x0000000706600000, 0x0000000706600000| Untracked 
|  27|0x0000000706700000, 0x0000000706700000, 0x0000000706800000|  0%| F|  |TAMS 0x0000000706700000, 0x0000000706700000| Untracked 
|  28|0x0000000706800000, 0x0000000706800000, 0x0000000706900000|  0%| F|  |TAMS 0x0000000706800000, 0x0000000706800000| Untracked 
|  29|0x0000000706900000, 0x0000000706900000, 0x0000000706a00000|  0%| F|  |TAMS 0x0000000706900000, 0x0000000706900000| Untracked 
|  30|0x0000000706a00000, 0x0000000706a00000, 0x0000000706b00000|  0%| F|  |TAMS 0x0000000706a00000, 0x0000000706a00000| Untracked 
|  31|0x0000000706b00000, 0x0000000706b00000, 0x0000000706c00000|  0%| F|  |TAMS 0x0000000706b00000, 0x0000000706b00000| Untracked 
|  32|0x0000000706c00000, 0x0000000706c00000, 0x0000000706d00000|  0%| F|  |TAMS 0x0000000706c00000, 0x0000000706c00000| Untracked 
|  33|0x0000000706d00000, 0x0000000706d00000, 0x0000000706e00000|  0%| F|  |TAMS 0x0000000706d00000, 0x0000000706d00000| Untracked 
|  34|0x0000000706e00000, 0x0000000706e00000, 0x0000000706f00000|  0%| F|  |TAMS 0x0000000706e00000, 0x0000000706e00000| Untracked 
|  35|0x0000000706f00000, 0x0000000706f00000, 0x0000000707000000|  0%| F|  |TAMS 0x0000000706f00000, 0x0000000706f00000| Untracked 
|  36|0x0000000707000000, 0x0000000707000000, 0x0000000707100000|  0%| F|  |TAMS 0x0000000707000000, 0x0000000707000000| Untracked 
|  37|0x0000000707100000, 0x0000000707100000, 0x0000000707200000|  0%| F|  |TAMS 0x0000000707100000, 0x0000000707100000| Untracked 
|  38|0x0000000707200000, 0x0000000707200000, 0x0000000707300000|  0%| F|  |TAMS 0x0000000707200000, 0x0000000707200000| Untracked 
|  39|0x0000000707300000, 0x0000000707300000, 0x0000000707400000|  0%| F|  |TAMS 0x0000000707300000, 0x0000000707300000| Untracked 
|  40|0x0000000707400000, 0x0000000707400000, 0x0000000707500000|  0%| F|  |TAMS 0x0000000707400000, 0x0000000707400000| Untracked 
|  41|0x0000000707500000, 0x0000000707500000, 0x0000000707600000|  0%| F|  |TAMS 0x0000000707500000, 0x0000000707500000| Untracked 
|  42|0x0000000707600000, 0x0000000707600000, 0x0000000707700000|  0%| F|  |TAMS 0x0000000707600000, 0x0000000707600000| Untracked 
|  43|0x0000000707700000, 0x0000000707700000, 0x0000000707800000|  0%| F|  |TAMS 0x0000000707700000, 0x0000000707700000| Untracked 
|  44|0x0000000707800000, 0x0000000707800000, 0x0000000707900000|  0%| F|  |TAMS 0x0000000707800000, 0x0000000707800000| Untracked 
|  45|0x0000000707900000, 0x0000000707900000, 0x0000000707a00000|  0%| F|  |TAMS 0x0000000707900000, 0x0000000707900000| Untracked 
|  46|0x0000000707a00000, 0x0000000707a00000, 0x0000000707b00000|  0%| F|  |TAMS 0x0000000707a00000, 0x0000000707a00000| Untracked 
|  47|0x0000000707b00000, 0x0000000707b00000, 0x0000000707c00000|  0%| F|  |TAMS 0x0000000707b00000, 0x0000000707b00000| Untracked 
|  48|0x0000000707c00000, 0x0000000707c00000, 0x0000000707d00000|  0%| F|  |TAMS 0x0000000707c00000, 0x0000000707c00000| Untracked 
|  49|0x0000000707d00000, 0x0000000707d00000, 0x0000000707e00000|  0%| F|  |TAMS 0x0000000707d00000, 0x0000000707d00000| Untracked 
|  50|0x0000000707e00000, 0x0000000707e00000, 0x0000000707f00000|  0%| F|  |TAMS 0x0000000707e00000, 0x0000000707e00000| Untracked 
|  51|0x0000000707f00000, 0x0000000707f00000, 0x0000000708000000|  0%| F|  |TAMS 0x0000000707f00000, 0x0000000707f00000| Untracked 
|  52|0x0000000708000000, 0x0000000708000000, 0x0000000708100000|  0%| F|  |TAMS 0x0000000708000000, 0x0000000708000000| Untracked 
|  53|0x0000000708100000, 0x0000000708100000, 0x0000000708200000|  0%| F|  |TAMS 0x0000000708100000, 0x0000000708100000| Untracked 
|  54|0x0000000708200000, 0x0000000708200000, 0x0000000708300000|  0%| F|  |TAMS 0x0000000708200000, 0x0000000708200000| Untracked 
|  55|0x0000000708300000, 0x0000000708300000, 0x0000000708400000|  0%| F|  |TAMS 0x0000000708300000, 0x0000000708300000| Untracked 
|  56|0x0000000708400000, 0x0000000708400000, 0x0000000708500000|  0%| F|  |TAMS 0x0000000708400000, 0x0000000708400000| Untracked 
|  57|0x0000000708500000, 0x0000000708500000, 0x0000000708600000|  0%| F|  |TAMS 0x0000000708500000, 0x0000000708500000| Untracked 
|  58|0x0000000708600000, 0x0000000708600000, 0x0000000708700000|  0%| F|  |TAMS 0x0000000708600000, 0x0000000708600000| Untracked 
|  59|0x0000000708700000, 0x0000000708700000, 0x0000000708800000|  0%| F|  |TAMS 0x0000000708700000, 0x0000000708700000| Untracked 
|  60|0x0000000708800000, 0x0000000708800000, 0x0000000708900000|  0%| F|  |TAMS 0x0000000708800000, 0x0000000708800000| Untracked 
|  61|0x0000000708900000, 0x0000000708900000, 0x0000000708a00000|  0%| F|  |TAMS 0x0000000708900000, 0x0000000708900000| Untracked 
|  62|0x0000000708a00000, 0x0000000708a00000, 0x0000000708b00000|  0%| F|  |TAMS 0x0000000708a00000, 0x0000000708a00000| Untracked 
|  63|0x0000000708b00000, 0x0000000708b00000, 0x0000000708c00000|  0%| F|  |TAMS 0x0000000708b00000, 0x0000000708b00000| Untracked 
|  64|0x0000000708c00000, 0x0000000708c00000, 0x0000000708d00000|  0%| F|  |TAMS 0x0000000708c00000, 0x0000000708c00000| Untracked 
|  65|0x0000000708d00000, 0x0000000708d00000, 0x0000000708e00000|  0%| F|  |TAMS 0x0000000708d00000, 0x0000000708d00000| Untracked 
|  66|0x0000000708e00000, 0x0000000708e00000, 0x0000000708f00000|  0%| F|  |TAMS 0x0000000708e00000, 0x0000000708e00000| Untracked 
|  67|0x0000000708f00000, 0x0000000708f00000, 0x0000000709000000|  0%| F|  |TAMS 0x0000000708f00000, 0x0000000708f00000| Untracked 
|  68|0x0000000709000000, 0x0000000709000000, 0x0000000709100000|  0%| F|  |TAMS 0x0000000709000000, 0x0000000709000000| Untracked 
|  69|0x0000000709100000, 0x0000000709100000, 0x0000000709200000|  0%| F|  |TAMS 0x0000000709100000, 0x0000000709100000| Untracked 
|  70|0x0000000709200000, 0x0000000709200000, 0x0000000709300000|  0%| F|  |TAMS 0x0000000709200000, 0x0000000709200000| Untracked 
|  71|0x0000000709300000, 0x0000000709300000, 0x0000000709400000|  0%| F|  |TAMS 0x0000000709300000, 0x0000000709300000| Untracked 
|  72|0x0000000709400000, 0x0000000709400000, 0x0000000709500000|  0%| F|  |TAMS 0x0000000709400000, 0x0000000709400000| Untracked 
|  73|0x0000000709500000, 0x0000000709500000, 0x0000000709600000|  0%| F|  |TAMS 0x0000000709500000, 0x0000000709500000| Untracked 
|  74|0x0000000709600000, 0x0000000709600000, 0x0000000709700000|  0%| F|  |TAMS 0x0000000709600000, 0x0000000709600000| Untracked 
|  75|0x0000000709700000, 0x0000000709700000, 0x0000000709800000|  0%| F|  |TAMS 0x0000000709700000, 0x0000000709700000| Untracked 
|  76|0x0000000709800000, 0x0000000709800000, 0x0000000709900000|  0%| F|  |TAMS 0x0000000709800000, 0x0000000709800000| Untracked 
|  77|0x0000000709900000, 0x0000000709900000, 0x0000000709a00000|  0%| F|  |TAMS 0x0000000709900000, 0x0000000709900000| Untracked 
|  78|0x0000000709a00000, 0x0000000709a00000, 0x0000000709b00000|  0%| F|  |TAMS 0x0000000709a00000, 0x0000000709a00000| Untracked 
|  79|0x0000000709b00000, 0x0000000709b00000, 0x0000000709c00000|  0%| F|  |TAMS 0x0000000709b00000, 0x0000000709b00000| Untracked 
|  80|0x0000000709c00000, 0x0000000709c00000, 0x0000000709d00000|  0%| F|  |TAMS 0x0000000709c00000, 0x0000000709c00000| Untracked 
|  81|0x0000000709d00000, 0x0000000709d00000, 0x0000000709e00000|  0%| F|  |TAMS 0x0000000709d00000, 0x0000000709d00000| Untracked 
|  82|0x0000000709e00000, 0x0000000709e00000, 0x0000000709f00000|  0%| F|  |TAMS 0x0000000709e00000, 0x0000000709e00000| Untracked 
|  83|0x0000000709f00000, 0x0000000709f00000, 0x000000070a000000|  0%| F|  |TAMS 0x0000000709f00000, 0x0000000709f00000| Untracked 
|  84|0x000000070a000000, 0x000000070a000000, 0x000000070a100000|  0%| F|  |TAMS 0x000000070a000000, 0x000000070a000000| Untracked 
|  85|0x000000070a100000, 0x000000070a100000, 0x000000070a200000|  0%| F|  |TAMS 0x000000070a100000, 0x000000070a100000| Untracked 
|  86|0x000000070a200000, 0x000000070a200000, 0x000000070a300000|  0%| F|  |TAMS 0x000000070a200000, 0x000000070a200000| Untracked 
|  87|0x000000070a300000, 0x000000070a300000, 0x000000070a400000|  0%| F|  |TAMS 0x000000070a300000, 0x000000070a300000| Untracked 
|  88|0x000000070a400000, 0x000000070a400000, 0x000000070a500000|  0%| F|  |TAMS 0x000000070a400000, 0x000000070a400000| Untracked 
|  89|0x000000070a500000, 0x000000070a500000, 0x000000070a600000|  0%| F|  |TAMS 0x000000070a500000, 0x000000070a500000| Untracked 
|  90|0x000000070a600000, 0x000000070a600000, 0x000000070a700000|  0%| F|  |TAMS 0x000000070a600000, 0x000000070a600000| Untracked 
|  91|0x000000070a700000, 0x000000070a700000, 0x000000070a800000|  0%| F|  |TAMS 0x000000070a700000, 0x000000070a700000| Untracked 
|  92|0x000000070a800000, 0x000000070a800000, 0x000000070a900000|  0%| F|  |TAMS 0x000000070a800000, 0x000000070a800000| Untracked 
|  93|0x000000070a900000, 0x000000070a900000, 0x000000070aa00000|  0%| F|  |TAMS 0x000000070a900000, 0x000000070a900000| Untracked 
|  94|0x000000070aa00000, 0x000000070aa00000, 0x000000070ab00000|  0%| F|  |TAMS 0x000000070aa00000, 0x000000070aa00000| Untracked 
|  95|0x000000070ab00000, 0x000000070ab00000, 0x000000070ac00000|  0%| F|  |TAMS 0x000000070ab00000, 0x000000070ab00000| Untracked 
|  96|0x000000070ac00000, 0x000000070ac00000, 0x000000070ad00000|  0%| F|  |TAMS 0x000000070ac00000, 0x000000070ac00000| Untracked 
|  97|0x000000070ad00000, 0x000000070ad00000, 0x000000070ae00000|  0%| F|  |TAMS 0x000000070ad00000, 0x000000070ad00000| Untracked 
|  98|0x000000070ae00000, 0x000000070ae00000, 0x000000070af00000|  0%| F|  |TAMS 0x000000070ae00000, 0x000000070ae00000| Untracked 
|  99|0x000000070af00000, 0x000000070af00000, 0x000000070b000000|  0%| F|  |TAMS 0x000000070af00000, 0x000000070af00000| Untracked 
| 100|0x000000070b000000, 0x000000070b000000, 0x000000070b100000|  0%| F|  |TAMS 0x000000070b000000, 0x000000070b000000| Untracked 
| 101|0x000000070b100000, 0x000000070b100000, 0x000000070b200000|  0%| F|  |TAMS 0x000000070b100000, 0x000000070b100000| Untracked 
| 102|0x000000070b200000, 0x000000070b200000, 0x000000070b300000|  0%| F|  |TAMS 0x000000070b200000, 0x000000070b200000| Untracked 
| 103|0x000000070b300000, 0x000000070b300000, 0x000000070b400000|  0%| F|  |TAMS 0x000000070b300000, 0x000000070b300000| Untracked 
| 104|0x000000070b400000, 0x000000070b400000, 0x000000070b500000|  0%| F|  |TAMS 0x000000070b400000, 0x000000070b400000| Untracked 
| 105|0x000000070b500000, 0x000000070b500000, 0x000000070b600000|  0%| F|  |TAMS 0x000000070b500000, 0x000000070b500000| Untracked 
| 106|0x000000070b600000, 0x000000070b600000, 0x000000070b700000|  0%| F|  |TAMS 0x000000070b600000, 0x000000070b600000| Untracked 
| 107|0x000000070b700000, 0x000000070b700000, 0x000000070b800000|  0%| F|  |TAMS 0x000000070b700000, 0x000000070b700000| Untracked 
| 108|0x000000070b800000, 0x000000070b800000, 0x000000070b900000|  0%| F|  |TAMS 0x000000070b800000, 0x000000070b800000| Untracked 
| 109|0x000000070b900000, 0x000000070b900000, 0x000000070ba00000|  0%| F|  |TAMS 0x000000070b900000, 0x000000070b900000| Untracked 
| 110|0x000000070ba00000, 0x000000070ba00000, 0x000000070bb00000|  0%| F|  |TAMS 0x000000070ba00000, 0x000000070ba00000| Untracked 
| 111|0x000000070bb00000, 0x000000070bb00000, 0x000000070bc00000|  0%| F|  |TAMS 0x000000070bb00000, 0x000000070bb00000| Untracked 
| 112|0x000000070bc00000, 0x000000070bc00000, 0x000000070bd00000|  0%| F|  |TAMS 0x000000070bc00000, 0x000000070bc00000| Untracked 
| 113|0x000000070bd00000, 0x000000070bd00000, 0x000000070be00000|  0%| F|  |TAMS 0x000000070bd00000, 0x000000070bd00000| Untracked 
| 114|0x000000070be00000, 0x000000070be00000, 0x000000070bf00000|  0%| F|  |TAMS 0x000000070be00000, 0x000000070be00000| Untracked 
| 115|0x000000070bf00000, 0x000000070c000000, 0x000000070c000000|100%| E|  |TAMS 0x000000070bf00000, 0x000000070bf00000| Complete 
| 116|0x000000070c000000, 0x000000070c100000, 0x000000070c100000|100%| E|CS|TAMS 0x000000070c000000, 0x000000070c000000| Complete 
| 117|0x000000070c100000, 0x000000070c200000, 0x000000070c200000|100%| E|CS|TAMS 0x000000070c100000, 0x000000070c100000| Complete 
| 118|0x000000070c200000, 0x000000070c300000, 0x000000070c300000|100%| E|CS|TAMS 0x000000070c200000, 0x000000070c200000| Complete 
| 119|0x000000070c300000, 0x000000070c400000, 0x000000070c400000|100%| E|CS|TAMS 0x000000070c300000, 0x000000070c300000| Complete 
| 120|0x000000070c400000, 0x000000070c500000, 0x000000070c500000|100%| E|CS|TAMS 0x000000070c400000, 0x000000070c400000| Complete 
| 121|0x000000070c500000, 0x000000070c600000, 0x000000070c600000|100%| E|CS|TAMS 0x000000070c500000, 0x000000070c500000| Complete 
| 122|0x000000070c600000, 0x000000070c700000, 0x000000070c700000|100%| E|CS|TAMS 0x000000070c600000, 0x000000070c600000| Complete 
| 123|0x000000070c700000, 0x000000070c800000, 0x000000070c800000|100%| E|CS|TAMS 0x000000070c700000, 0x000000070c700000| Complete 
| 124|0x000000070c800000, 0x000000070c900000, 0x000000070c900000|100%| E|CS|TAMS 0x000000070c800000, 0x000000070c800000| Complete 
| 125|0x000000070c900000, 0x000000070ca00000, 0x000000070ca00000|100%| E|CS|TAMS 0x000000070c900000, 0x000000070c900000| Complete 
| 126|0x000000070ca00000, 0x000000070cb00000, 0x000000070cb00000|100%| E|CS|TAMS 0x000000070ca00000, 0x000000070ca00000| Complete 
| 127|0x000000070cb00000, 0x000000070cc00000, 0x000000070cc00000|100%| E|CS|TAMS 0x000000070cb00000, 0x000000070cb00000| Complete 
| 128|0x000000070cc00000, 0x000000070cd00000, 0x000000070cd00000|100%| E|CS|TAMS 0x000000070cc00000, 0x000000070cc00000| Complete 
| 129|0x000000070cd00000, 0x000000070ce00000, 0x000000070ce00000|100%| E|CS|TAMS 0x000000070cd00000, 0x000000070cd00000| Complete 
| 130|0x000000070ce00000, 0x000000070cf00000, 0x000000070cf00000|100%| E|CS|TAMS 0x000000070ce00000, 0x000000070ce00000| Complete 
| 131|0x000000070cf00000, 0x000000070d000000, 0x000000070d000000|100%| E|CS|TAMS 0x000000070cf00000, 0x000000070cf00000| Complete 
| 132|0x000000070d000000, 0x000000070d100000, 0x000000070d100000|100%| E|CS|TAMS 0x000000070d000000, 0x000000070d000000| Complete 
| 133|0x000000070d100000, 0x000000070d200000, 0x000000070d200000|100%| E|CS|TAMS 0x000000070d100000, 0x000000070d100000| Complete 
| 134|0x000000070d200000, 0x000000070d300000, 0x000000070d300000|100%| E|CS|TAMS 0x000000070d200000, 0x000000070d200000| Complete 
| 135|0x000000070d300000, 0x000000070d400000, 0x000000070d400000|100%| E|CS|TAMS 0x000000070d300000, 0x000000070d300000| Complete 
| 136|0x000000070d400000, 0x000000070d500000, 0x000000070d500000|100%| E|CS|TAMS 0x000000070d400000, 0x000000070d400000| Complete 
| 137|0x000000070d500000, 0x000000070d600000, 0x000000070d600000|100%| E|CS|TAMS 0x000000070d500000, 0x000000070d500000| Complete 
| 138|0x000000070d600000, 0x000000070d700000, 0x000000070d700000|100%| E|CS|TAMS 0x000000070d600000, 0x000000070d600000| Complete 
| 139|0x000000070d700000, 0x000000070d800000, 0x000000070d800000|100%| E|CS|TAMS 0x000000070d700000, 0x000000070d700000| Complete 
| 140|0x000000070d800000, 0x000000070d900000, 0x000000070d900000|100%| E|CS|TAMS 0x000000070d800000, 0x000000070d800000| Complete 
| 141|0x000000070d900000, 0x000000070da00000, 0x000000070da00000|100%| E|CS|TAMS 0x000000070d900000, 0x000000070d900000| Complete 
| 142|0x000000070da00000, 0x000000070db00000, 0x000000070db00000|100%| E|CS|TAMS 0x000000070da00000, 0x000000070da00000| Complete 
| 143|0x000000070db00000, 0x000000070dc00000, 0x000000070dc00000|100%| E|CS|TAMS 0x000000070db00000, 0x000000070db00000| Complete 
| 144|0x000000070dc00000, 0x000000070dd00000, 0x000000070dd00000|100%| E|CS|TAMS 0x000000070dc00000, 0x000000070dc00000| Complete 
| 145|0x000000070dd00000, 0x000000070de00000, 0x000000070de00000|100%| E|CS|TAMS 0x000000070dd00000, 0x000000070dd00000| Complete 
| 146|0x000000070de00000, 0x000000070df00000, 0x000000070df00000|100%| E|CS|TAMS 0x000000070de00000, 0x000000070de00000| Complete 
| 147|0x000000070df00000, 0x000000070e000000, 0x000000070e000000|100%| E|CS|TAMS 0x000000070df00000, 0x000000070df00000| Complete 
| 148|0x000000070e000000, 0x000000070e100000, 0x000000070e100000|100%| E|CS|TAMS 0x000000070e000000, 0x000000070e000000| Complete 
| 149|0x000000070e100000, 0x000000070e200000, 0x000000070e200000|100%| E|CS|TAMS 0x000000070e100000, 0x000000070e100000| Complete 
| 150|0x000000070e200000, 0x000000070e300000, 0x000000070e300000|100%| E|CS|TAMS 0x000000070e200000, 0x000000070e200000| Complete 
| 151|0x000000070e300000, 0x000000070e400000, 0x000000070e400000|100%| E|CS|TAMS 0x000000070e300000, 0x000000070e300000| Complete 
| 152|0x000000070e400000, 0x000000070e500000, 0x000000070e500000|100%| E|CS|TAMS 0x000000070e400000, 0x000000070e400000| Complete 
| 153|0x000000070e500000, 0x000000070e600000, 0x000000070e600000|100%| E|CS|TAMS 0x000000070e500000, 0x000000070e500000| Complete 
| 154|0x000000070e600000, 0x000000070e700000, 0x000000070e700000|100%| E|CS|TAMS 0x000000070e600000, 0x000000070e600000| Complete 
| 155|0x000000070e700000, 0x000000070e800000, 0x000000070e800000|100%| E|CS|TAMS 0x000000070e700000, 0x000000070e700000| Complete 
| 156|0x000000070e800000, 0x000000070e900000, 0x000000070e900000|100%| E|CS|TAMS 0x000000070e800000, 0x000000070e800000| Complete 
| 157|0x000000070e900000, 0x000000070ea00000, 0x000000070ea00000|100%| E|CS|TAMS 0x000000070e900000, 0x000000070e900000| Complete 
| 158|0x000000070ea00000, 0x000000070eb00000, 0x000000070eb00000|100%| E|CS|TAMS 0x000000070ea00000, 0x000000070ea00000| Complete 
| 159|0x000000070eb00000, 0x000000070ec00000, 0x000000070ec00000|100%| E|CS|TAMS 0x000000070eb00000, 0x000000070eb00000| Complete 
| 160|0x000000070ec00000, 0x000000070ed00000, 0x000000070ed00000|100%| E|CS|TAMS 0x000000070ec00000, 0x000000070ec00000| Complete 
| 161|0x000000070ed00000, 0x000000070ee00000, 0x000000070ee00000|100%| E|CS|TAMS 0x000000070ed00000, 0x000000070ed00000| Complete 
| 162|0x000000070ee00000, 0x000000070ef00000, 0x000000070ef00000|100%| E|CS|TAMS 0x000000070ee00000, 0x000000070ee00000| Complete 
| 163|0x000000070ef00000, 0x000000070f000000, 0x000000070f000000|100%| E|CS|TAMS 0x000000070ef00000, 0x000000070ef00000| Complete 
| 164|0x000000070f000000, 0x000000070f100000, 0x000000070f100000|100%| E|CS|TAMS 0x000000070f000000, 0x000000070f000000| Complete 
| 165|0x000000070f100000, 0x000000070f200000, 0x000000070f200000|100%| E|CS|TAMS 0x000000070f100000, 0x000000070f100000| Complete 
| 166|0x000000070f200000, 0x000000070f300000, 0x000000070f300000|100%| E|CS|TAMS 0x000000070f200000, 0x000000070f200000| Complete 
| 167|0x000000070f300000, 0x000000070f400000, 0x000000070f400000|100%| E|CS|TAMS 0x000000070f300000, 0x000000070f300000| Complete 
| 168|0x000000070f400000, 0x000000070f500000, 0x000000070f500000|100%| E|CS|TAMS 0x000000070f400000, 0x000000070f400000| Complete 
| 169|0x000000070f500000, 0x000000070f600000, 0x000000070f600000|100%| E|CS|TAMS 0x000000070f500000, 0x000000070f500000| Complete 
| 170|0x000000070f600000, 0x000000070f700000, 0x000000070f700000|100%| E|CS|TAMS 0x000000070f600000, 0x000000070f600000| Complete 
| 171|0x000000070f700000, 0x000000070f800000, 0x000000070f800000|100%| E|CS|TAMS 0x000000070f700000, 0x000000070f700000| Complete 
| 172|0x000000070f800000, 0x000000070f900000, 0x000000070f900000|100%| E|CS|TAMS 0x000000070f800000, 0x000000070f800000| Complete 
| 173|0x000000070f900000, 0x000000070fa00000, 0x000000070fa00000|100%| E|CS|TAMS 0x000000070f900000, 0x000000070f900000| Complete 
| 174|0x000000070fa00000, 0x000000070fb00000, 0x000000070fb00000|100%| E|CS|TAMS 0x000000070fa00000, 0x000000070fa00000| Complete 
| 175|0x000000070fb00000, 0x000000070fc00000, 0x000000070fc00000|100%| E|CS|TAMS 0x000000070fb00000, 0x000000070fb00000| Complete 
| 176|0x000000070fc00000, 0x000000070fd00000, 0x000000070fd00000|100%| E|CS|TAMS 0x000000070fc00000, 0x000000070fc00000| Complete 
| 177|0x000000070fd00000, 0x000000070fe00000, 0x000000070fe00000|100%| E|CS|TAMS 0x000000070fd00000, 0x000000070fd00000| Complete 
| 178|0x000000070fe00000, 0x000000070ff00000, 0x000000070ff00000|100%| E|CS|TAMS 0x000000070fe00000, 0x000000070fe00000| Complete 
| 179|0x000000070ff00000, 0x0000000710000000, 0x0000000710000000|100%| E|CS|TAMS 0x000000070ff00000, 0x000000070ff00000| Complete 
| 180|0x0000000710000000, 0x0000000710100000, 0x0000000710100000|100%| E|CS|TAMS 0x0000000710000000, 0x0000000710000000| Complete 
| 181|0x0000000710100000, 0x0000000710200000, 0x0000000710200000|100%| E|CS|TAMS 0x0000000710100000, 0x0000000710100000| Complete 
| 182|0x0000000710200000, 0x0000000710300000, 0x0000000710300000|100%| E|CS|TAMS 0x0000000710200000, 0x0000000710200000| Complete 
| 183|0x0000000710300000, 0x0000000710400000, 0x0000000710400000|100%| E|CS|TAMS 0x0000000710300000, 0x0000000710300000| Complete 
| 184|0x0000000710400000, 0x0000000710500000, 0x0000000710500000|100%| E|CS|TAMS 0x0000000710400000, 0x0000000710400000| Complete 
| 185|0x0000000710500000, 0x0000000710600000, 0x0000000710600000|100%| E|CS|TAMS 0x0000000710500000, 0x0000000710500000| Complete 
| 186|0x0000000710600000, 0x0000000710700000, 0x0000000710700000|100%| E|CS|TAMS 0x0000000710600000, 0x0000000710600000| Complete 
| 187|0x0000000710700000, 0x0000000710800000, 0x0000000710800000|100%| E|CS|TAMS 0x0000000710700000, 0x0000000710700000| Complete 
| 188|0x0000000710800000, 0x0000000710900000, 0x0000000710900000|100%| E|CS|TAMS 0x0000000710800000, 0x0000000710800000| Complete 
| 189|0x0000000710900000, 0x0000000710a00000, 0x0000000710a00000|100%| E|CS|TAMS 0x0000000710900000, 0x0000000710900000| Complete 
| 190|0x0000000710a00000, 0x0000000710b00000, 0x0000000710b00000|100%| E|CS|TAMS 0x0000000710a00000, 0x0000000710a00000| Complete 
| 191|0x0000000710b00000, 0x0000000710c00000, 0x0000000710c00000|100%| E|CS|TAMS 0x0000000710b00000, 0x0000000710b00000| Complete 
| 192|0x0000000710c00000, 0x0000000710d00000, 0x0000000710d00000|100%| E|CS|TAMS 0x0000000710c00000, 0x0000000710c00000| Complete 
| 193|0x0000000710d00000, 0x0000000710e00000, 0x0000000710e00000|100%| E|CS|TAMS 0x0000000710d00000, 0x0000000710d00000| Complete 
| 194|0x0000000710e00000, 0x0000000710f00000, 0x0000000710f00000|100%| E|CS|TAMS 0x0000000710e00000, 0x0000000710e00000| Complete 
| 195|0x0000000710f00000, 0x0000000711000000, 0x0000000711000000|100%| E|CS|TAMS 0x0000000710f00000, 0x0000000710f00000| Complete 
| 196|0x0000000711000000, 0x0000000711100000, 0x0000000711100000|100%| E|CS|TAMS 0x0000000711000000, 0x0000000711000000| Complete 
| 197|0x0000000711100000, 0x0000000711200000, 0x0000000711200000|100%| E|CS|TAMS 0x0000000711100000, 0x0000000711100000| Complete 
| 198|0x0000000711200000, 0x0000000711300000, 0x0000000711300000|100%| E|CS|TAMS 0x0000000711200000, 0x0000000711200000| Complete 
| 199|0x0000000711300000, 0x0000000711400000, 0x0000000711400000|100%| E|CS|TAMS 0x0000000711300000, 0x0000000711300000| Complete 
| 200|0x0000000711400000, 0x0000000711500000, 0x0000000711500000|100%| E|CS|TAMS 0x0000000711400000, 0x0000000711400000| Complete 
| 201|0x0000000711500000, 0x0000000711600000, 0x0000000711600000|100%| E|CS|TAMS 0x0000000711500000, 0x0000000711500000| Complete 
| 202|0x0000000711600000, 0x0000000711700000, 0x0000000711700000|100%| E|CS|TAMS 0x0000000711600000, 0x0000000711600000| Complete 
| 203|0x0000000711700000, 0x0000000711800000, 0x0000000711800000|100%| E|CS|TAMS 0x0000000711700000, 0x0000000711700000| Complete 
| 204|0x0000000711800000, 0x0000000711900000, 0x0000000711900000|100%| E|CS|TAMS 0x0000000711800000, 0x0000000711800000| Complete 
| 205|0x0000000711900000, 0x0000000711a00000, 0x0000000711a00000|100%| E|CS|TAMS 0x0000000711900000, 0x0000000711900000| Complete 
| 206|0x0000000711a00000, 0x0000000711b00000, 0x0000000711b00000|100%| E|CS|TAMS 0x0000000711a00000, 0x0000000711a00000| Complete 
| 207|0x0000000711b00000, 0x0000000711c00000, 0x0000000711c00000|100%| E|CS|TAMS 0x0000000711b00000, 0x0000000711b00000| Complete 
| 208|0x0000000711c00000, 0x0000000711d00000, 0x0000000711d00000|100%| E|CS|TAMS 0x0000000711c00000, 0x0000000711c00000| Complete 
| 209|0x0000000711d00000, 0x0000000711e00000, 0x0000000711e00000|100%| E|CS|TAMS 0x0000000711d00000, 0x0000000711d00000| Complete 
| 210|0x0000000711e00000, 0x0000000711f00000, 0x0000000711f00000|100%| E|CS|TAMS 0x0000000711e00000, 0x0000000711e00000| Complete 
| 211|0x0000000711f00000, 0x0000000712000000, 0x0000000712000000|100%| E|CS|TAMS 0x0000000711f00000, 0x0000000711f00000| Complete 
| 212|0x0000000712000000, 0x0000000712100000, 0x0000000712100000|100%| E|CS|TAMS 0x0000000712000000, 0x0000000712000000| Complete 
| 213|0x0000000712100000, 0x0000000712200000, 0x0000000712200000|100%| E|CS|TAMS 0x0000000712100000, 0x0000000712100000| Complete 
| 214|0x0000000712200000, 0x0000000712300000, 0x0000000712300000|100%| E|CS|TAMS 0x0000000712200000, 0x0000000712200000| Complete 
| 215|0x0000000712300000, 0x0000000712400000, 0x0000000712400000|100%| E|CS|TAMS 0x0000000712300000, 0x0000000712300000| Complete 
| 216|0x0000000712400000, 0x0000000712500000, 0x0000000712500000|100%| E|CS|TAMS 0x0000000712400000, 0x0000000712400000| Complete 
| 217|0x0000000712500000, 0x0000000712600000, 0x0000000712600000|100%| E|CS|TAMS 0x0000000712500000, 0x0000000712500000| Complete 
| 218|0x0000000712600000, 0x0000000712700000, 0x0000000712700000|100%| E|CS|TAMS 0x0000000712600000, 0x0000000712600000| Complete 
| 219|0x0000000712700000, 0x0000000712800000, 0x0000000712800000|100%| E|CS|TAMS 0x0000000712700000, 0x0000000712700000| Complete 
| 220|0x0000000712800000, 0x0000000712900000, 0x0000000712900000|100%| E|CS|TAMS 0x0000000712800000, 0x0000000712800000| Complete 
| 221|0x0000000712900000, 0x0000000712a00000, 0x0000000712a00000|100%| E|CS|TAMS 0x0000000712900000, 0x0000000712900000| Complete 
| 222|0x0000000712a00000, 0x0000000712b00000, 0x0000000712b00000|100%| E|CS|TAMS 0x0000000712a00000, 0x0000000712a00000| Complete 
| 223|0x0000000712b00000, 0x0000000712c00000, 0x0000000712c00000|100%| E|CS|TAMS 0x0000000712b00000, 0x0000000712b00000| Complete 
| 224|0x0000000712c00000, 0x0000000712d00000, 0x0000000712d00000|100%| E|CS|TAMS 0x0000000712c00000, 0x0000000712c00000| Complete 
| 225|0x0000000712d00000, 0x0000000712e00000, 0x0000000712e00000|100%| S|CS|TAMS 0x0000000712d00000, 0x0000000712d00000| Complete 
| 226|0x0000000712e00000, 0x0000000712f00000, 0x0000000712f00000|100%| S|CS|TAMS 0x0000000712e00000, 0x0000000712e00000| Complete 
| 227|0x0000000712f00000, 0x0000000713000000, 0x0000000713000000|100%| S|CS|TAMS 0x0000000712f00000, 0x0000000712f00000| Complete 
| 228|0x0000000713000000, 0x0000000713100000, 0x0000000713100000|100%| E|CS|TAMS 0x0000000713000000, 0x0000000713000000| Complete 
| 229|0x0000000713100000, 0x0000000713200000, 0x0000000713200000|100%| E|CS|TAMS 0x0000000713100000, 0x0000000713100000| Complete 
| 230|0x0000000713200000, 0x0000000713300000, 0x0000000713300000|100%| E|CS|TAMS 0x0000000713200000, 0x0000000713200000| Complete 
| 231|0x0000000713300000, 0x0000000713400000, 0x0000000713400000|100%| E|CS|TAMS 0x0000000713300000, 0x0000000713300000| Complete 
| 232|0x0000000713400000, 0x0000000713500000, 0x0000000713500000|100%| E|CS|TAMS 0x0000000713400000, 0x0000000713400000| Complete 
| 233|0x0000000713500000, 0x0000000713600000, 0x0000000713600000|100%| E|CS|TAMS 0x0000000713500000, 0x0000000713500000| Complete 
| 234|0x0000000713600000, 0x0000000713700000, 0x0000000713700000|100%| E|CS|TAMS 0x0000000713600000, 0x0000000713600000| Complete 
| 235|0x0000000713700000, 0x0000000713800000, 0x0000000713800000|100%| E|CS|TAMS 0x0000000713700000, 0x0000000713700000| Complete 
| 236|0x0000000713800000, 0x0000000713900000, 0x0000000713900000|100%| E|CS|TAMS 0x0000000713800000, 0x0000000713800000| Complete 
| 237|0x0000000713900000, 0x0000000713a00000, 0x0000000713a00000|100%| E|CS|TAMS 0x0000000713900000, 0x0000000713900000| Complete 
| 238|0x0000000713a00000, 0x0000000713b00000, 0x0000000713b00000|100%| E|CS|TAMS 0x0000000713a00000, 0x0000000713a00000| Complete 
| 239|0x0000000713b00000, 0x0000000713c00000, 0x0000000713c00000|100%| E|CS|TAMS 0x0000000713b00000, 0x0000000713b00000| Complete 
| 240|0x0000000713c00000, 0x0000000713d00000, 0x0000000713d00000|100%| E|CS|TAMS 0x0000000713c00000, 0x0000000713c00000| Complete 
| 241|0x0000000713d00000, 0x0000000713e00000, 0x0000000713e00000|100%| E|CS|TAMS 0x0000000713d00000, 0x0000000713d00000| Complete 
| 242|0x0000000713e00000, 0x0000000713f00000, 0x0000000713f00000|100%| E|CS|TAMS 0x0000000713e00000, 0x0000000713e00000| Complete 
| 243|0x0000000713f00000, 0x0000000714000000, 0x0000000714000000|100%| E|CS|TAMS 0x0000000713f00000, 0x0000000713f00000| Complete 
| 244|0x0000000714000000, 0x0000000714100000, 0x0000000714100000|100%| E|CS|TAMS 0x0000000714000000, 0x0000000714000000| Complete 
| 245|0x0000000714100000, 0x0000000714200000, 0x0000000714200000|100%| E|CS|TAMS 0x0000000714100000, 0x0000000714100000| Complete 
| 246|0x0000000714200000, 0x0000000714300000, 0x0000000714300000|100%| E|CS|TAMS 0x0000000714200000, 0x0000000714200000| Complete 
| 247|0x0000000714300000, 0x0000000714400000, 0x0000000714400000|100%| E|CS|TAMS 0x0000000714300000, 0x0000000714300000| Complete 
| 248|0x0000000714400000, 0x0000000714500000, 0x0000000714500000|100%| E|CS|TAMS 0x0000000714400000, 0x0000000714400000| Complete 
| 249|0x0000000714500000, 0x0000000714600000, 0x0000000714600000|100%| E|CS|TAMS 0x0000000714500000, 0x0000000714500000| Complete 
| 250|0x0000000714600000, 0x0000000714700000, 0x0000000714700000|100%| E|CS|TAMS 0x0000000714600000, 0x0000000714600000| Complete 
| 251|0x0000000714700000, 0x0000000714800000, 0x0000000714800000|100%| E|CS|TAMS 0x0000000714700000, 0x0000000714700000| Complete 

Card table byte_map: [0x000001d19fc20000,0x000001d1a0400000] _byte_map_base: 0x000001d19c3fa000

Marking Bits (Prev, Next): (CMBitMap*) 0x000001d1874403d8, (CMBitMap*) 0x000001d187440410
 Prev Bits: [0x000001d1a0be0000, 0x000001d1a4ab0000)
 Next Bits: [0x000001d1a4ab0000, 0x000001d1a8980000)

Polling page: 0x000001d1853b0000

Metaspace:

Usage:
  Non-class:     16.28 MB capacity,    16.07 MB ( 99%) used,   162.24 KB ( <1%) free+waste,    51.56 KB ( <1%) overhead. 
      Class:      2.04 MB capacity,     1.82 MB ( 89%) used,   195.56 KB (  9%) free+waste,    26.56 KB (  1%) overhead. 
       Both:     18.32 MB capacity,    17.89 MB ( 98%) used,   357.80 KB (  2%) free+waste,    78.13 KB ( <1%) overhead. 

Virtual space:
  Non-class space:       18.00 MB reserved,      16.50 MB ( 92%) committed 
      Class space:        1.00 GB reserved,       2.13 MB ( <1%) committed 
             Both:        1.02 GB reserved,      18.63 MB (  2%) committed 

Chunk freelists:
   Non-Class:  36.00 KB
       Class:  24.00 KB
        Both:  60.00 KB

MaxMetaspaceSize: 17179869184.00 GB
CompressedClassSpaceSize: 1.00 GB
Initial GC threshold: 20.80 MB
Current GC threshold: 20.80 MB
CDS: off

CodeHeap 'non-profiled nmethods': size=119168Kb used=840Kb max_used=840Kb free=118327Kb
 bounds [0x000001d197760000, 0x000001d1979d0000, 0x000001d19ebc0000]
CodeHeap 'profiled nmethods': size=119168Kb used=4589Kb max_used=4589Kb free=114578Kb
 bounds [0x000001d190300000, 0x000001d190780000, 0x000001d197760000]
CodeHeap 'non-nmethods': size=7424Kb used=1307Kb max_used=3010Kb free=6116Kb
 bounds [0x000001d18fbc0000, 0x000001d18fec0000, 0x000001d190300000]
 total_blobs=2785 nmethods=2175 adapters=521
 compilation: enabled
              stopped_count=0, restarted_count=0
 full_count=0

Compilation events (20 events):
Event: 90.111 Thread 0x000001d1ac3fe000 nmethod 2168% 0x000001d190769310 code [0x000001d190769c80, 0x000001d19076fbe8]
Event: 90.114 Thread 0x000001d1ad687000 2170       3       sun.nio.cs.UTF_8$Decoder::decodeArrayLoop (691 bytes)
Event: 90.120 Thread 0x000001d1acf5e000 2171       3       java.nio.ByteBuffer::flip (7 bytes)
Event: 90.121 Thread 0x000001d1acf5e000 nmethod 2171 0x000001d190771910 code [0x000001d190771ac0, 0x000001d190771c38]
Event: 90.125 Thread 0x000001d1ad687000 nmethod 2170 0x000001d190771d10 code [0x000001d1907726e0, 0x000001d190778bc8]
Event: 90.209 Thread 0x000001d1ac3f9000 nmethod 2167% 0x000001d19782d610 code [0x000001d19782d860, 0x000001d19782ebf0]
Event: 90.209 Thread 0x000001d1ac3f9000 2172 %     4       sun.nio.cs.UTF_8$Decoder::decodeArrayLoop @ 73 (691 bytes)
Event: 90.264 Thread 0x000001d1ac3f9000 nmethod 2172% 0x000001d19782f510 code [0x000001d19782f7e0, 0x000001d197830930]
Event: 90.881 Thread 0x000001d1ac3f9000 2173       4       java.lang.Thread::onSpinWait (1 bytes)
Event: 90.882 Thread 0x000001d1ac3f9000 nmethod 2173 0x000001d197831510 code [0x000001d1978316a0, 0x000001d1978316d8]
Event: 90.904 Thread 0x000001d1ac3fe000 2174       1       javax.swing.text.CompositeView::getViewCount (5 bytes)
Event: 90.904 Thread 0x000001d1ac3f9000 2175       4       javax.swing.JComponent::getHeight (5 bytes)
Event: 90.904 Thread 0x000001d1ac3fe000 nmethod 2174 0x000001d197831810 code [0x000001d1978319c0, 0x000001d197831a78]
Event: 90.904 Thread 0x000001d1ac3f9000 nmethod 2175 0x000001d197831b10 code [0x000001d197831ca0, 0x000001d197831cf8]
Event: 90.911 Thread 0x000001d1ac3fe000 2176       3       java.lang.Boolean::equals (29 bytes)
Event: 90.911 Thread 0x000001d1ac3fe000 nmethod 2176 0x000001d19077a890 code [0x000001d19077aa60, 0x000001d19077ae38]
Event: 90.916 Thread 0x000001d1ac3fe000 2177       1       java.lang.invoke.StringConcatFactory$Recipe::getElements (5 bytes)
Event: 90.916 Thread 0x000001d1ac3fe000 nmethod 2177 0x000001d197831e10 code [0x000001d197831fc0, 0x000001d197832078]
Event: 90.942 Thread 0x000001d1ac3fe000 2178       3       java.lang.Class::getReflectionFactory (26 bytes)
Event: 90.942 Thread 0x000001d1ac3fe000 nmethod 2178 0x000001d19077af10 code [0x000001d19077b100, 0x000001d19077b4e8]

GC Heap History (2 events):
Event: 41.682 GC heap before
{Heap before GC invocations=0 (full 0):
 garbage-first heap   total 258048K, used 31744K [0x0000000704c00000, 0x0000000800000000)
  region size 1024K, 24 young (24576K), 0 survivors (0K)
 Metaspace       used 17930K, capacity 18383K, committed 18560K, reserved 1064960K
  class space    used 1833K, capacity 2049K, committed 2176K, reserved 1048576K
}
Event: 41.694 GC heap after
{Heap after GC invocations=1 (full 0):
 garbage-first heap   total 258048K, used 10423K [0x0000000704c00000, 0x0000000800000000)
  region size 1024K, 3 young (3072K), 3 survivors (3072K)
 Metaspace       used 17930K, capacity 18383K, committed 18560K, reserved 1064960K
  class space    used 1833K, capacity 2049K, committed 2176K, reserved 1048576K
}

Deoptimization events (20 events):
Event: 90.012 Thread 0x000001d1ad1d7800 Uncommon trap: trap_request=0xffffff4d fr.pc=0x000001d197822bd8 relative=0x0000000000000ff8
Event: 90.012 Thread 0x000001d1ad1d7800 Uncommon trap: reason=unstable_if action=reinterpret pc=0x000001d197822bd8 method=jdk.internal.loader.URLClassPath$FileLoader.findResource(Ljava/lang/String;Z)Ljava/net/URL; @ 8 c2
Event: 90.012 Thread 0x000001d1ad1d7800 DEOPT PACKING pc=0x000001d197822bd8 sp=0x0000005a8a2fa730
Event: 90.012 Thread 0x000001d1ad1d7800 DEOPT UNPACKING pc=0x000001d18fc0a1af sp=0x0000005a8a2fa730 mode 2
Event: 90.040 Thread 0x000001d1ad1d7800 Uncommon trap: trap_request=0xffffff4d fr.pc=0x000001d1978263b8 relative=0x00000000000001d8
Event: 90.040 Thread 0x000001d1ad1d7800 Uncommon trap: reason=unstable_if action=reinterpret pc=0x000001d1978263b8 method=sun.net.www.ParseUtil.firstEncodeIndex(Ljava/lang/String;)I @ 51 c2
Event: 90.040 Thread 0x000001d1ad1d7800 DEOPT PACKING pc=0x000001d1978263b8 sp=0x0000005a8a2fa600
Event: 90.040 Thread 0x000001d1ad1d7800 DEOPT UNPACKING pc=0x000001d18fc0a1af sp=0x0000005a8a2fa500 mode 2
Event: 90.040 Thread 0x000001d1ad1d7800 Uncommon trap: trap_request=0xffffff4d fr.pc=0x000001d197821524 relative=0x0000000000000064
Event: 90.040 Thread 0x000001d1ad1d7800 Uncommon trap: reason=unstable_if action=reinterpret pc=0x000001d197821524 method=sun.net.www.ParseUtil.firstEncodeIndex(Ljava/lang/String;)I @ 51 c2
Event: 90.040 Thread 0x000001d1ad1d7800 DEOPT PACKING pc=0x000001d197821524 sp=0x0000005a8a2fa520
Event: 90.040 Thread 0x000001d1ad1d7800 DEOPT UNPACKING pc=0x000001d18fc0a1af sp=0x0000005a8a2fa448 mode 2
Event: 90.052 Thread 0x000001d1ad1d7800 Uncommon trap: trap_request=0xffffff4d fr.pc=0x000001d19780f774 relative=0x0000000000001074
Event: 90.052 Thread 0x000001d1ad1d7800 Uncommon trap: reason=unstable_if action=reinterpret pc=0x000001d19780f774 method=java.io.WinNTFileSystem.normalize(Ljava/lang/String;)Ljava/lang/String; @ 40 c2
Event: 90.052 Thread 0x000001d1ad1d7800 DEOPT PACKING pc=0x000001d19780f774 sp=0x0000005a8a2fa540
Event: 90.052 Thread 0x000001d1ad1d7800 DEOPT UNPACKING pc=0x000001d18fc0a1af sp=0x0000005a8a2fa518 mode 2
Event: 90.052 Thread 0x000001d1ad1d7800 Uncommon trap: trap_request=0xffffff4d fr.pc=0x000001d197777600 relative=0x0000000000000060
Event: 90.052 Thread 0x000001d1ad1d7800 Uncommon trap: reason=unstable_if action=reinterpret pc=0x000001d197777600 method=java.io.WinNTFileSystem.isSlash(C)Z @ 9 c2
Event: 90.052 Thread 0x000001d1ad1d7800 DEOPT PACKING pc=0x000001d197777600 sp=0x0000005a8a2fa340
Event: 90.052 Thread 0x000001d1ad1d7800 DEOPT UNPACKING pc=0x000001d18fc0a1af sp=0x0000005a8a2fa2c8 mode 2

Classes redefined (0 events):
No events

Internal exceptions (20 events):
Event: 0.713 Thread 0x000001d1873df000 Exception <a 'java/io/FileNotFoundException'{0x00000007141ae230}> (0x00000007141ae230) thrown at [./src/hotspot/share/prims/jni.cpp, line 617]
Event: 0.958 Thread 0x000001d1acd78800 Exception <a 'java/lang/NoSuchMethodError'{0x00000007140806a0}: 'void java.lang.invoke.DirectMethodHandle$Holder.invokeSpecial(java.lang.Object, java.lang.Object)'> (0x00000007140806a0) thrown at [./src/hotspot/share/interpreter/linkResolver.cpp, line 773]
Event: 0.965 Thread 0x000001d1873df000 Exception <a 'java/lang/NoSuchMethodError'{0x0000000714054b40}: 'java.lang.Object java.lang.invoke.DirectMethodHandle$Holder.invokeStatic(java.lang.Object, java.lang.Object, java.lang.Object, java.lang.Object, java.lang.Object, java.lang.Object, java.lang.Object, java.lang.Object, int)'> (0x0000000714054b40) thrown at [./src/hotspot/share/interpreter/linkResolver.cpp, line 773]
Event: 0.967 Thread 0x000001d1873df000 Exception <a 'java/lang/NoSuchMethodError'{0x000000071406eaa0}: 'java.lang.Object java.lang.invoke.DirectMethodHandle$Holder.invokeStatic(java.lang.Object, java.lang.Object, java.lang.Object, java.lang.Object, java.lang.Object, java.lang.Object, java.lang.Object, java.lang.Object, int, int)'> (0x000000071406eaa0) thrown at [./src/hotspot/share/interpreter/linkResolver.cpp, line 773]
Event: 1.600 Thread 0x000001d1873df000 Exception <a 'java/lang/NoSuchMethodError'{0x0000000713d0a6b0}: 'java.lang.Object java.lang.invoke.DirectMethodHandle$Holder.invokeStatic(java.lang.Object, int, java.lang.Object, java.lang.Object, java.lang.Object, java.lang.Object)'> (0x0000000713d0a6b0) thrown at [./src/hotspot/share/interpreter/linkResolver.cpp, line 773]
Event: 1.603 Thread 0x000001d1873df000 Exception <a 'java/lang/NoSuchMethodError'{0x0000000713d11770}: 'java.lang.Object java.lang.invoke.DirectMethodHandle$Holder.invokeStatic(java.lang.Object, int, java.lang.Object, java.lang.Object, java.lang.Object)'> (0x0000000713d11770) thrown at [./src/hotspot/share/interpreter/linkResolver.cpp, line 773]
Event: 1.603 Thread 0x000001d1873df000 Exception <a 'java/lang/NoSuchMethodError'{0x0000000713d152b8}: 'java.lang.Object java.lang.invoke.DirectMethodHandle$Holder.invokeSpecial(java.lang.Object, java.lang.Object, int, java.lang.Object, java.lang.Object, java.lang.Object)'> (0x0000000713d152b8) thrown at [./src/hotspot/share/interpreter/linkResolver.cpp, line 773]
Event: 1.614 Thread 0x000001d1873df000 Exception <a 'java/lang/NoSuchMethodError'{0x0000000713d2cb98}: 'java.lang.Object java.lang.invoke.DirectMethodHandle$Holder.invokeStatic(java.lang.Object, int, java.lang.Object)'> (0x0000000713d2cb98) thrown at [./src/hotspot/share/interpreter/linkResolver.cpp, line 773]
Event: 1.657 Thread 0x000001d1873df000 Exception <a 'java/lang/ClassNotFoundException'{0x0000000713ddaa30}: com/sun/swing/internal/plaf/metal/resources/spi/metalProvider> (0x0000000713ddaa30) thrown at [./src/hotspot/share/classfile/systemDictionary.cpp, line 233]
Event: 1.659 Thread 0x000001d1873df000 Exception <a 'java/lang/ClassNotFoundException'{0x0000000713ddeef0}: com/sun/swing/internal/plaf/basic/resources/spi/basicProvider> (0x0000000713ddeef0) thrown at [./src/hotspot/share/classfile/systemDictionary.cpp, line 233]
Event: 1.892 Thread 0x000001d1acd78800 Exception <a 'java/lang/NoSuchMethodError'{0x000000071408d730}: 'void java.lang.invoke.DirectMethodHandle$Holder.invokeVirtual(java.lang.Object, java.lang.Object)'> (0x000000071408d730) thrown at [./src/hotspot/share/interpreter/linkResolver.cpp, line 773]
Event: 1.956 Thread 0x000001d1873df000 Exception <a 'java/lang/NoSuchMethodError'{0x0000000713cda190}: 'void java.lang.invoke.DirectMethodHandle$Holder.invokeStaticInit(java.lang.Object)'> (0x0000000713cda190) thrown at [./src/hotspot/share/interpreter/linkResolver.cpp, line 773]
Event: 2.049 Thread 0x000001d1873df000 Exception <a 'java/lang/NoSuchMethodError'{0x0000000713be91f8}: 'java.lang.Object java.lang.invoke.DirectMethodHandle$Holder.invokeStatic(java.lang.Object, java.lang.Object, java.lang.Object, java.lang.Object, java.lang.Object, java.lang.Object, java.lang.Object, java.lang.Object, java.lang.Object, java.lang.Object, java.lang.Object, int)'> (0x0000000713be91f8) thrown at [./src/hotspot/share/interpreter/linkResolver.cpp, line 773]
Event: 2.052 Thread 0x000001d1873df000 Exception <a 'java/lang/NoSuchMethodError'{0x0000000713a07ca8}: 'java.lang.Object java.lang.invoke.DirectMethodHandle$Holder.invokeStatic(java.lang.Object, java.lang.Object, java.lang.Object, java.lang.Object, java.lang.Object, java.lang.Object, java.lang.Object, java.lang.Object, java.lang.Object, java.lang.Object, java.lang.Object, int, int)'> (0x0000000713a07ca8) thrown at [./src/hotspot/share/interpreter/linkResolver.cpp, line 773]
Event: 2.054 Thread 0x000001d1873df000 Exception <a 'java/lang/NoSuchMethodError'{0x0000000713a26c40}: 'java.lang.Object java.lang.invoke.DirectMethodHandle$Holder.invokeStatic(java.lang.Object, java.lang.Object, java.lang.Object, java.lang.Object, java.lang.Object, java.lang.Object, java.lang.Object, java.lang.Object, java.lang.Object, java.lang.Object, java.lang.Object, int, int, java.lang.Object)'> (0x0000000713a26c40) thrown at [./src/hotspot/share/interpreter/linkResolver.cpp, line 773]
Event: 2.056 Thread 0x000001d1873df000 Exception <a 'java/lang/NoSuchMethodError'{0x0000000713a32bf0}: 'java.lang.Object java.lang.invoke.Invokers$Holder.linkToTargetMethod(java.lang.Object, int, java.lang.Object)'> (0x0000000713a32bf0) thrown at [./src/hotspot/share/interpreter/linkResolver.cpp, line 773]
Event: 2.123 Thread 0x000001d1873df000 Exception <a 'java/lang/NoSuchMethodError'{0x0000000713ac2a10}: 'java.lang.Object java.lang.invoke.DirectMethodHandle$Holder.invokeStatic(java.lang.Object, java.lang.Object, java.lang.Object, java.lang.Object, java.lang.Object, java.lang.Object, java.lang.Object, java.lang.Object, java.lang.Object, java.lang.Object, java.lang.Object, int, int, java.lang.Object, java.lang.Object)'> (0x0000000713ac2a10) thrown at [./src/hotspot/share/interpreter/linkResolver.cpp, line 773]
Event: 37.983 Thread 0x000001d1ad1d7800 Exception <a 'java/lang/NoSuchMethodError'{0x0000000713419e70}: 'java.lang.Object java.lang.invoke.DirectMethodHandle$Holder.invokeStatic(java.lang.Object, java.lang.Object, java.lang.Object, java.lang.Object, java.lang.Object, java.lang.Object, java.lang.Object, java.lang.Object, java.lang.Object, java.lang.Object, java.lang.Object, java.lang.Object, java.lang.Object, int)'> (0x0000000713419e70) thrown at [./src/hotspot/share/interpreter/linkResolver.cpp, line 773]
Event: 37.985 Thread 0x000001d1ad1d7800 Exception <a 'java/lang/NoSuchMethodError'{0x0000000713426c10}: 'java.lang.Object java.lang.invoke.DirectMethodHandle$Holder.invokeStatic(java.lang.Object, java.lang.Object, java.lang.Object, java.lang.Object, java.lang.Object, java.lang.Object, java.lang.Object, java.lang.Object, java.lang.Object, java.lang.Object, java.lang.Object, java.lang.Object, java.lang.Object, int, int)'> (0x0000000713426c10) thrown at [./src/hotspot/share/interpreter/linkResolver.cpp, line 773]
Event: 37.986 Thread 0x000001d1ad1d7800 Exception <a 'java/lang/NoSuchMethodError'{0x0000000713433568}: 'java.lang.Object java.lang.invoke.DirectMethodHandle$Holder.invokeStatic(java.lang.Object, java.lang.Object, java.lang.Object, java.lang.Object, java.lang.Object, java.lang.Object, java.lang.Object, java.lang.Object, java.lang.Object, java.lang.Object, java.lang.Object, java.lang.Object, java.lang.Object, int, int, java.lang.Object)'> (0x0000000713433568) thrown at [./src/hotspot/share/interpreter/linkResolver.cpp, line 773]

Events (20 events):
Event: 90.049 loading class sun/net/www/protocol/jar/URLJarFile
Event: 90.050 loading class sun/net/www/protocol/jar/URLJarFile done
Event: 90.050 Executing VM operation: Deoptimize
Event: 90.051 Executing VM operation: Deoptimize done
Event: 90.052 loading class sun/net/www/protocol/jar/URLJarFileCallBack
Event: 90.053 loading class sun/net/www/protocol/jar/URLJarFileCallBack done
Event: 90.053 loading class java/util/zip/ZipFile$CleanableResource$FinalizableResource
Event: 90.053 loading class java/util/zip/ZipFile$CleanableResource$FinalizableResource done
Event: 90.055 loading class sun/net/www/protocol/jar/URLJarFile$URLJarFileEntry
Event: 90.055 loading class sun/net/www/protocol/jar/URLJarFile$URLJarFileEntry done
Event: 90.055 loading class sun/net/www/protocol/jar/JarURLConnection$JarURLInputStream
Event: 90.055 loading class sun/net/www/protocol/jar/JarURLConnection$JarURLInputStream done
Event: 90.059 loading class java/util/ArrayList$SubList
Event: 90.059 loading class java/util/ArrayList$SubList done
Event: 90.076 Thread 0x000001d1acf5e000 Thread added: 0x000001d1acf5e000
Event: 90.076 Thread 0x000001d1ad687000 Thread added: 0x000001d1ad687000
Event: 90.881 Thread 0x000001d1ad687000 Thread exited: 0x000001d1ad687000
Event: 90.897 loading class java/util/concurrent/ConcurrentHashMap$KeyIterator
Event: 90.897 loading class java/util/concurrent/ConcurrentHashMap$KeyIterator done
Event: 90.904 Thread 0x000001d1acf5e000 Thread exited: 0x000001d1acf5e000


Dynamic libraries:
0x00007ff79a7f0000 - 0x00007ff79a7fd000 	C:\Program Files\Zulu\zulu1.11.0_17\bin\java.exe
0x00007ff959d70000 - 0x00007ff959f86000 	C:\WINDOWS\SYSTEM32\ntdll.dll
0x00007ff958200000 - 0x00007ff9582c4000 	C:\WINDOWS\System32\KERNEL32.DLL
0x00007ff957480000 - 0x00007ff957827000 	C:\WINDOWS\System32\KERNELBASE.dll
0x00007ff957860000 - 0x00007ff957971000 	C:\WINDOWS\System32\ucrtbase.dll
0x00007ff937cf0000 - 0x00007ff937d05000 	C:\Program Files\Zulu\zulu1.11.0_17\bin\VCRUNTIME140.dll
0x00007ff94aa00000 - 0x00007ff94aa17000 	C:\Program Files\Zulu\zulu1.11.0_17\bin\jli.dll
0x00007ff9593a0000 - 0x00007ff95954e000 	C:\WINDOWS\System32\USER32.dll
0x00007ff957830000 - 0x00007ff957856000 	C:\WINDOWS\System32\win32u.dll
0x00007ff956400000 - 0x00007ff956693000 	C:\WINDOWS\WinSxS\amd64_microsoft.windows.common-controls_6595b64144ccf1df_6.0.22621.3235_none_270f74e173860f98\COMCTL32.dll
0x00007ff9584b0000 - 0x00007ff9584d9000 	C:\WINDOWS\System32\GDI32.dll
0x00007ff957090000 - 0x00007ff9571a9000 	C:\WINDOWS\System32\gdi32full.dll
0x00007ff9598e0000 - 0x00007ff959987000 	C:\WINDOWS\System32\msvcrt.dll
0x00007ff957a00000 - 0x00007ff957a9a000 	C:\WINDOWS\System32\msvcp_win.dll
0x00007ff959c10000 - 0x00007ff959c41000 	C:\WINDOWS\System32\IMM32.DLL
0x00007ff9098e0000 - 0x00007ff90997b000 	C:\Program Files\Zulu\zulu1.11.0_17\bin\msvcp140.dll
0x00007ff92c510000 - 0x00007ff92d0a4000 	C:\Program Files\Zulu\zulu1.11.0_17\bin\server\jvm.dll
0x00007ff959c70000 - 0x00007ff959d22000 	C:\WINDOWS\System32\ADVAPI32.dll
0x00007ff957b80000 - 0x00007ff957c28000 	C:\WINDOWS\System32\sechost.dll
0x00007ff957450000 - 0x00007ff957478000 	C:\WINDOWS\System32\bcrypt.dll
0x00007ff9585e0000 - 0x00007ff9586f5000 	C:\WINDOWS\System32\RPCRT4.dll
0x00007ff957cb0000 - 0x00007ff957cb8000 	C:\WINDOWS\System32\PSAPI.DLL
0x00007ff94dc60000 - 0x00007ff94dc94000 	C:\WINDOWS\SYSTEM32\WINMM.dll
0x00007ff9559c0000 - 0x00007ff9559ca000 	C:\WINDOWS\SYSTEM32\VERSION.dll
0x00007ff92ef20000 - 0x00007ff92ef29000 	C:\WINDOWS\SYSTEM32\WSOCK32.dll
0x00007ff957c30000 - 0x00007ff957ca1000 	C:\WINDOWS\System32\WS2_32.dll
0x00007ff9550b0000 - 0x00007ff9550c8000 	C:\WINDOWS\SYSTEM32\kernel.appcore.dll
0x00007ff92bb90000 - 0x00007ff92bba0000 	C:\Program Files\Zulu\zulu1.11.0_17\bin\verify.dll
0x00007ff956a00000 - 0x00007ff956c33000 	C:\WINDOWS\SYSTEM32\DBGHELP.DLL
0x00007ff959550000 - 0x00007ff9598d8000 	C:\WINDOWS\System32\combase.dll
0x00007ff958360000 - 0x00007ff958437000 	C:\WINDOWS\System32\OLEAUT32.dll
0x00007ff9568a0000 - 0x00007ff9568d2000 	C:\WINDOWS\SYSTEM32\dbgcore.DLL
0x00007ff957980000 - 0x00007ff9579f9000 	C:\WINDOWS\System32\bcryptPrimitives.dll
0x00007ff92bb00000 - 0x00007ff92bb28000 	C:\Program Files\Zulu\zulu1.11.0_17\bin\java.dll
0x00007ff92baf0000 - 0x00007ff92bafa000 	C:\Program Files\Zulu\zulu1.11.0_17\bin\jimage.dll
0x00007ff943f60000 - 0x00007ff943f6e000 	C:\Program Files\Zulu\zulu1.11.0_17\bin\instrument.dll
0x00007ff92bad0000 - 0x00007ff92bae8000 	C:\Program Files\Zulu\zulu1.11.0_17\bin\zip.dll
0x00007ff958720000 - 0x00007ff958f7c000 	C:\WINDOWS\System32\SHELL32.dll
0x00007ff953ea0000 - 0x00007ff954799000 	C:\WINDOWS\SYSTEM32\windows.storage.dll
0x00007ff953d60000 - 0x00007ff953e9e000 	C:\WINDOWS\SYSTEM32\wintypes.dll
0x00007ff9584e0000 - 0x00007ff9585d3000 	C:\WINDOWS\System32\SHCORE.dll
0x00007ff959b40000 - 0x00007ff959b9e000 	C:\WINDOWS\System32\shlwapi.dll
0x00007ff956fc0000 - 0x00007ff956fe1000 	C:\WINDOWS\SYSTEM32\profapi.dll
0x00007ff928140000 - 0x00007ff928159000 	C:\Program Files\Zulu\zulu1.11.0_17\bin\net.dll
0x00007ff9550d0000 - 0x00007ff955206000 	C:\WINDOWS\SYSTEM32\WINHTTP.dll
0x00007ff9555c0000 - 0x00007ff955629000 	C:\WINDOWS\system32\mswsock.dll
0x00007ff928100000 - 0x00007ff928113000 	C:\Program Files\Zulu\zulu1.11.0_17\bin\nio.dll
0x00007ff92d510000 - 0x00007ff92d52a000 	C:\Program Files\JetBrains\IntelliJ IDEA Community Edition 2023.1.4\bin\breakgen64.dll
0x00007ff913b80000 - 0x00007ff913d1a000 	C:\Program Files\Zulu\zulu1.11.0_17\bin\awt.dll
0x00007ff951420000 - 0x00007ff9514b7000 	C:\WINDOWS\SYSTEM32\apphelp.dll
0x00007ff953600000 - 0x00007ff95362b000 	C:\WINDOWS\system32\DWMAPI.DLL
0x00007ff953380000 - 0x00007ff95342b000 	C:\WINDOWS\system32\uxtheme.dll
0x00007ff8e6cf0000 - 0x00007ff8e6df0000 	C:\WINDOWS\system32\opengl32.dll
0x00007ff91def0000 - 0x00007ff91df1d000 	C:\WINDOWS\SYSTEM32\GLU32.dll
0x00007ff953670000 - 0x00007ff9536a9000 	C:\WINDOWS\SYSTEM32\dxcore.dll
0x00007ff959080000 - 0x00007ff9591d3000 	C:\WINDOWS\System32\MSCTF.dll
0x00007ff959990000 - 0x00007ff959b35000 	C:\WINDOWS\System32\ole32.dll
0x00007ff956d50000 - 0x00007ff956d9e000 	C:\WINDOWS\SYSTEM32\cfgmgr32.dll
0x00007ff957220000 - 0x00007ff957387000 	C:\WINDOWS\System32\CRYPT32.dll
0x00007ff957d70000 - 0x00007ff9581e4000 	C:\WINDOWS\System32\SETUPAPI.dll
0x00007ff956da0000 - 0x00007ff956dcc000 	C:\WINDOWS\SYSTEM32\DEVOBJ.dll
0x00007ff9571b0000 - 0x00007ff95721b000 	C:\WINDOWS\System32\WINTRUST.dll
0x00007ff955930000 - 0x00007ff955942000 	C:\WINDOWS\SYSTEM32\MSASN1.dll
0x00007ff93c3a0000 - 0x00007ff940900000 	C:\WINDOWS\System32\DriverStore\FileRepository\iigd_dch.inf_amd64_1eaab7a335a8b421\igc64.dll
0x00007ff8fc850000 - 0x00007ff8fff05000 	C:\WINDOWS\System32\DriverStore\FileRepository\iigd_dch.inf_amd64_1eaab7a335a8b421\igd12dxva64.dll
0x00007ff909310000 - 0x00007ff909393000 	C:\Program Files\Zulu\zulu1.11.0_17\bin\freetype.dll
0x00007ff8d4150000 - 0x00007ff8d4212000 	C:\Program Files\Zulu\zulu1.11.0_17\bin\fontmanager.dll
0x00007ff957cc0000 - 0x00007ff957d70000 	C:\WINDOWS\System32\clbcatq.dll
0x00007ff94f590000 - 0x00007ff94f740000 	C:\WINDOWS\SYSTEM32\WindowsCodecs.dll
0x00007ff91a150000 - 0x00007ff91a1ae000 	C:\WINDOWS\system32\dataexchange.dll
0x00007ff94d820000 - 0x00007ff94daae000 	C:\WINDOWS\system32\twinapi.appcore.dll
0x00007ff94b5c0000 - 0x00007ff94b70a000 	C:\WINDOWS\SYSTEM32\textinputframework.dll
0x00007ff91c810000 - 0x00007ff91c879000 	C:\WINDOWS\system32\Oleacc.dll
0x00007ff950eb0000 - 0x00007ff950fe4000 	C:\WINDOWS\SYSTEM32\CoreMessaging.dll
0x00007ff94c8f0000 - 0x00007ff94cc5c000 	C:\WINDOWS\SYSTEM32\CoreUIComponents.dll
0x00007ff9558e0000 - 0x00007ff9558ec000 	C:\WINDOWS\SYSTEM32\CRYPTBASE.DLL
0x00007ff92d880000 - 0x00007ff92d930000 	C:\WINDOWS\SYSTEM32\TextShaping.dll
0x00007ff90a0f0000 - 0x00007ff90a119000 	C:\Python312\Lib\site-packages\jep\jep.dll
0x00007ff86bf40000 - 0x00007ff86c5fb000 	C:\Python312\python312.dll

dbghelp: loaded successfully - version: 4.0.5 - missing functions: none
symbol engine: initialized successfully - sym options: 0x614 - pdb path: .;C:\Program Files\Zulu\zulu1.11.0_17\bin;C:\WINDOWS\SYSTEM32;C:\WINDOWS\WinSxS\amd64_microsoft.windows.common-controls_6595b64144ccf1df_6.0.22621.3235_none_270f74e173860f98;C:\Program Files\Zulu\zulu1.11.0_17\bin\server;C:\Program Files\JetBrains\IntelliJ IDEA Community Edition 2023.1.4\bin;C:\WINDOWS\System32\DriverStore\FileRepository\iigd_dch.inf_amd64_1eaab7a335a8b421;C:\Python312\Lib\site-packages\jep;C:\Python312

VM Arguments:
jvm_args: -javaagent:C:\Program Files\JetBrains\IntelliJ IDEA Community Edition 2023.1.4\lib\idea_rt.jar=62847:C:\Program Files\JetBrains\IntelliJ IDEA Community Edition 2023.1.4\bin -Dfile.encoding=UTF-8 
java_command: hostExe
java_class_path (initial): C:\Eyelit\openProtocol\HostSimulator\out\production\HostSimulator;C:\Users\tpizzone\.m2\repository\black\ninia\jep\4.2.0\jep-4.2.0.jar;C:\Users\tpizzone\.m2\repository\org\apache\commons\commons-lang3\3.14.0\commons-lang3-3.14.0.jar;C:\Python312\DLLs;C:\Python312\Lib;C:\Python312;C:\Python312\jepLogger;C:\Python312\jepLogger\Lib\site-packages;C:\Users\tpizzone\AppData\Local\JetBrains\IdeaIC2023.1\python_stubs\-1181652064;C:\Users\tpizzone\AppData\Roaming\JetBrains\IdeaIC2023.1\plugins\python-ce\helpers\python-skeletons;C:\Users\tpizzone\AppData\Roaming\JetBrains\IdeaIC2023.1\plugins\python-ce\helpers\typeshed\stdlib;C:\Users\tpizzone\AppData\Roaming\JetBrains\IdeaIC2023.1\plugins\python-ce\helpers\typeshed\stubs\gdb;C:\Users\tpizzone\AppData\Roaming\JetBrains\IdeaIC2023.1\plugins\python-ce\helpers\typeshed\stubs\six;C:\Users\tpizzone\AppData\Roaming\JetBrains\IdeaIC2023.1\plugins\python-ce\helpers\typeshed\stubs\boto;C:\Users\tpizzone\AppData\Roaming\JetBrains\IdeaIC2023.1\plugins\python-ce\helpers\typeshed\stubs\mock;C:\Users\tpizzone\AppData\Roaming\JetBrains\IdeaIC2023.1\plugins\python-ce\helpers\typeshed\stubs\pytz;C:\Users\tpizzone\AppData\Roaming\JetBrains\IdeaIC2023.1\plugins\python-ce\helpers\typeshed\stubs\toml;C:\Users\tpizzone\AppData\Roaming\JetBrains\IdeaIC2023.1\plugins\python-ce\helpers\typeshed\stubs\tqdm;C:\Users\tpizzone\AppData\Roaming\JetBrains\IdeaIC2023.1\plugins\python-ce\helpers\typeshed\stubs\annoy;C:\Users\tpizzone\AppData\Roaming\JetBrains\IdeaIC2023.1\plugins\python-ce\helpers\typeshed\stubs\babel;C:\Users\tpizzone\AppData\Roaming\JetBrains\IdeaIC2023.1\plugins\python-ce\helpers\typeshed\stubs\emoji;C:\Users\tpizzone\AppData\Roaming\JetBrains\IdeaIC2023.1\plugins\python-ce\helpers\typeshed\stubs\first;C:\Users\tpizzone\AppData\Roaming\JetBrains\IdeaIC2023.1\plugins\python-ce\helpers\typeshed\stubs\fpdf2;C:\Users\tpizzone\AppData\Roaming\JetBrains\IdeaIC2023.1\plugins\python-ce\helpers\typeshed\stubs\ldap3;C:\U
Launcher Type: SUN_STANDARD

[Global flags]
     intx CICompilerCount                          = 12                                        {product} {ergonomic}
     uint ConcGCThreads                            = 3                                         {product} {ergonomic}
     uint G1ConcRefinementThreads                  = 13                                        {product} {ergonomic}
   size_t G1HeapRegionSize                         = 1048576                                   {product} {ergonomic}
    uintx GCDrainStackTargetSize                   = 64                                        {product} {ergonomic}
   size_t InitialHeapSize                          = 264241152                                 {product} {ergonomic}
   size_t MarkStackSize                            = 4194304                                   {product} {ergonomic}
   size_t MaxHeapSize                              = 4215275520                                {product} {ergonomic}
   size_t MaxNewSize                               = 2529165312                                {product} {ergonomic}
   size_t MinHeapDeltaBytes                        = 1048576                                   {product} {ergonomic}
    uintx NonNMethodCodeHeapSize                   = 7594288                                {pd product} {ergonomic}
    uintx NonProfiledCodeHeapSize                  = 122031976                              {pd product} {ergonomic}
    uintx ProfiledCodeHeapSize                     = 122031976                              {pd product} {ergonomic}
    uintx ReservedCodeCacheSize                    = 251658240                              {pd product} {ergonomic}
     bool SegmentedCodeCache                       = true                                      {product} {ergonomic}
     bool UseCompressedClassPointers               = true                                 {lp64_product} {ergonomic}
     bool UseCompressedOops                        = true                                 {lp64_product} {ergonomic}
     bool UseG1GC                                  = true                                      {product} {ergonomic}
     bool UseLargePagesIndividualAllocation        = false                                  {pd product} {ergonomic}

Logging:
Log output configuration:
 #0: stdout all=warning uptime,level,tags
 #1: stderr all=off uptime,level,tags

Environment Variables:
JAVA_HOME=C:\Program Files\Zulu\zulu1.11.0_17
PATH=C:\Python312\Scripts\;C:\Python312\;C:\Program Files\Zulu\zulu1.11.0_17\bin;C:\Python312\Lib\site-packages\jep;C:\WINDOWS\system32;C:\Windows\system32;C:\WINDOWS;C:\Windows;C:\Program Files\OpenWebStart;C:\ProgramData\Anaconda3\envs\ai_env\python.exe;C:\WINDOWS\System32\Wbem;C:\WINDOWS\System32\WindowsPowerShell\v1.0\;C:\WINDOWS\System32\OpenSSH\;C:\Program Files\PuTTY\;C:\Program Files\Git\cmd;C:\Users\tpizzone\AppData\Roaming\Python\Python37\Scripts;C:\Program Files (x86)\Microsoft SQL Server\160\DTS\Binn\;C:\Program Files\Azure Data Studio\bin;C:\Program Files\Microsoft SQL Server\Client SDK\ODBC\170\Tools\Binn\;C:\Program Files (x86)\Microsoft SQL Server\150\Tools\Binn\;C:\Program Files\Microsoft SQL Server\150\Tools\Binn\;C:\Program Files\Microsoft SQL Server\150\DTS\Binn\;C:\ProgramData\Anaconda3\envs\opc_ua;C:\Program Files\dotnet\;C:\Program Files\apache-maven-3.9.5\bin;C:\Program Files\nodejs\;C:\ProgramData\chocolatey\bin;C:\Program Files\HP\HP One Agent;C:\ProgramData\Anaconda3\envs\kb_ai\python.exe;C:\Users\tpizzone\AppData\Local\Microsoft\WindowsApps;C:\Program Files\JetBrains\IntelliJ IDEA Community Edition 2023.1.4\bin;;C:\Program Files\JetBrains\PyCharm Community Edition 2022.3.2\bin;;C:\ProgramData\Anaconda3\envs\opc_ua\python.exe;C:\Users\tpizzone\.dotnet\tools;C:\Users\tpizzone\AppData\Roaming\npm;C:\Program Files\JetBrains\WebStorm 2023.3.4\bin;
USERNAME=tpizzone
OS=Windows_NT
PROCESSOR_IDENTIFIER=Intel64 Family 6 Model 154 Stepping 3, GenuineIntel
TMP=C:\Users\tpizzone\AppData\Local\Temp
TEMP=C:\Users\tpizzone\AppData\Local\Temp



---------------  S Y S T E M  ---------------

OS: Windows 11 , 64 bit Build 22621 (10.0.22621.3374)
OS uptime: 8 days 23:51 hours
Hyper-V role detected

CPU:total 16 (initial active 16) (8 cores per cpu, 2 threads per core) family 6 model 154 stepping 3 microcode 0x42c, cmov, cx8, fxsr, mmx, sse, sse2, sse3, ssse3, sse4.1, sse4.2, popcnt, avx, avx2, aes, clmul, erms, 3dnowpref, lzcnt, ht, tsc, tscinvbit, bmi1, bmi2, adx, sha, fma

Memory: 4k page, system-wide physical 16077M (1051M free)
TotalPageFile size 59366M (AvailPageFile size 18211M)
current process WorkingSet (physical memory assigned to process): 252M, peak: 252M
current process commit charge ("private bytes"): 408M, peak: 408M

vm_info: OpenJDK 64-Bit Server VM (11.0.17+8-LTS) for windows-amd64 JRE (Zulu11.60+19-CA) (11.0.17+8-LTS), built on Oct  9 2022 06:13:40 by "zulu_re" with MS VC++ 15.9 (VS2017)

END.
