#
# A fatal error has been detected by the Java Runtime Environment:
#
#  EXCEPTION_ACCESS_VIOLATION (0xc0000005) at pc=0x00007ff86bf5b783, pid=25056, tid=29656
#
# JRE version: OpenJDK Runtime Environment Zulu11.60+19-CA (11.0.17+8) (build 11.0.17+8-LTS)
# Java VM: OpenJDK 64-Bit Server VM Zulu11.60+19-CA (11.0.17+8-LTS, mixed mode, tiered, compressed oops, g1 gc, windows-amd64)
# Problematic frame:
# C  [python312.dll+0x1b783]
#
# No core dump will be written. Minidumps are not enabled by default on client versions of Windows
#
# If you would like to submit a bug report, please visit:
#   http://www.azul.com/support/
# The crash happened outside the Java Virtual Machine in native code.
# See problematic frame for where to report the bug.
#

---------------  S U M M A R Y ------------

Command Line: -javaagent:C:\Program Files\JetBrains\IntelliJ IDEA Community Edition 2023.1.4\lib\idea_rt.jar=63397:C:\Program Files\JetBrains\IntelliJ IDEA Community Edition 2023.1.4\bin -Dfile.encoding=UTF-8 hostExe

Host: 12th Gen Intel(R) Core(TM) i7-1260P, 16 cores, 15G,  Windows 11 , 64 bit Build 22621 (10.0.22621.3374)
Time: Wed May  8 18:12:22 2024 Eastern Daylight Time elapsed time: 77.512015 seconds (0d 0h 1m 17s)

---------------  T H R E A D  ---------------

Current thread (0x000001b8022d8800):  JavaThread "AWT-EventQueue-0" [_thread_in_native, id=29656, stack(0x000000708c800000,0x000000708c900000)]

Stack: [0x000000708c800000,0x000000708c900000],  sp=0x000000708c8fa000,  free space=1000k
Native frames: (J=compiled Java code, j=interpreted, Vv=VM code, C=native code)
C  [python312.dll+0x1b783]

Java frames: (J=compiled Java code, j=interpreted, Vv=VM code)
j  jep.Jep.eval(JLjava/lang/String;)V+0
j  jep.Jep.eval(Ljava/lang/String;)Z+106
j  hostPyLogger.jepLogger(Ljava/lang/String;Ljava/lang/String;)V+136
j  hostExe$2.actionPerformed(Ljava/awt/event/ActionEvent;)V+89
j  javax.swing.AbstractButton.fireActionPerformed(Ljava/awt/event/ActionEvent;)V+83 java.desktop@11.0.17
j  javax.swing.AbstractButton$Handler.actionPerformed(Ljava/awt/event/ActionEvent;)V+5 java.desktop@11.0.17
j  javax.swing.DefaultButtonModel.fireActionPerformed(Ljava/awt/event/ActionEvent;)V+34 java.desktop@11.0.17
j  javax.swing.DefaultButtonModel.setPressed(Z)V+117 java.desktop@11.0.17
j  javax.swing.plaf.basic.BasicButtonListener.mouseReleased(Ljava/awt/event/MouseEvent;)V+35 java.desktop@11.0.17
j  java.awt.Component.processMouseEvent(Ljava/awt/event/MouseEvent;)V+64 java.desktop@11.0.17
j  javax.swing.JComponent.processMouseEvent(Ljava/awt/event/MouseEvent;)V+23 java.desktop@11.0.17
J 1817 c1 java.awt.Component.processEvent(Ljava/awt/AWTEvent;)V java.desktop@11.0.17 (220 bytes) @ 0x000001b864ae1ff4 [0x000001b864ae19a0+0x0000000000000654]
J 1816 c1 java.awt.Container.processEvent(Ljava/awt/AWTEvent;)V java.desktop@11.0.17 (22 bytes) @ 0x000001b864ae14bc [0x000001b864ae1160+0x000000000000035c]
J 1654 c1 java.awt.Component.dispatchEventImpl(Ljava/awt/AWTEvent;)V java.desktop@11.0.17 (777 bytes) @ 0x000001b864a8d4f4 [0x000001b864a89440+0x00000000000040b4]
J 1493 c1 java.awt.Container.dispatchEventImpl(Ljava/awt/AWTEvent;)V java.desktop@11.0.17 (129 bytes) @ 0x000001b864a08d9c [0x000001b864a08c60+0x000000000000013c]
J 1499 c1 java.awt.Component.dispatchEvent(Ljava/awt/AWTEvent;)V java.desktop@11.0.17 (6 bytes) @ 0x000001b864a0b6c4 [0x000001b864a0b5c0+0x0000000000000104]
j  java.awt.LightweightDispatcher.retargetMouseEvent(Ljava/awt/Component;ILjava/awt/event/MouseEvent;)V+349 java.desktop@11.0.17
j  java.awt.LightweightDispatcher.processMouseEvent(Ljava/awt/event/MouseEvent;)Z+155 java.desktop@11.0.17
J 1659 c1 java.awt.LightweightDispatcher.dispatchEvent(Ljava/awt/AWTEvent;)Z java.desktop@11.0.17 (73 bytes) @ 0x000001b864a9408c [0x000001b864a93c20+0x000000000000046c]
J 1493 c1 java.awt.Container.dispatchEventImpl(Ljava/awt/AWTEvent;)V java.desktop@11.0.17 (129 bytes) @ 0x000001b864a08d3c [0x000001b864a08c60+0x00000000000000dc]
J 1652 c1 java.awt.Window.dispatchEventImpl(Ljava/awt/AWTEvent;)V java.desktop@11.0.17 (23 bytes) @ 0x000001b864a86fcc [0x000001b864a869a0+0x000000000000062c]
J 1443 c1 java.awt.EventQueue.dispatchEventImpl(Ljava/awt/AWTEvent;Ljava/lang/Object;)V java.desktop@11.0.17 (136 bytes) @ 0x000001b8649ea0ac [0x000001b8649e9bc0+0x00000000000004ec]
J 1442 c1 java.awt.EventQueue$4.run()Ljava/lang/Void; java.desktop@11.0.17 (60 bytes) @ 0x000001b8649e8644 [0x000001b8649e8500+0x0000000000000144]
J 1441 c1 java.awt.EventQueue$4.run()Ljava/lang/Object; java.desktop@11.0.17 (5 bytes) @ 0x000001b8649e81c4 [0x000001b8649e8140+0x0000000000000084]
v  ~StubRoutines::call_stub
J 1361  java.security.AccessController.doPrivileged(Ljava/security/PrivilegedAction;Ljava/security/AccessControlContext;)Ljava/lang/Object; java.base@11.0.17 (0 bytes) @ 0x000001b86bc36736 [0x000001b86bc366c0+0x0000000000000076]
J 1469 c1 java.awt.EventQueue$5.run()Ljava/lang/Object; java.desktop@11.0.17 (5 bytes) @ 0x000001b8649fec0c [0x000001b8649fe8c0+0x000000000000034c]
v  ~StubRoutines::call_stub
J 1361  java.security.AccessController.doPrivileged(Ljava/security/PrivilegedAction;Ljava/security/AccessControlContext;)Ljava/lang/Object; java.base@11.0.17 (0 bytes) @ 0x000001b86bc36736 [0x000001b86bc366c0+0x0000000000000076]
J 1437 c1 java.awt.EventQueue.dispatchEvent(Ljava/awt/AWTEvent;)V java.desktop@11.0.17 (80 bytes) @ 0x000001b8649e6f7c [0x000001b8649e6420+0x0000000000000b5c]
J 1449 c1 java.awt.EventDispatchThread.pumpOneEventForFilters(I)V java.desktop@11.0.17 (113 bytes) @ 0x000001b8649f1284 [0x000001b8649f0b20+0x0000000000000764]
j  java.awt.EventDispatchThread.pumpEventsForFilter(ILjava/awt/Conditional;Ljava/awt/EventFilter;)V+35 java.desktop@11.0.17
j  java.awt.EventDispatchThread.pumpEventsForHierarchy(ILjava/awt/Conditional;Ljava/awt/Component;)V+11 java.desktop@11.0.17
j  java.awt.EventDispatchThread.pumpEvents(ILjava/awt/Conditional;)V+4 java.desktop@11.0.17
j  java.awt.EventDispatchThread.pumpEvents(Ljava/awt/Conditional;)V+3 java.desktop@11.0.17
j  java.awt.EventDispatchThread.run()V+9 java.desktop@11.0.17
v  ~StubRoutines::call_stub

siginfo: EXCEPTION_ACCESS_VIOLATION (0xc0000005), reading address 0xffffffffffffffff


Register to memory mapping:

RIP=0x00007ff86bf5b783 python312.dll
RAX=0x000029c7cc15c8f1 is an unknown value
RBX=0x8000000000000002 is an unknown value
RCX=0x001101740b720011 is an unknown value
RDX=0x000001b80403a5c0 points into unknown readable memory: 0x026b016401560098 | 98 00 56 01 64 01 6b 02
RSP=0x000000708c8fa000 is pointing into the stack for thread: 0x000001b8022d8800
RBP=0x000000708c8fa290 is pointing into the stack for thread: 0x000001b8022d8800
RSI=0x0000000000000002 is an unknown value
RDI=0x0 is NULL
R8 =0x000001b803ca0260 points into unknown readable memory: 0x000001b80507cdc0 | c0 cd 07 05 b8 01 00 00
R9 =0x8000000000000002 is an unknown value
R10=0x0000000000000017 is an unknown value
R11=0x000001b803ca0260 points into unknown readable memory: 0x000001b80507cdc0 | c0 cd 07 05 b8 01 00 00
R12=0x000001b80403a5c0 points into unknown readable memory: 0x026b016401560098 | 98 00 56 01 64 01 6b 02
R13=0x000001b80160e5e0 points into unknown readable memory: 0x0000000000000000 | 00 00 00 00 00 00 00 00
R14=0x000001b8028c152e points into unknown readable memory: 30 03
R15=0x000001b803ca0270 points into unknown readable memory: 0x00007ff86c458f30 | 30 8f 45 6c f8 7f 00 00


Registers:
RAX=0x000029c7cc15c8f1, RBX=0x8000000000000002, RCX=0x001101740b720011, RDX=0x000001b80403a5c0
RSP=0x000000708c8fa000, RBP=0x000000708c8fa290, RSI=0x0000000000000002, RDI=0x0000000000000000
R8 =0x000001b803ca0260, R9 =0x8000000000000002, R10=0x0000000000000017, R11=0x000001b803ca0260
R12=0x000001b80403a5c0, R13=0x000001b80160e5e0, R14=0x000001b8028c152e, R15=0x000001b803ca0270
RIP=0x00007ff86bf5b783, EFLAGS=0x0000000000010202

Top of Stack: (sp=0x000000708c8fa000)
0x000000708c8fa000:   000001b80237c048 000000708c8fa218
0x000000708c8fa010:   0000000000000000 000001b803ce6290
0x000000708c8fa020:   000001b80160e5e0 00007ff86bfa747a
0x000000708c8fa030:   000001b80160e5e0 000001b8051d9f80
0x000000708c8fa040:   000000708c8fa420 00007ff86bfc2f68
0x000000708c8fa050:   000001b803ca0260 000001b803ca0268
0x000000708c8fa060:   0000000000000002 00007ff86c458f30
0x000000708c8fa070:   000001b803ca0278 000000708c8fa168
0x000000708c8fa080:   00007ff86c579688 0000000000000000
0x000000708c8fa090:   000001b805161ed0 00007ff86bfac6e0
0x000000708c8fa0a0:   0000000000000000 0000000000000000
0x000000708c8fa0b0:   0000000000000000 0000000000000001
0x000000708c8fa0c0:   000001b803ca0278 000001b803ca0268
0x000000708c8fa0d0:   000001b8028c13b8 000001b805161ed0
0x000000708c8fa0e0:   000001b80160e5e0 0000000000000000
0x000000708c8fa0f0:   000001b8030862c0 000029c7cc15c8f1 

Instructions: (pc=0x00007ff86bf5b783)
0x00007ff86bf5b683:   c0 75 39 b8 01 00 00 00 eb cb 48 8d 05 cc 69 04
0x00007ff86bf5b693:   00 4c 3b c0 75 1f f2 0f 10 49 10 0f 57 c0 66 0f
0x00007ff86bf5b6a3:   2e c8 7a 02 74 1a 48 63 c3 48 85 c0 0f 4f c3 48
0x00007ff86bf5b6b3:   83 c4 20 5b c3 41 ff d0 8b c8 eb 90 ff d0 eb 8f
0x00007ff86bf5b6c3:   33 c9 48 63 c1 48 85 c0 0f 4f c3 48 83 c4 20 5b
0x00007ff86bf5b6d3:   c3 cc cc cc cc cc cc cc cc cc cc cc cc 83 39 00
0x00007ff86bf5b6e3:   7c 03 48 ff 09 c3 cc cc cc 48 83 ec 28 48 85 d2
0x00007ff86bf5b6f3:   0f 84 65 50 1a 00 48 83 c4 28 c3 cc cc 48 83 ec
0x00007ff86bf5b703:   38 44 8b 15 6d 5d 5e 00 65 48 8b 04 25 58 00 00
0x00007ff86bf5b713:   00 41 bb 08 00 00 00 4c 89 4c 24 20 4d 8b c8 4c
0x00007ff86bf5b723:   8b c2 48 8b d1 4a 8b 04 d0 49 8b 0c 03 e8 0b 00
0x00007ff86bf5b733:   00 00 48 83 c4 38 c3 cc cc cc cc cc cc 40 53 55
0x00007ff86bf5b743:   56 57 41 54 41 55 41 56 41 57 48 81 ec 08 01 00
0x00007ff86bf5b753:   00 48 8b 05 ad d8 4e 00 48 33 c4 48 89 84 24 f8
0x00007ff86bf5b763:   00 00 00 48 8b bc 24 70 01 00 00 4c 8b e9 48 8b
0x00007ff86bf5b773:   4a 08 49 8b d9 4d 8b d8 4c 89 44 24 50 4c 8b e2
0x00007ff86bf5b783:   f7 81 a8 00 00 00 00 08 00 00 0f 84 b6 01 00 00
0x00007ff86bf5b793:   48 8b 41 38 4c 8b 14 02 4d 85 d2 0f 84 a5 01 00
0x00007ff86bf5b7a3:   00 48 8d 05 e5 ea ff ff 33 f6 4c 3b d0 74 37 48
0x00007ff86bf5b7b3:   8d 05 77 da ff ff 4c 3b d0 0f 84 d2 03 00 00 48
0x00007ff86bf5b7c3:   8d 05 27 61 ff ff 4c 3b d0 0f 84 39 08 00 00 4c
0x00007ff86bf5b7d3:   8b cf 4c 8b c3 49 8b d3 49 8b cc 41 ff d2 48 8b
0x00007ff86bf5b7e3:   f8 e9 20 01 00 00 8b 0d 89 5c 5e 00 65 48 8b 04
0x00007ff86bf5b7f3:   25 58 00 00 00 bd 08 00 00 00 44 8b f5 48 8b 04
0x00007ff86bf5b803:   c8 48 89 84 24 88 00 00 00 48 8b 2c 28 48 85 ff
0x00007ff86bf5b813:   0f 85 7b 13 00 00 49 bf ff ff ff ff ff ff ff 7f
0x00007ff86bf5b823:   49 23 df 0f 85 b6 12 00 00 8b 4d 24 8d 41 ff 89
0x00007ff86bf5b833:   45 24 85 c9 0f 8e dc 12 00 00 49 8b 44 24 10 4c
0x00007ff86bf5b843:   8b 40 08 4d 85 c0 0f 84 e1 12 00 00 f6 40 10 20
0x00007ff86bf5b853:   0f 85 19 4f 1a 00 49 8b 4c 24 18 48 8d 05 3b ec
0x00007ff86bf5b863:   ff ff 4c 3b c0 0f 85 f7 0b 00 00 e8 1d ed ff ff
0x00007ff86bf5b873:   8b d8 c1 eb 05 e8 13 ed ff ff 48 8b 8c 24 88 00 


Stack slot to memory mapping:
stack at sp + 0 slots: 0x000001b80237c048 points into unknown readable memory: 0x000001b80160e5e0 | e0 e5 60 01 b8 01 00 00
stack at sp + 1 slots: 0x000000708c8fa218 is pointing into the stack for thread: 0x000001b8022d8800
stack at sp + 2 slots: 0x0 is NULL
stack at sp + 3 slots: 0x000001b803ce6290 points into unknown readable memory: 0x0000000000000001 | 01 00 00 00 00 00 00 00
stack at sp + 4 slots: 0x000001b80160e5e0 points into unknown readable memory: 0x0000000000000000 | 00 00 00 00 00 00 00 00
stack at sp + 5 slots: 0x00007ff86bfa747a python312.dll
stack at sp + 6 slots: 0x000001b80160e5e0 points into unknown readable memory: 0x0000000000000000 | 00 00 00 00 00 00 00 00
stack at sp + 7 slots: 0x000001b8051d9f80 points into unknown readable memory: 0x0000000000000004 | 04 00 00 00 00 00 00 00


---------------  P R O C E S S  ---------------

Threads class SMR info:
_java_thread_list=0x000001b801355730, length=18, elements={
0x000001b80103d800, 0x000001b801046800, 0x000001b801095800, 0x000001b801096800,
0x000001b80109a000, 0x000001b80109d800, 0x000001b8010aa800, 0x000001b8010d8000,
0x000001b801348800, 0x000001b8017ef000, 0x000001b801833000, 0x000001b801942000,
0x000001b801946800, 0x000001b8022d8800, 0x000001b85a069000, 0x000001b8029af800,
0x000001b80124f800, 0x000001b801250800
}

Java Threads: ( => current thread )
  0x000001b80103d800 JavaThread "Reference Handler" daemon [_thread_blocked, id=23520, stack(0x000000708b600000,0x000000708b700000)]
  0x000001b801046800 JavaThread "Finalizer" daemon [_thread_blocked, id=26044, stack(0x000000708b700000,0x000000708b800000)]
  0x000001b801095800 JavaThread "Signal Dispatcher" daemon [_thread_blocked, id=21424, stack(0x000000708b800000,0x000000708b900000)]
  0x000001b801096800 JavaThread "Attach Listener" daemon [_thread_blocked, id=35432, stack(0x000000708b900000,0x000000708ba00000)]
  0x000001b80109a000 JavaThread "Service Thread" daemon [_thread_blocked, id=44052, stack(0x000000708ba00000,0x000000708bb00000)]
  0x000001b80109d800 JavaThread "C2 CompilerThread0" daemon [_thread_blocked, id=15260, stack(0x000000708bb00000,0x000000708bc00000)]
  0x000001b8010aa800 JavaThread "C1 CompilerThread0" daemon [_thread_blocked, id=40748, stack(0x000000708bc00000,0x000000708bd00000)]
  0x000001b8010d8000 JavaThread "Sweeper thread" daemon [_thread_blocked, id=41288, stack(0x000000708bd00000,0x000000708be00000)]
  0x000001b801348800 JavaThread "Common-Cleaner" daemon [_thread_blocked, id=29348, stack(0x000000708be00000,0x000000708bf00000)]
  0x000001b8017ef000 JavaThread "Monitor Ctrl-Break" daemon [_thread_in_native, id=40708, stack(0x000000708c200000,0x000000708c300000)]
  0x000001b801833000 JavaThread "Java2D Disposer" daemon [_thread_blocked, id=18900, stack(0x000000708c400000,0x000000708c500000)]
  0x000001b801942000 JavaThread "AWT-Shutdown" [_thread_blocked, id=25136, stack(0x000000708c500000,0x000000708c600000)]
  0x000001b801946800 JavaThread "AWT-Windows" daemon [_thread_in_native, id=26952, stack(0x000000708c600000,0x000000708c700000)]
=>0x000001b8022d8800 JavaThread "AWT-EventQueue-0" [_thread_in_native, id=29656, stack(0x000000708c800000,0x000000708c900000)]
  0x000001b85a069000 JavaThread "DestroyJavaVM" [_thread_blocked, id=42356, stack(0x000000708af00000,0x000000708b000000)]
  0x000001b8029af800 JavaThread "TimerQueue" daemon [_thread_blocked, id=39268, stack(0x000000708ca00000,0x000000708cb00000)]
  0x000001b80124f800 JavaThread "pool-1-thread-1" [_thread_blocked, id=28232, stack(0x000000708bf00000,0x000000708c000000)]
  0x000001b801250800 JavaThread "JepMainInterpreter" daemon [_thread_blocked, id=40204, stack(0x000000708c000000,0x000000708c100000)]

Other Threads:
  0x000001b801037000 VMThread "VM Thread" [stack: 0x000000708b500000,0x000000708b600000] [id=22680]
  0x000001b801a51800 WatcherThread [stack: 0x000000708c300000,0x000000708c400000] [id=26720]
  0x000001b85a081800 GCTaskThread "GC Thread#0" [stack: 0x000000708b000000,0x000000708b100000] [id=42048]
  0x000001b80168c800 GCTaskThread "GC Thread#1" [stack: 0x000000708cb00000,0x000000708cc00000] [id=27176]
  0x000001b80319c800 GCTaskThread "GC Thread#2" [stack: 0x000000708cc00000,0x000000708cd00000] [id=31756]
  0x000001b802461000 GCTaskThread "GC Thread#3" [stack: 0x000000708cd00000,0x000000708ce00000] [id=40820]
  0x000001b802296800 GCTaskThread "GC Thread#4" [stack: 0x000000708ce00000,0x000000708cf00000] [id=41956]
  0x000001b802315800 GCTaskThread "GC Thread#5" [stack: 0x000000708cf00000,0x000000708d000000] [id=25944]
  0x000001b802263000 GCTaskThread "GC Thread#6" [stack: 0x000000708d000000,0x000000708d100000] [id=16148]
  0x000001b80228b800 GCTaskThread "GC Thread#7" [stack: 0x000000708d100000,0x000000708d200000] [id=38644]
  0x000001b85a0dc800 ConcurrentGCThread "G1 Main Marker" [stack: 0x000000708b100000,0x000000708b200000] [id=34072]
  0x000001b85a0e0000 ConcurrentGCThread "G1 Conc#0" [stack: 0x000000708b200000,0x000000708b300000] [id=4116]
  0x000001b87f9fc800 ConcurrentGCThread "G1 Refine#0" [stack: 0x000000708b300000,0x000000708b400000] [id=44812]
  0x000001b87f9fe000 ConcurrentGCThread "G1 Young RemSet Sampling" [stack: 0x000000708b400000,0x000000708b500000] [id=23140]

Threads with active compile tasks:

VM state:not at safepoint (normal execution)

VM Mutex/Monitor currently owned by a thread: None

Heap address: 0x0000000704c00000, size: 4020 MB, Compressed Oops mode: Zero based, Oop shift amount: 3
Narrow klass base: 0x0000000800000000, Narrow klass shift: 0
Compressed class space size: 1073741824 Address: 0x0000000800000000

Heap:
 garbage-first heap   total 258048K, used 145657K [0x0000000704c00000, 0x0000000800000000)
  region size 1024K, 136 young (139264K), 3 survivors (3072K)
 Metaspace       used 18271K, capacity 18747K, committed 19072K, reserved 1067008K
  class space    used 1874K, capacity 2106K, committed 2176K, reserved 1048576K
Heap Regions: E=young(eden), S=young(survivor), O=old, HS=humongous(starts), HC=humongous(continues), CS=collection set, F=free, A=archive, TAMS=top-at-mark-start (previous, next)
|   0|0x0000000704c00000, 0x0000000704d00000, 0x0000000704d00000|100%|HS|  |TAMS 0x0000000704c00000, 0x0000000704c00000| Complete 
|   1|0x0000000704d00000, 0x0000000704e00000, 0x0000000704e00000|100%|HC|  |TAMS 0x0000000704d00000, 0x0000000704d00000| Complete 
|   2|0x0000000704e00000, 0x0000000704f00000, 0x0000000704f00000|100%|HS|  |TAMS 0x0000000704e00000, 0x0000000704e00000| Complete 
|   3|0x0000000704f00000, 0x0000000705000000, 0x0000000705000000|100%|HC|  |TAMS 0x0000000704f00000, 0x0000000704f00000| Complete 
|   4|0x0000000705000000, 0x0000000705100000, 0x0000000705100000|100%|HS|  |TAMS 0x0000000705000000, 0x0000000705000000| Complete 
|   5|0x0000000705100000, 0x0000000705200000, 0x0000000705200000|100%|HC|  |TAMS 0x0000000705100000, 0x0000000705100000| Complete 
|   6|0x0000000705200000, 0x0000000705300000, 0x0000000705300000|100%|HC|  |TAMS 0x0000000705200000, 0x0000000705200000| Complete 
|   7|0x0000000705300000, 0x000000070533e600, 0x0000000705400000| 24%| O|  |TAMS 0x0000000705300000, 0x0000000705300000| Untracked 
|   8|0x0000000705400000, 0x0000000705400000, 0x0000000705500000|  0%| F|  |TAMS 0x0000000705400000, 0x0000000705400000| Untracked 
|   9|0x0000000705500000, 0x0000000705500000, 0x0000000705600000|  0%| F|  |TAMS 0x0000000705500000, 0x0000000705500000| Untracked 
|  10|0x0000000705600000, 0x0000000705600000, 0x0000000705700000|  0%| F|  |TAMS 0x0000000705600000, 0x0000000705600000| Untracked 
|  11|0x0000000705700000, 0x0000000705700000, 0x0000000705800000|  0%| F|  |TAMS 0x0000000705700000, 0x0000000705700000| Untracked 
|  12|0x0000000705800000, 0x0000000705800000, 0x0000000705900000|  0%| F|  |TAMS 0x0000000705800000, 0x0000000705800000| Untracked 
|  13|0x0000000705900000, 0x0000000705900000, 0x0000000705a00000|  0%| F|  |TAMS 0x0000000705900000, 0x0000000705900000| Untracked 
|  14|0x0000000705a00000, 0x0000000705a00000, 0x0000000705b00000|  0%| F|  |TAMS 0x0000000705a00000, 0x0000000705a00000| Untracked 
|  15|0x0000000705b00000, 0x0000000705b00000, 0x0000000705c00000|  0%| F|  |TAMS 0x0000000705b00000, 0x0000000705b00000| Untracked 
|  16|0x0000000705c00000, 0x0000000705c00000, 0x0000000705d00000|  0%| F|  |TAMS 0x0000000705c00000, 0x0000000705c00000| Untracked 
|  17|0x0000000705d00000, 0x0000000705d00000, 0x0000000705e00000|  0%| F|  |TAMS 0x0000000705d00000, 0x0000000705d00000| Untracked 
|  18|0x0000000705e00000, 0x0000000705e00000, 0x0000000705f00000|  0%| F|  |TAMS 0x0000000705e00000, 0x0000000705e00000| Untracked 
|  19|0x0000000705f00000, 0x0000000705f00000, 0x0000000706000000|  0%| F|  |TAMS 0x0000000705f00000, 0x0000000705f00000| Untracked 
|  20|0x0000000706000000, 0x0000000706000000, 0x0000000706100000|  0%| F|  |TAMS 0x0000000706000000, 0x0000000706000000| Untracked 
|  21|0x0000000706100000, 0x0000000706100000, 0x0000000706200000|  0%| F|  |TAMS 0x0000000706100000, 0x0000000706100000| Untracked 
|  22|0x0000000706200000, 0x0000000706200000, 0x0000000706300000|  0%| F|  |TAMS 0x0000000706200000, 0x0000000706200000| Untracked 
|  23|0x0000000706300000, 0x0000000706300000, 0x0000000706400000|  0%| F|  |TAMS 0x0000000706300000, 0x0000000706300000| Untracked 
|  24|0x0000000706400000, 0x0000000706400000, 0x0000000706500000|  0%| F|  |TAMS 0x0000000706400000, 0x0000000706400000| Untracked 
|  25|0x0000000706500000, 0x0000000706500000, 0x0000000706600000|  0%| F|  |TAMS 0x0000000706500000, 0x0000000706500000| Untracked 
|  26|0x0000000706600000, 0x0000000706600000, 0x0000000706700000|  0%| F|  |TAMS 0x0000000706600000, 0x0000000706600000| Untracked 
|  27|0x0000000706700000, 0x0000000706700000, 0x0000000706800000|  0%| F|  |TAMS 0x0000000706700000, 0x0000000706700000| Untracked 
|  28|0x0000000706800000, 0x0000000706800000, 0x0000000706900000|  0%| F|  |TAMS 0x0000000706800000, 0x0000000706800000| Untracked 
|  29|0x0000000706900000, 0x0000000706900000, 0x0000000706a00000|  0%| F|  |TAMS 0x0000000706900000, 0x0000000706900000| Untracked 
|  30|0x0000000706a00000, 0x0000000706a00000, 0x0000000706b00000|  0%| F|  |TAMS 0x0000000706a00000, 0x0000000706a00000| Untracked 
|  31|0x0000000706b00000, 0x0000000706b00000, 0x0000000706c00000|  0%| F|  |TAMS 0x0000000706b00000, 0x0000000706b00000| Untracked 
|  32|0x0000000706c00000, 0x0000000706c00000, 0x0000000706d00000|  0%| F|  |TAMS 0x0000000706c00000, 0x0000000706c00000| Untracked 
|  33|0x0000000706d00000, 0x0000000706d00000, 0x0000000706e00000|  0%| F|  |TAMS 0x0000000706d00000, 0x0000000706d00000| Untracked 
|  34|0x0000000706e00000, 0x0000000706e00000, 0x0000000706f00000|  0%| F|  |TAMS 0x0000000706e00000, 0x0000000706e00000| Untracked 
|  35|0x0000000706f00000, 0x0000000706f00000, 0x0000000707000000|  0%| F|  |TAMS 0x0000000706f00000, 0x0000000706f00000| Untracked 
|  36|0x0000000707000000, 0x0000000707000000, 0x0000000707100000|  0%| F|  |TAMS 0x0000000707000000, 0x0000000707000000| Untracked 
|  37|0x0000000707100000, 0x0000000707100000, 0x0000000707200000|  0%| F|  |TAMS 0x0000000707100000, 0x0000000707100000| Untracked 
|  38|0x0000000707200000, 0x0000000707200000, 0x0000000707300000|  0%| F|  |TAMS 0x0000000707200000, 0x0000000707200000| Untracked 
|  39|0x0000000707300000, 0x0000000707300000, 0x0000000707400000|  0%| F|  |TAMS 0x0000000707300000, 0x0000000707300000| Untracked 
|  40|0x0000000707400000, 0x0000000707400000, 0x0000000707500000|  0%| F|  |TAMS 0x0000000707400000, 0x0000000707400000| Untracked 
|  41|0x0000000707500000, 0x0000000707500000, 0x0000000707600000|  0%| F|  |TAMS 0x0000000707500000, 0x0000000707500000| Untracked 
|  42|0x0000000707600000, 0x0000000707600000, 0x0000000707700000|  0%| F|  |TAMS 0x0000000707600000, 0x0000000707600000| Untracked 
|  43|0x0000000707700000, 0x0000000707700000, 0x0000000707800000|  0%| F|  |TAMS 0x0000000707700000, 0x0000000707700000| Untracked 
|  44|0x0000000707800000, 0x0000000707800000, 0x0000000707900000|  0%| F|  |TAMS 0x0000000707800000, 0x0000000707800000| Untracked 
|  45|0x0000000707900000, 0x0000000707900000, 0x0000000707a00000|  0%| F|  |TAMS 0x0000000707900000, 0x0000000707900000| Untracked 
|  46|0x0000000707a00000, 0x0000000707a00000, 0x0000000707b00000|  0%| F|  |TAMS 0x0000000707a00000, 0x0000000707a00000| Untracked 
|  47|0x0000000707b00000, 0x0000000707b00000, 0x0000000707c00000|  0%| F|  |TAMS 0x0000000707b00000, 0x0000000707b00000| Untracked 
|  48|0x0000000707c00000, 0x0000000707c00000, 0x0000000707d00000|  0%| F|  |TAMS 0x0000000707c00000, 0x0000000707c00000| Untracked 
|  49|0x0000000707d00000, 0x0000000707d00000, 0x0000000707e00000|  0%| F|  |TAMS 0x0000000707d00000, 0x0000000707d00000| Untracked 
|  50|0x0000000707e00000, 0x0000000707e00000, 0x0000000707f00000|  0%| F|  |TAMS 0x0000000707e00000, 0x0000000707e00000| Untracked 
|  51|0x0000000707f00000, 0x0000000707f00000, 0x0000000708000000|  0%| F|  |TAMS 0x0000000707f00000, 0x0000000707f00000| Untracked 
|  52|0x0000000708000000, 0x0000000708000000, 0x0000000708100000|  0%| F|  |TAMS 0x0000000708000000, 0x0000000708000000| Untracked 
|  53|0x0000000708100000, 0x0000000708100000, 0x0000000708200000|  0%| F|  |TAMS 0x0000000708100000, 0x0000000708100000| Untracked 
|  54|0x0000000708200000, 0x0000000708200000, 0x0000000708300000|  0%| F|  |TAMS 0x0000000708200000, 0x0000000708200000| Untracked 
|  55|0x0000000708300000, 0x0000000708300000, 0x0000000708400000|  0%| F|  |TAMS 0x0000000708300000, 0x0000000708300000| Untracked 
|  56|0x0000000708400000, 0x0000000708400000, 0x0000000708500000|  0%| F|  |TAMS 0x0000000708400000, 0x0000000708400000| Untracked 
|  57|0x0000000708500000, 0x0000000708500000, 0x0000000708600000|  0%| F|  |TAMS 0x0000000708500000, 0x0000000708500000| Untracked 
|  58|0x0000000708600000, 0x0000000708600000, 0x0000000708700000|  0%| F|  |TAMS 0x0000000708600000, 0x0000000708600000| Untracked 
|  59|0x0000000708700000, 0x0000000708700000, 0x0000000708800000|  0%| F|  |TAMS 0x0000000708700000, 0x0000000708700000| Untracked 
|  60|0x0000000708800000, 0x0000000708800000, 0x0000000708900000|  0%| F|  |TAMS 0x0000000708800000, 0x0000000708800000| Untracked 
|  61|0x0000000708900000, 0x0000000708900000, 0x0000000708a00000|  0%| F|  |TAMS 0x0000000708900000, 0x0000000708900000| Untracked 
|  62|0x0000000708a00000, 0x0000000708a00000, 0x0000000708b00000|  0%| F|  |TAMS 0x0000000708a00000, 0x0000000708a00000| Untracked 
|  63|0x0000000708b00000, 0x0000000708b00000, 0x0000000708c00000|  0%| F|  |TAMS 0x0000000708b00000, 0x0000000708b00000| Untracked 
|  64|0x0000000708c00000, 0x0000000708c00000, 0x0000000708d00000|  0%| F|  |TAMS 0x0000000708c00000, 0x0000000708c00000| Untracked 
|  65|0x0000000708d00000, 0x0000000708d00000, 0x0000000708e00000|  0%| F|  |TAMS 0x0000000708d00000, 0x0000000708d00000| Untracked 
|  66|0x0000000708e00000, 0x0000000708e00000, 0x0000000708f00000|  0%| F|  |TAMS 0x0000000708e00000, 0x0000000708e00000| Untracked 
|  67|0x0000000708f00000, 0x0000000708f00000, 0x0000000709000000|  0%| F|  |TAMS 0x0000000708f00000, 0x0000000708f00000| Untracked 
|  68|0x0000000709000000, 0x0000000709000000, 0x0000000709100000|  0%| F|  |TAMS 0x0000000709000000, 0x0000000709000000| Untracked 
|  69|0x0000000709100000, 0x0000000709100000, 0x0000000709200000|  0%| F|  |TAMS 0x0000000709100000, 0x0000000709100000| Untracked 
|  70|0x0000000709200000, 0x0000000709200000, 0x0000000709300000|  0%| F|  |TAMS 0x0000000709200000, 0x0000000709200000| Untracked 
|  71|0x0000000709300000, 0x0000000709300000, 0x0000000709400000|  0%| F|  |TAMS 0x0000000709300000, 0x0000000709300000| Untracked 
|  72|0x0000000709400000, 0x0000000709400000, 0x0000000709500000|  0%| F|  |TAMS 0x0000000709400000, 0x0000000709400000| Untracked 
|  73|0x0000000709500000, 0x0000000709500000, 0x0000000709600000|  0%| F|  |TAMS 0x0000000709500000, 0x0000000709500000| Untracked 
|  74|0x0000000709600000, 0x0000000709600000, 0x0000000709700000|  0%| F|  |TAMS 0x0000000709600000, 0x0000000709600000| Untracked 
|  75|0x0000000709700000, 0x0000000709700000, 0x0000000709800000|  0%| F|  |TAMS 0x0000000709700000, 0x0000000709700000| Untracked 
|  76|0x0000000709800000, 0x0000000709800000, 0x0000000709900000|  0%| F|  |TAMS 0x0000000709800000, 0x0000000709800000| Untracked 
|  77|0x0000000709900000, 0x0000000709900000, 0x0000000709a00000|  0%| F|  |TAMS 0x0000000709900000, 0x0000000709900000| Untracked 
|  78|0x0000000709a00000, 0x0000000709a00000, 0x0000000709b00000|  0%| F|  |TAMS 0x0000000709a00000, 0x0000000709a00000| Untracked 
|  79|0x0000000709b00000, 0x0000000709b00000, 0x0000000709c00000|  0%| F|  |TAMS 0x0000000709b00000, 0x0000000709b00000| Untracked 
|  80|0x0000000709c00000, 0x0000000709c00000, 0x0000000709d00000|  0%| F|  |TAMS 0x0000000709c00000, 0x0000000709c00000| Untracked 
|  81|0x0000000709d00000, 0x0000000709d00000, 0x0000000709e00000|  0%| F|  |TAMS 0x0000000709d00000, 0x0000000709d00000| Untracked 
|  82|0x0000000709e00000, 0x0000000709e00000, 0x0000000709f00000|  0%| F|  |TAMS 0x0000000709e00000, 0x0000000709e00000| Untracked 
|  83|0x0000000709f00000, 0x0000000709f00000, 0x000000070a000000|  0%| F|  |TAMS 0x0000000709f00000, 0x0000000709f00000| Untracked 
|  84|0x000000070a000000, 0x000000070a000000, 0x000000070a100000|  0%| F|  |TAMS 0x000000070a000000, 0x000000070a000000| Untracked 
|  85|0x000000070a100000, 0x000000070a100000, 0x000000070a200000|  0%| F|  |TAMS 0x000000070a100000, 0x000000070a100000| Untracked 
|  86|0x000000070a200000, 0x000000070a200000, 0x000000070a300000|  0%| F|  |TAMS 0x000000070a200000, 0x000000070a200000| Untracked 
|  87|0x000000070a300000, 0x000000070a300000, 0x000000070a400000|  0%| F|  |TAMS 0x000000070a300000, 0x000000070a300000| Untracked 
|  88|0x000000070a400000, 0x000000070a400000, 0x000000070a500000|  0%| F|  |TAMS 0x000000070a400000, 0x000000070a400000| Untracked 
|  89|0x000000070a500000, 0x000000070a500000, 0x000000070a600000|  0%| F|  |TAMS 0x000000070a500000, 0x000000070a500000| Untracked 
|  90|0x000000070a600000, 0x000000070a600000, 0x000000070a700000|  0%| F|  |TAMS 0x000000070a600000, 0x000000070a600000| Untracked 
|  91|0x000000070a700000, 0x000000070a700000, 0x000000070a800000|  0%| F|  |TAMS 0x000000070a700000, 0x000000070a700000| Untracked 
|  92|0x000000070a800000, 0x000000070a800000, 0x000000070a900000|  0%| F|  |TAMS 0x000000070a800000, 0x000000070a800000| Untracked 
|  93|0x000000070a900000, 0x000000070a900000, 0x000000070aa00000|  0%| F|  |TAMS 0x000000070a900000, 0x000000070a900000| Untracked 
|  94|0x000000070aa00000, 0x000000070aa00000, 0x000000070ab00000|  0%| F|  |TAMS 0x000000070aa00000, 0x000000070aa00000| Untracked 
|  95|0x000000070ab00000, 0x000000070ab00000, 0x000000070ac00000|  0%| F|  |TAMS 0x000000070ab00000, 0x000000070ab00000| Untracked 
|  96|0x000000070ac00000, 0x000000070ac00000, 0x000000070ad00000|  0%| F|  |TAMS 0x000000070ac00000, 0x000000070ac00000| Untracked 
|  97|0x000000070ad00000, 0x000000070ad00000, 0x000000070ae00000|  0%| F|  |TAMS 0x000000070ad00000, 0x000000070ad00000| Untracked 
|  98|0x000000070ae00000, 0x000000070ae00000, 0x000000070af00000|  0%| F|  |TAMS 0x000000070ae00000, 0x000000070ae00000| Untracked 
|  99|0x000000070af00000, 0x000000070af00000, 0x000000070b000000|  0%| F|  |TAMS 0x000000070af00000, 0x000000070af00000| Untracked 
| 100|0x000000070b000000, 0x000000070b000000, 0x000000070b100000|  0%| F|  |TAMS 0x000000070b000000, 0x000000070b000000| Untracked 
| 101|0x000000070b100000, 0x000000070b100000, 0x000000070b200000|  0%| F|  |TAMS 0x000000070b100000, 0x000000070b100000| Untracked 
| 102|0x000000070b200000, 0x000000070b200000, 0x000000070b300000|  0%| F|  |TAMS 0x000000070b200000, 0x000000070b200000| Untracked 
| 103|0x000000070b300000, 0x000000070b300000, 0x000000070b400000|  0%| F|  |TAMS 0x000000070b300000, 0x000000070b300000| Untracked 
| 104|0x000000070b400000, 0x000000070b400000, 0x000000070b500000|  0%| F|  |TAMS 0x000000070b400000, 0x000000070b400000| Untracked 
| 105|0x000000070b500000, 0x000000070b500000, 0x000000070b600000|  0%| F|  |TAMS 0x000000070b500000, 0x000000070b500000| Untracked 
| 106|0x000000070b600000, 0x000000070b600000, 0x000000070b700000|  0%| F|  |TAMS 0x000000070b600000, 0x000000070b600000| Untracked 
| 107|0x000000070b700000, 0x000000070b700000, 0x000000070b800000|  0%| F|  |TAMS 0x000000070b700000, 0x000000070b700000| Untracked 
| 108|0x000000070b800000, 0x000000070b800000, 0x000000070b900000|  0%| F|  |TAMS 0x000000070b800000, 0x000000070b800000| Untracked 
| 109|0x000000070b900000, 0x000000070b900000, 0x000000070ba00000|  0%| F|  |TAMS 0x000000070b900000, 0x000000070b900000| Untracked 
| 110|0x000000070ba00000, 0x000000070ba00000, 0x000000070bb00000|  0%| F|  |TAMS 0x000000070ba00000, 0x000000070ba00000| Untracked 
| 111|0x000000070bb00000, 0x000000070bb00000, 0x000000070bc00000|  0%| F|  |TAMS 0x000000070bb00000, 0x000000070bb00000| Untracked 
| 112|0x000000070bc00000, 0x000000070bc00000, 0x000000070bd00000|  0%| F|  |TAMS 0x000000070bc00000, 0x000000070bc00000| Untracked 
| 113|0x000000070bd00000, 0x000000070bd00000, 0x000000070be00000|  0%| F|  |TAMS 0x000000070bd00000, 0x000000070bd00000| Untracked 
| 114|0x000000070be00000, 0x000000070be00000, 0x000000070bf00000|  0%| F|  |TAMS 0x000000070be00000, 0x000000070be00000| Untracked 
| 115|0x000000070bf00000, 0x000000070bf00000, 0x000000070c000000|  0%| F|  |TAMS 0x000000070bf00000, 0x000000070bf00000| Untracked 
| 116|0x000000070c000000, 0x000000070c100000, 0x000000070c100000|100%| E|  |TAMS 0x000000070c000000, 0x000000070c000000| Complete 
| 117|0x000000070c100000, 0x000000070c200000, 0x000000070c200000|100%| E|CS|TAMS 0x000000070c100000, 0x000000070c100000| Complete 
| 118|0x000000070c200000, 0x000000070c300000, 0x000000070c300000|100%| E|CS|TAMS 0x000000070c200000, 0x000000070c200000| Complete 
| 119|0x000000070c300000, 0x000000070c400000, 0x000000070c400000|100%| E|CS|TAMS 0x000000070c300000, 0x000000070c300000| Complete 
| 120|0x000000070c400000, 0x000000070c500000, 0x000000070c500000|100%| E|CS|TAMS 0x000000070c400000, 0x000000070c400000| Complete 
| 121|0x000000070c500000, 0x000000070c600000, 0x000000070c600000|100%| E|CS|TAMS 0x000000070c500000, 0x000000070c500000| Complete 
| 122|0x000000070c600000, 0x000000070c700000, 0x000000070c700000|100%| E|CS|TAMS 0x000000070c600000, 0x000000070c600000| Complete 
| 123|0x000000070c700000, 0x000000070c800000, 0x000000070c800000|100%| E|CS|TAMS 0x000000070c700000, 0x000000070c700000| Complete 
| 124|0x000000070c800000, 0x000000070c900000, 0x000000070c900000|100%| E|CS|TAMS 0x000000070c800000, 0x000000070c800000| Complete 
| 125|0x000000070c900000, 0x000000070ca00000, 0x000000070ca00000|100%| E|CS|TAMS 0x000000070c900000, 0x000000070c900000| Complete 
| 126|0x000000070ca00000, 0x000000070cb00000, 0x000000070cb00000|100%| E|CS|TAMS 0x000000070ca00000, 0x000000070ca00000| Complete 
| 127|0x000000070cb00000, 0x000000070cc00000, 0x000000070cc00000|100%| E|CS|TAMS 0x000000070cb00000, 0x000000070cb00000| Complete 
| 128|0x000000070cc00000, 0x000000070cd00000, 0x000000070cd00000|100%| E|CS|TAMS 0x000000070cc00000, 0x000000070cc00000| Complete 
| 129|0x000000070cd00000, 0x000000070ce00000, 0x000000070ce00000|100%| E|CS|TAMS 0x000000070cd00000, 0x000000070cd00000| Complete 
| 130|0x000000070ce00000, 0x000000070cf00000, 0x000000070cf00000|100%| E|CS|TAMS 0x000000070ce00000, 0x000000070ce00000| Complete 
| 131|0x000000070cf00000, 0x000000070d000000, 0x000000070d000000|100%| E|CS|TAMS 0x000000070cf00000, 0x000000070cf00000| Complete 
| 132|0x000000070d000000, 0x000000070d100000, 0x000000070d100000|100%| E|CS|TAMS 0x000000070d000000, 0x000000070d000000| Complete 
| 133|0x000000070d100000, 0x000000070d200000, 0x000000070d200000|100%| E|CS|TAMS 0x000000070d100000, 0x000000070d100000| Complete 
| 134|0x000000070d200000, 0x000000070d300000, 0x000000070d300000|100%| E|CS|TAMS 0x000000070d200000, 0x000000070d200000| Complete 
| 135|0x000000070d300000, 0x000000070d400000, 0x000000070d400000|100%| E|CS|TAMS 0x000000070d300000, 0x000000070d300000| Complete 
| 136|0x000000070d400000, 0x000000070d500000, 0x000000070d500000|100%| E|CS|TAMS 0x000000070d400000, 0x000000070d400000| Complete 
| 137|0x000000070d500000, 0x000000070d600000, 0x000000070d600000|100%| E|CS|TAMS 0x000000070d500000, 0x000000070d500000| Complete 
| 138|0x000000070d600000, 0x000000070d700000, 0x000000070d700000|100%| E|CS|TAMS 0x000000070d600000, 0x000000070d600000| Complete 
| 139|0x000000070d700000, 0x000000070d800000, 0x000000070d800000|100%| E|CS|TAMS 0x000000070d700000, 0x000000070d700000| Complete 
| 140|0x000000070d800000, 0x000000070d900000, 0x000000070d900000|100%| E|CS|TAMS 0x000000070d800000, 0x000000070d800000| Complete 
| 141|0x000000070d900000, 0x000000070da00000, 0x000000070da00000|100%| E|CS|TAMS 0x000000070d900000, 0x000000070d900000| Complete 
| 142|0x000000070da00000, 0x000000070db00000, 0x000000070db00000|100%| E|CS|TAMS 0x000000070da00000, 0x000000070da00000| Complete 
| 143|0x000000070db00000, 0x000000070dc00000, 0x000000070dc00000|100%| E|CS|TAMS 0x000000070db00000, 0x000000070db00000| Complete 
| 144|0x000000070dc00000, 0x000000070dd00000, 0x000000070dd00000|100%| E|CS|TAMS 0x000000070dc00000, 0x000000070dc00000| Complete 
| 145|0x000000070dd00000, 0x000000070de00000, 0x000000070de00000|100%| E|CS|TAMS 0x000000070dd00000, 0x000000070dd00000| Complete 
| 146|0x000000070de00000, 0x000000070df00000, 0x000000070df00000|100%| E|CS|TAMS 0x000000070de00000, 0x000000070de00000| Complete 
| 147|0x000000070df00000, 0x000000070e000000, 0x000000070e000000|100%| E|CS|TAMS 0x000000070df00000, 0x000000070df00000| Complete 
| 148|0x000000070e000000, 0x000000070e100000, 0x000000070e100000|100%| E|CS|TAMS 0x000000070e000000, 0x000000070e000000| Complete 
| 149|0x000000070e100000, 0x000000070e200000, 0x000000070e200000|100%| E|CS|TAMS 0x000000070e100000, 0x000000070e100000| Complete 
| 150|0x000000070e200000, 0x000000070e300000, 0x000000070e300000|100%| E|CS|TAMS 0x000000070e200000, 0x000000070e200000| Complete 
| 151|0x000000070e300000, 0x000000070e400000, 0x000000070e400000|100%| E|CS|TAMS 0x000000070e300000, 0x000000070e300000| Complete 
| 152|0x000000070e400000, 0x000000070e500000, 0x000000070e500000|100%| E|CS|TAMS 0x000000070e400000, 0x000000070e400000| Complete 
| 153|0x000000070e500000, 0x000000070e600000, 0x000000070e600000|100%| E|CS|TAMS 0x000000070e500000, 0x000000070e500000| Complete 
| 154|0x000000070e600000, 0x000000070e700000, 0x000000070e700000|100%| E|CS|TAMS 0x000000070e600000, 0x000000070e600000| Complete 
| 155|0x000000070e700000, 0x000000070e800000, 0x000000070e800000|100%| E|CS|TAMS 0x000000070e700000, 0x000000070e700000| Complete 
| 156|0x000000070e800000, 0x000000070e900000, 0x000000070e900000|100%| E|CS|TAMS 0x000000070e800000, 0x000000070e800000| Complete 
| 157|0x000000070e900000, 0x000000070ea00000, 0x000000070ea00000|100%| E|CS|TAMS 0x000000070e900000, 0x000000070e900000| Complete 
| 158|0x000000070ea00000, 0x000000070eb00000, 0x000000070eb00000|100%| E|CS|TAMS 0x000000070ea00000, 0x000000070ea00000| Complete 
| 159|0x000000070eb00000, 0x000000070ec00000, 0x000000070ec00000|100%| E|CS|TAMS 0x000000070eb00000, 0x000000070eb00000| Complete 
| 160|0x000000070ec00000, 0x000000070ed00000, 0x000000070ed00000|100%| E|CS|TAMS 0x000000070ec00000, 0x000000070ec00000| Complete 
| 161|0x000000070ed00000, 0x000000070ee00000, 0x000000070ee00000|100%| E|CS|TAMS 0x000000070ed00000, 0x000000070ed00000| Complete 
| 162|0x000000070ee00000, 0x000000070ef00000, 0x000000070ef00000|100%| E|CS|TAMS 0x000000070ee00000, 0x000000070ee00000| Complete 
| 163|0x000000070ef00000, 0x000000070f000000, 0x000000070f000000|100%| E|CS|TAMS 0x000000070ef00000, 0x000000070ef00000| Complete 
| 164|0x000000070f000000, 0x000000070f100000, 0x000000070f100000|100%| E|CS|TAMS 0x000000070f000000, 0x000000070f000000| Complete 
| 165|0x000000070f100000, 0x000000070f200000, 0x000000070f200000|100%| E|CS|TAMS 0x000000070f100000, 0x000000070f100000| Complete 
| 166|0x000000070f200000, 0x000000070f300000, 0x000000070f300000|100%| E|CS|TAMS 0x000000070f200000, 0x000000070f200000| Complete 
| 167|0x000000070f300000, 0x000000070f400000, 0x000000070f400000|100%| E|CS|TAMS 0x000000070f300000, 0x000000070f300000| Complete 
| 168|0x000000070f400000, 0x000000070f500000, 0x000000070f500000|100%| E|CS|TAMS 0x000000070f400000, 0x000000070f400000| Complete 
| 169|0x000000070f500000, 0x000000070f600000, 0x000000070f600000|100%| E|CS|TAMS 0x000000070f500000, 0x000000070f500000| Complete 
| 170|0x000000070f600000, 0x000000070f700000, 0x000000070f700000|100%| E|CS|TAMS 0x000000070f600000, 0x000000070f600000| Complete 
| 171|0x000000070f700000, 0x000000070f800000, 0x000000070f800000|100%| E|CS|TAMS 0x000000070f700000, 0x000000070f700000| Complete 
| 172|0x000000070f800000, 0x000000070f900000, 0x000000070f900000|100%| E|CS|TAMS 0x000000070f800000, 0x000000070f800000| Complete 
| 173|0x000000070f900000, 0x000000070fa00000, 0x000000070fa00000|100%| E|CS|TAMS 0x000000070f900000, 0x000000070f900000| Complete 
| 174|0x000000070fa00000, 0x000000070fb00000, 0x000000070fb00000|100%| E|CS|TAMS 0x000000070fa00000, 0x000000070fa00000| Complete 
| 175|0x000000070fb00000, 0x000000070fc00000, 0x000000070fc00000|100%| E|CS|TAMS 0x000000070fb00000, 0x000000070fb00000| Complete 
| 176|0x000000070fc00000, 0x000000070fd00000, 0x000000070fd00000|100%| E|CS|TAMS 0x000000070fc00000, 0x000000070fc00000| Complete 
| 177|0x000000070fd00000, 0x000000070fe00000, 0x000000070fe00000|100%| E|CS|TAMS 0x000000070fd00000, 0x000000070fd00000| Complete 
| 178|0x000000070fe00000, 0x000000070ff00000, 0x000000070ff00000|100%| E|CS|TAMS 0x000000070fe00000, 0x000000070fe00000| Complete 
| 179|0x000000070ff00000, 0x0000000710000000, 0x0000000710000000|100%| E|CS|TAMS 0x000000070ff00000, 0x000000070ff00000| Complete 
| 180|0x0000000710000000, 0x0000000710100000, 0x0000000710100000|100%| E|CS|TAMS 0x0000000710000000, 0x0000000710000000| Complete 
| 181|0x0000000710100000, 0x0000000710200000, 0x0000000710200000|100%| E|CS|TAMS 0x0000000710100000, 0x0000000710100000| Complete 
| 182|0x0000000710200000, 0x0000000710300000, 0x0000000710300000|100%| E|CS|TAMS 0x0000000710200000, 0x0000000710200000| Complete 
| 183|0x0000000710300000, 0x0000000710400000, 0x0000000710400000|100%| E|CS|TAMS 0x0000000710300000, 0x0000000710300000| Complete 
| 184|0x0000000710400000, 0x0000000710500000, 0x0000000710500000|100%| E|CS|TAMS 0x0000000710400000, 0x0000000710400000| Complete 
| 185|0x0000000710500000, 0x0000000710600000, 0x0000000710600000|100%| E|CS|TAMS 0x0000000710500000, 0x0000000710500000| Complete 
| 186|0x0000000710600000, 0x0000000710700000, 0x0000000710700000|100%| E|CS|TAMS 0x0000000710600000, 0x0000000710600000| Complete 
| 187|0x0000000710700000, 0x0000000710800000, 0x0000000710800000|100%| E|CS|TAMS 0x0000000710700000, 0x0000000710700000| Complete 
| 188|0x0000000710800000, 0x0000000710900000, 0x0000000710900000|100%| E|CS|TAMS 0x0000000710800000, 0x0000000710800000| Complete 
| 189|0x0000000710900000, 0x0000000710a00000, 0x0000000710a00000|100%| E|CS|TAMS 0x0000000710900000, 0x0000000710900000| Complete 
| 190|0x0000000710a00000, 0x0000000710b00000, 0x0000000710b00000|100%| E|CS|TAMS 0x0000000710a00000, 0x0000000710a00000| Complete 
| 191|0x0000000710b00000, 0x0000000710c00000, 0x0000000710c00000|100%| E|CS|TAMS 0x0000000710b00000, 0x0000000710b00000| Complete 
| 192|0x0000000710c00000, 0x0000000710d00000, 0x0000000710d00000|100%| E|CS|TAMS 0x0000000710c00000, 0x0000000710c00000| Complete 
| 193|0x0000000710d00000, 0x0000000710e00000, 0x0000000710e00000|100%| E|CS|TAMS 0x0000000710d00000, 0x0000000710d00000| Complete 
| 194|0x0000000710e00000, 0x0000000710f00000, 0x0000000710f00000|100%| E|CS|TAMS 0x0000000710e00000, 0x0000000710e00000| Complete 
| 195|0x0000000710f00000, 0x0000000711000000, 0x0000000711000000|100%| E|CS|TAMS 0x0000000710f00000, 0x0000000710f00000| Complete 
| 196|0x0000000711000000, 0x0000000711100000, 0x0000000711100000|100%| E|CS|TAMS 0x0000000711000000, 0x0000000711000000| Complete 
| 197|0x0000000711100000, 0x0000000711200000, 0x0000000711200000|100%| E|CS|TAMS 0x0000000711100000, 0x0000000711100000| Complete 
| 198|0x0000000711200000, 0x0000000711300000, 0x0000000711300000|100%| E|CS|TAMS 0x0000000711200000, 0x0000000711200000| Complete 
| 199|0x0000000711300000, 0x0000000711400000, 0x0000000711400000|100%| E|CS|TAMS 0x0000000711300000, 0x0000000711300000| Complete 
| 200|0x0000000711400000, 0x0000000711500000, 0x0000000711500000|100%| E|CS|TAMS 0x0000000711400000, 0x0000000711400000| Complete 
| 201|0x0000000711500000, 0x0000000711600000, 0x0000000711600000|100%| E|CS|TAMS 0x0000000711500000, 0x0000000711500000| Complete 
| 202|0x0000000711600000, 0x0000000711700000, 0x0000000711700000|100%| E|CS|TAMS 0x0000000711600000, 0x0000000711600000| Complete 
| 203|0x0000000711700000, 0x0000000711800000, 0x0000000711800000|100%| E|CS|TAMS 0x0000000711700000, 0x0000000711700000| Complete 
| 204|0x0000000711800000, 0x0000000711900000, 0x0000000711900000|100%| E|CS|TAMS 0x0000000711800000, 0x0000000711800000| Complete 
| 205|0x0000000711900000, 0x0000000711a00000, 0x0000000711a00000|100%| E|CS|TAMS 0x0000000711900000, 0x0000000711900000| Complete 
| 206|0x0000000711a00000, 0x0000000711b00000, 0x0000000711b00000|100%| E|CS|TAMS 0x0000000711a00000, 0x0000000711a00000| Complete 
| 207|0x0000000711b00000, 0x0000000711c00000, 0x0000000711c00000|100%| E|CS|TAMS 0x0000000711b00000, 0x0000000711b00000| Complete 
| 208|0x0000000711c00000, 0x0000000711d00000, 0x0000000711d00000|100%| E|CS|TAMS 0x0000000711c00000, 0x0000000711c00000| Complete 
| 209|0x0000000711d00000, 0x0000000711e00000, 0x0000000711e00000|100%| E|CS|TAMS 0x0000000711d00000, 0x0000000711d00000| Complete 
| 210|0x0000000711e00000, 0x0000000711f00000, 0x0000000711f00000|100%| E|CS|TAMS 0x0000000711e00000, 0x0000000711e00000| Complete 
| 211|0x0000000711f00000, 0x0000000712000000, 0x0000000712000000|100%| E|CS|TAMS 0x0000000711f00000, 0x0000000711f00000| Complete 
| 212|0x0000000712000000, 0x0000000712100000, 0x0000000712100000|100%| E|CS|TAMS 0x0000000712000000, 0x0000000712000000| Complete 
| 213|0x0000000712100000, 0x0000000712200000, 0x0000000712200000|100%| E|CS|TAMS 0x0000000712100000, 0x0000000712100000| Complete 
| 214|0x0000000712200000, 0x0000000712300000, 0x0000000712300000|100%| E|CS|TAMS 0x0000000712200000, 0x0000000712200000| Complete 
| 215|0x0000000712300000, 0x0000000712400000, 0x0000000712400000|100%| E|CS|TAMS 0x0000000712300000, 0x0000000712300000| Complete 
| 216|0x0000000712400000, 0x0000000712500000, 0x0000000712500000|100%| E|CS|TAMS 0x0000000712400000, 0x0000000712400000| Complete 
| 217|0x0000000712500000, 0x0000000712600000, 0x0000000712600000|100%| E|CS|TAMS 0x0000000712500000, 0x0000000712500000| Complete 
| 218|0x0000000712600000, 0x0000000712700000, 0x0000000712700000|100%| E|CS|TAMS 0x0000000712600000, 0x0000000712600000| Complete 
| 219|0x0000000712700000, 0x0000000712800000, 0x0000000712800000|100%| E|CS|TAMS 0x0000000712700000, 0x0000000712700000| Complete 
| 220|0x0000000712800000, 0x0000000712900000, 0x0000000712900000|100%| E|CS|TAMS 0x0000000712800000, 0x0000000712800000| Complete 
| 221|0x0000000712900000, 0x0000000712a00000, 0x0000000712a00000|100%| E|CS|TAMS 0x0000000712900000, 0x0000000712900000| Complete 
| 222|0x0000000712a00000, 0x0000000712b00000, 0x0000000712b00000|100%| E|CS|TAMS 0x0000000712a00000, 0x0000000712a00000| Complete 
| 223|0x0000000712b00000, 0x0000000712c00000, 0x0000000712c00000|100%| E|CS|TAMS 0x0000000712b00000, 0x0000000712b00000| Complete 
| 224|0x0000000712c00000, 0x0000000712d00000, 0x0000000712d00000|100%| E|CS|TAMS 0x0000000712c00000, 0x0000000712c00000| Complete 
| 225|0x0000000712d00000, 0x0000000712e00000, 0x0000000712e00000|100%| S|CS|TAMS 0x0000000712d00000, 0x0000000712d00000| Complete 
| 226|0x0000000712e00000, 0x0000000712f00000, 0x0000000712f00000|100%| S|CS|TAMS 0x0000000712e00000, 0x0000000712e00000| Complete 
| 227|0x0000000712f00000, 0x0000000713000000, 0x0000000713000000|100%| S|CS|TAMS 0x0000000712f00000, 0x0000000712f00000| Complete 
| 228|0x0000000713000000, 0x0000000713100000, 0x0000000713100000|100%| E|CS|TAMS 0x0000000713000000, 0x0000000713000000| Complete 
| 229|0x0000000713100000, 0x0000000713200000, 0x0000000713200000|100%| E|CS|TAMS 0x0000000713100000, 0x0000000713100000| Complete 
| 230|0x0000000713200000, 0x0000000713300000, 0x0000000713300000|100%| E|CS|TAMS 0x0000000713200000, 0x0000000713200000| Complete 
| 231|0x0000000713300000, 0x0000000713400000, 0x0000000713400000|100%| E|CS|TAMS 0x0000000713300000, 0x0000000713300000| Complete 
| 232|0x0000000713400000, 0x0000000713500000, 0x0000000713500000|100%| E|CS|TAMS 0x0000000713400000, 0x0000000713400000| Complete 
| 233|0x0000000713500000, 0x0000000713600000, 0x0000000713600000|100%| E|CS|TAMS 0x0000000713500000, 0x0000000713500000| Complete 
| 234|0x0000000713600000, 0x0000000713700000, 0x0000000713700000|100%| E|CS|TAMS 0x0000000713600000, 0x0000000713600000| Complete 
| 235|0x0000000713700000, 0x0000000713800000, 0x0000000713800000|100%| E|CS|TAMS 0x0000000713700000, 0x0000000713700000| Complete 
| 236|0x0000000713800000, 0x0000000713900000, 0x0000000713900000|100%| E|CS|TAMS 0x0000000713800000, 0x0000000713800000| Complete 
| 237|0x0000000713900000, 0x0000000713a00000, 0x0000000713a00000|100%| E|CS|TAMS 0x0000000713900000, 0x0000000713900000| Complete 
| 238|0x0000000713a00000, 0x0000000713b00000, 0x0000000713b00000|100%| E|CS|TAMS 0x0000000713a00000, 0x0000000713a00000| Complete 
| 239|0x0000000713b00000, 0x0000000713c00000, 0x0000000713c00000|100%| E|CS|TAMS 0x0000000713b00000, 0x0000000713b00000| Complete 
| 240|0x0000000713c00000, 0x0000000713d00000, 0x0000000713d00000|100%| E|CS|TAMS 0x0000000713c00000, 0x0000000713c00000| Complete 
| 241|0x0000000713d00000, 0x0000000713e00000, 0x0000000713e00000|100%| E|CS|TAMS 0x0000000713d00000, 0x0000000713d00000| Complete 
| 242|0x0000000713e00000, 0x0000000713f00000, 0x0000000713f00000|100%| E|CS|TAMS 0x0000000713e00000, 0x0000000713e00000| Complete 
| 243|0x0000000713f00000, 0x0000000714000000, 0x0000000714000000|100%| E|CS|TAMS 0x0000000713f00000, 0x0000000713f00000| Complete 
| 244|0x0000000714000000, 0x0000000714100000, 0x0000000714100000|100%| E|CS|TAMS 0x0000000714000000, 0x0000000714000000| Complete 
| 245|0x0000000714100000, 0x0000000714200000, 0x0000000714200000|100%| E|CS|TAMS 0x0000000714100000, 0x0000000714100000| Complete 
| 246|0x0000000714200000, 0x0000000714300000, 0x0000000714300000|100%| E|CS|TAMS 0x0000000714200000, 0x0000000714200000| Complete 
| 247|0x0000000714300000, 0x0000000714400000, 0x0000000714400000|100%| E|CS|TAMS 0x0000000714300000, 0x0000000714300000| Complete 
| 248|0x0000000714400000, 0x0000000714500000, 0x0000000714500000|100%| E|CS|TAMS 0x0000000714400000, 0x0000000714400000| Complete 
| 249|0x0000000714500000, 0x0000000714600000, 0x0000000714600000|100%| E|CS|TAMS 0x0000000714500000, 0x0000000714500000| Complete 
| 250|0x0000000714600000, 0x0000000714700000, 0x0000000714700000|100%| E|CS|TAMS 0x0000000714600000, 0x0000000714600000| Complete 
| 251|0x0000000714700000, 0x0000000714800000, 0x0000000714800000|100%| E|CS|TAMS 0x0000000714700000, 0x0000000714700000| Complete 

Card table byte_map: [0x000001b8747d0000,0x000001b874fb0000] _byte_map_base: 0x000001b870faa000

Marking Bits (Prev, Next): (CMBitMap*) 0x000001b85a0cc288, (CMBitMap*) 0x000001b85a0cc2c0
 Prev Bits: [0x000001b875790000, 0x000001b879660000)
 Next Bits: [0x000001b879660000, 0x000001b87d530000)

Polling page: 0x000001b85b8d0000

Metaspace:

Usage:
  Non-class:     16.25 MB capacity,    16.01 MB ( 99%) used,   189.65 KB (  1%) free+waste,    53.81 KB ( <1%) overhead. 
      Class:      2.06 MB capacity,     1.83 MB ( 89%) used,   203.93 KB ( 10%) free+waste,    27.69 KB (  1%) overhead. 
       Both:     18.31 MB capacity,    17.84 MB ( 97%) used,   393.58 KB (  2%) free+waste,    81.50 KB ( <1%) overhead. 

Virtual space:
  Non-class space:       18.00 MB reserved,      16.50 MB ( 92%) committed 
      Class space:        1.00 GB reserved,       2.13 MB ( <1%) committed 
             Both:        1.02 GB reserved,      18.63 MB (  2%) committed 

Chunk freelists:
   Non-Class:  63.00 KB
       Class:  6.00 KB
        Both:  69.00 KB

MaxMetaspaceSize: 17179869184.00 GB
CompressedClassSpaceSize: 1.00 GB
Initial GC threshold: 20.80 MB
Current GC threshold: 20.80 MB
CDS: off

CodeHeap 'non-profiled nmethods': size=119168Kb used=912Kb max_used=912Kb free=118255Kb
 bounds [0x000001b86bbc0000, 0x000001b86be30000, 0x000001b873020000]
CodeHeap 'profiled nmethods': size=119168Kb used=4384Kb max_used=4384Kb free=114783Kb
 bounds [0x000001b864760000, 0x000001b864bb0000, 0x000001b86bbc0000]
CodeHeap 'non-nmethods': size=7424Kb used=1311Kb max_used=3014Kb free=6112Kb
 bounds [0x000001b864020000, 0x000001b8643a0000, 0x000001b864760000]
 total_blobs=2738 nmethods=2129 adapters=521
 compilation: enabled
              stopped_count=0, restarted_count=0
 full_count=0

Compilation events (20 events):
Event: 76.842 Thread 0x000001b8010aa800 nmethod 2123 0x000001b864b9df10 code [0x000001b864b9e0c0, 0x000001b864b9e238]
Event: 76.843 Thread 0x000001b801762800 2124       3       sun.nio.cs.UTF_8$Decoder::decodeArrayLoop (691 bytes)
Event: 76.849 Thread 0x000001b801762800 nmethod 2124 0x000001b864b9e310 code [0x000001b864b9ece0, 0x000001b864ba51c8]
Event: 76.905 Thread 0x000001b80109d800 nmethod 2119 0x000001b86bc9df10 code [0x000001b86bc9e160, 0x000001b86bca01b0]
Event: 76.905 Thread 0x000001b80109d800 2125 %     4       sun.nio.cs.UTF_8$Decoder::decodeArrayLoop @ 73 (691 bytes)
Event: 76.958 Thread 0x000001b80109d800 nmethod 2125% 0x000001b86bca1210 code [0x000001b86bca14e0, 0x000001b86bca2630]
Event: 77.399 Thread 0x000001b80109d800 2126       4       java.lang.Thread::onSpinWait (1 bytes)
Event: 77.400 Thread 0x000001b80109d800 nmethod 2126 0x000001b86bca3210 code [0x000001b86bca33a0, 0x000001b86bca33d8]
Event: 77.426 Thread 0x000001b8010aa800 2127       1       java.lang.invoke.StringConcatFactory$Recipe::getElements (5 bytes)
Event: 77.427 Thread 0x000001b8010aa800 nmethod 2127 0x000001b86bca3510 code [0x000001b86bca36c0, 0x000001b86bca3778]
Event: 77.431 Thread 0x000001b8010aa800 2128       3       java.awt.EventQueue::coalesceMouseEvent (44 bytes)
Event: 77.431 Thread 0x000001b80109d800 2129       4       java.util.concurrent.locks.ReentrantLock::unlock (10 bytes)
Event: 77.432 Thread 0x000001b8010aa800 nmethod 2128 0x000001b864ba6e90 code [0x000001b864ba7080, 0x000001b864ba74e8]
Event: 77.433 Thread 0x000001b80109d800 nmethod 2129 0x000001b86bca3810 code [0x000001b86bca39c0, 0x000001b86bca3b28]
Event: 77.433 Thread 0x000001b80109d800 2130       4       java.util.concurrent.locks.ReentrantLock::lock (9 bytes)
Event: 77.436 Thread 0x000001b80109d800 nmethod 2130 0x000001b86bca3c90 code [0x000001b86bca3e40, 0x000001b86bca4088]
Event: 77.461 Thread 0x000001b8010aa800 2131       3       java.lang.Class::getReflectionFactory (26 bytes)
Event: 77.461 Thread 0x000001b8010aa800 nmethod 2131 0x000001b864ba7690 code [0x000001b864ba7880, 0x000001b864ba7c68]
Event: 77.499 Thread 0x000001b8010aa800 2132       3       java.nio.ByteBuffer::arrayOffset (35 bytes)
Event: 77.499 Thread 0x000001b8010aa800 nmethod 2132 0x000001b864ba7d90 code [0x000001b864ba7f60, 0x000001b864ba81d8]

GC Heap History (2 events):
Event: 34.989 GC heap before
{Heap before GC invocations=0 (full 0):
 garbage-first heap   total 258048K, used 30720K [0x0000000704c00000, 0x0000000800000000)
  region size 1024K, 24 young (24576K), 0 survivors (0K)
 Metaspace       used 17883K, capacity 18374K, committed 18560K, reserved 1064960K
  class space    used 1841K, capacity 2067K, committed 2176K, reserved 1048576K
}
Event: 34.998 GC heap after
{Heap after GC invocations=1 (full 0):
 garbage-first heap   total 258048K, used 10489K [0x0000000704c00000, 0x0000000800000000)
  region size 1024K, 3 young (3072K), 3 survivors (3072K)
 Metaspace       used 17883K, capacity 18374K, committed 18560K, reserved 1064960K
  class space    used 1841K, capacity 2067K, committed 2176K, reserved 1048576K
}

Deoptimization events (20 events):
Event: 76.805 Thread 0x000001b8022d8800 Uncommon trap: trap_request=0xffffff4d fr.pc=0x000001b86bc91be8 relative=0x00000000000001e8
Event: 76.805 Thread 0x000001b8022d8800 Uncommon trap: reason=unstable_if action=reinterpret pc=0x000001b86bc91be8 method=sun.net.www.ParseUtil.firstEncodeIndex(Ljava/lang/String;)I @ 51 c2
Event: 76.805 Thread 0x000001b8022d8800 DEOPT PACKING pc=0x000001b86bc91be8 sp=0x000000708c8fa810
Event: 76.805 Thread 0x000001b8022d8800 DEOPT UNPACKING pc=0x000001b86406a1af sp=0x000000708c8fa710 mode 2
Event: 76.805 Thread 0x000001b8022d8800 Uncommon trap: trap_request=0xffffff4d fr.pc=0x000001b86bc8f7b0 relative=0x0000000000000070
Event: 76.805 Thread 0x000001b8022d8800 Uncommon trap: reason=unstable_if action=reinterpret pc=0x000001b86bc8f7b0 method=sun.net.www.ParseUtil.firstEncodeIndex(Ljava/lang/String;)I @ 51 c2
Event: 76.805 Thread 0x000001b8022d8800 DEOPT PACKING pc=0x000001b86bc8f7b0 sp=0x000000708c8fa730
Event: 76.805 Thread 0x000001b8022d8800 DEOPT UNPACKING pc=0x000001b86406a1af sp=0x000000708c8fa658 mode 2
Event: 76.809 Thread 0x000001b8022d8800 Uncommon trap: trap_request=0xffffff4d fr.pc=0x000001b86bc834b8 relative=0x0000000000000fb8
Event: 76.809 Thread 0x000001b8022d8800 Uncommon trap: reason=unstable_if action=reinterpret pc=0x000001b86bc834b8 method=java.io.WinNTFileSystem.normalize(Ljava/lang/String;)Ljava/lang/String; @ 40 c2
Event: 76.809 Thread 0x000001b8022d8800 DEOPT PACKING pc=0x000001b86bc834b8 sp=0x000000708c8fa750
Event: 76.809 Thread 0x000001b8022d8800 DEOPT UNPACKING pc=0x000001b86406a1af sp=0x000000708c8fa728 mode 2
Event: 76.809 Thread 0x000001b8022d8800 Uncommon trap: trap_request=0xffffff4d fr.pc=0x000001b86bbd3b80 relative=0x0000000000000060
Event: 76.809 Thread 0x000001b8022d8800 Uncommon trap: reason=unstable_if action=reinterpret pc=0x000001b86bbd3b80 method=java.io.WinNTFileSystem.isSlash(C)Z @ 9 c2
Event: 76.809 Thread 0x000001b8022d8800 DEOPT PACKING pc=0x000001b86bbd3b80 sp=0x000000708c8fa550
Event: 76.810 Thread 0x000001b8022d8800 DEOPT UNPACKING pc=0x000001b86406a1af sp=0x000000708c8fa4d8 mode 2
Event: 77.427 Thread 0x000001b8022d8800 Uncommon trap: trap_request=0xffffff4d fr.pc=0x000001b86bc4a4f0 relative=0x0000000000002130
Event: 77.427 Thread 0x000001b8022d8800 Uncommon trap: reason=unstable_if action=reinterpret pc=0x000001b86bc4a4f0 method=java.lang.ref.SoftReference.get()Ljava/lang/Object; @ 17 c2
Event: 77.427 Thread 0x000001b8022d8800 DEOPT PACKING pc=0x000001b86bc4a4f0 sp=0x000000708c8fa930
Event: 77.427 Thread 0x000001b8022d8800 DEOPT UNPACKING pc=0x000001b86406a1af sp=0x000000708c8fa880 mode 2

Classes redefined (0 events):
No events

Internal exceptions (20 events):
Event: 0.920 Thread 0x000001b85a069000 Exception <a 'java/lang/NoSuchMethodError'{0x000000071415ea08}: 'java.lang.Object java.lang.invoke.DirectMethodHandle$Holder.invokeStatic(java.lang.Object, java.lang.Object, java.lang.Object, java.lang.Object, java.lang.Object, java.lang.Object, java.lang.Object, java.lang.Object, int)'> (0x000000071415ea08) thrown at [./src/hotspot/share/interpreter/linkResolver.cpp, line 773]
Event: 0.924 Thread 0x000001b85a069000 Exception <a 'java/lang/NoSuchMethodError'{0x0000000714178968}: 'java.lang.Object java.lang.invoke.DirectMethodHandle$Holder.invokeStatic(java.lang.Object, java.lang.Object, java.lang.Object, java.lang.Object, java.lang.Object, java.lang.Object, java.lang.Object, java.lang.Object, int, int)'> (0x0000000714178968) thrown at [./src/hotspot/share/interpreter/linkResolver.cpp, line 773]
Event: 1.526 Thread 0x000001b85a069000 Exception <a 'java/lang/NoSuchMethodError'{0x0000000713e9d9d8}: 'java.lang.Object java.lang.invoke.DirectMethodHandle$Holder.invokeStatic(java.lang.Object, int, java.lang.Object, java.lang.Object, java.lang.Object, java.lang.Object)'> (0x0000000713e9d9d8) thrown at [./src/hotspot/share/interpreter/linkResolver.cpp, line 773]
Event: 1.526 Thread 0x000001b85a069000 Exception <a 'java/lang/NoSuchMethodError'{0x0000000713ea4a98}: 'java.lang.Object java.lang.invoke.DirectMethodHandle$Holder.invokeStatic(java.lang.Object, int, java.lang.Object, java.lang.Object, java.lang.Object)'> (0x0000000713ea4a98) thrown at [./src/hotspot/share/interpreter/linkResolver.cpp, line 773]
Event: 1.527 Thread 0x000001b85a069000 Exception <a 'java/lang/NoSuchMethodError'{0x0000000713ea85e0}: 'java.lang.Object java.lang.invoke.DirectMethodHandle$Holder.invokeSpecial(java.lang.Object, java.lang.Object, int, java.lang.Object, java.lang.Object, java.lang.Object)'> (0x0000000713ea85e0) thrown at [./src/hotspot/share/interpreter/linkResolver.cpp, line 773]
Event: 1.536 Thread 0x000001b85a069000 Exception <a 'java/lang/NoSuchMethodError'{0x0000000713ebfec0}: 'java.lang.Object java.lang.invoke.DirectMethodHandle$Holder.invokeStatic(java.lang.Object, int, java.lang.Object)'> (0x0000000713ebfec0) thrown at [./src/hotspot/share/interpreter/linkResolver.cpp, line 773]
Event: 1.586 Thread 0x000001b85a069000 Exception <a 'java/lang/ClassNotFoundException'{0x0000000713d6e428}: com/sun/swing/internal/plaf/metal/resources/spi/metalProvider> (0x0000000713d6e428) thrown at [./src/hotspot/share/classfile/systemDictionary.cpp, line 233]
Event: 1.587 Thread 0x000001b85a069000 Exception <a 'java/lang/ClassNotFoundException'{0x0000000713d728e8}: com/sun/swing/internal/plaf/basic/resources/spi/basicProvider> (0x0000000713d728e8) thrown at [./src/hotspot/share/classfile/systemDictionary.cpp, line 233]
Event: 1.600 Thread 0x000001b85a069000 Implicit null exception at 0x000001b86bbff5f8 to 0x000001b86bbff68a
Event: 1.648 Thread 0x000001b85a069000 Implicit null exception at 0x000001b86bc018af to 0x000001b86bc01929
Event: 1.837 Thread 0x000001b801946800 Exception <a 'java/lang/NoSuchMethodError'{0x000000071418d6f8}: 'void java.lang.invoke.DirectMethodHandle$Holder.invokeVirtual(java.lang.Object, java.lang.Object)'> (0x000000071418d6f8) thrown at [./src/hotspot/share/interpreter/linkResolver.cpp, line 773]
Event: 1.880 Thread 0x000001b85a069000 Exception <a 'java/lang/NoSuchMethodError'{0x0000000713c6daf0}: 'void java.lang.invoke.DirectMethodHandle$Holder.invokeStaticInit(java.lang.Object)'> (0x0000000713c6daf0) thrown at [./src/hotspot/share/interpreter/linkResolver.cpp, line 773]
Event: 1.961 Thread 0x000001b85a069000 Exception <a 'java/lang/NoSuchMethodError'{0x0000000713bee0c8}: 'java.lang.Object java.lang.invoke.DirectMethodHandle$Holder.invokeStatic(java.lang.Object, java.lang.Object, java.lang.Object, java.lang.Object, java.lang.Object, java.lang.Object, java.lang.Object, java.lang.Object, java.lang.Object, java.lang.Object, java.lang.Object, int)'> (0x0000000713bee0c8) thrown at [./src/hotspot/share/interpreter/linkResolver.cpp, line 773]
Event: 1.963 Thread 0x000001b85a069000 Exception <a 'java/lang/NoSuchMethodError'{0x0000000713a0cf60}: 'java.lang.Object java.lang.invoke.DirectMethodHandle$Holder.invokeStatic(java.lang.Object, java.lang.Object, java.lang.Object, java.lang.Object, java.lang.Object, java.lang.Object, java.lang.Object, java.lang.Object, java.lang.Object, java.lang.Object, java.lang.Object, int, int)'> (0x0000000713a0cf60) thrown at [./src/hotspot/share/interpreter/linkResolver.cpp, line 773]
Event: 1.966 Thread 0x000001b85a069000 Exception <a 'java/lang/NoSuchMethodError'{0x0000000713a2bef8}: 'java.lang.Object java.lang.invoke.DirectMethodHandle$Holder.invokeStatic(java.lang.Object, java.lang.Object, java.lang.Object, java.lang.Object, java.lang.Object, java.lang.Object, java.lang.Object, java.lang.Object, java.lang.Object, java.lang.Object, java.lang.Object, int, int, java.lang.Object)'> (0x0000000713a2bef8) thrown at [./src/hotspot/share/interpreter/linkResolver.cpp, line 773]
Event: 1.968 Thread 0x000001b85a069000 Exception <a 'java/lang/NoSuchMethodError'{0x0000000713a37ea8}: 'java.lang.Object java.lang.invoke.Invokers$Holder.linkToTargetMethod(java.lang.Object, int, java.lang.Object)'> (0x0000000713a37ea8) thrown at [./src/hotspot/share/interpreter/linkResolver.cpp, line 773]
Event: 2.044 Thread 0x000001b85a069000 Exception <a 'java/lang/NoSuchMethodError'{0x0000000713ac7ce8}: 'java.lang.Object java.lang.invoke.DirectMethodHandle$Holder.invokeStatic(java.lang.Object, java.lang.Object, java.lang.Object, java.lang.Object, java.lang.Object, java.lang.Object, java.lang.Object, java.lang.Object, java.lang.Object, java.lang.Object, java.lang.Object, int, int, java.lang.Object, java.lang.Object)'> (0x0000000713ac7ce8) thrown at [./src/hotspot/share/interpreter/linkResolver.cpp, line 773]
Event: 30.314 Thread 0x000001b8022d8800 Exception <a 'java/lang/NoSuchMethodError'{0x00000007136c3308}: 'java.lang.Object java.lang.invoke.DirectMethodHandle$Holder.invokeStatic(java.lang.Object, java.lang.Object, java.lang.Object, java.lang.Object, java.lang.Object, java.lang.Object, java.lang.Object, java.lang.Object, java.lang.Object, java.lang.Object, java.lang.Object, java.lang.Object, java.lang.Object, int)'> (0x00000007136c3308) thrown at [./src/hotspot/share/interpreter/linkResolver.cpp, line 773]
Event: 30.315 Thread 0x000001b8022d8800 Exception <a 'java/lang/NoSuchMethodError'{0x00000007136d00a8}: 'java.lang.Object java.lang.invoke.DirectMethodHandle$Holder.invokeStatic(java.lang.Object, java.lang.Object, java.lang.Object, java.lang.Object, java.lang.Object, java.lang.Object, java.lang.Object, java.lang.Object, java.lang.Object, java.lang.Object, java.lang.Object, java.lang.Object, java.lang.Object, int, int)'> (0x00000007136d00a8) thrown at [./src/hotspot/share/interpreter/linkResolver.cpp, line 773]
Event: 30.316 Thread 0x000001b8022d8800 Exception <a 'java/lang/NoSuchMethodError'{0x00000007136dca00}: 'java.lang.Object java.lang.invoke.DirectMethodHandle$Holder.invokeStatic(java.lang.Object, java.lang.Object, java.lang.Object, java.lang.Object, java.lang.Object, java.lang.Object, java.lang.Object, java.lang.Object, java.lang.Object, java.lang.Object, java.lang.Object, java.lang.Object, java.lang.Object, int, int, java.lang.Object)'> (0x00000007136dca00) thrown at [./src/hotspot/share/interpreter/linkResolver.cpp, line 773]

Events (20 events):
Event: 76.808 loading class sun/net/www/MessageHeader
Event: 76.808 loading class sun/net/www/MessageHeader done
Event: 76.808 loading class sun/net/www/protocol/jar/URLJarFile
Event: 76.808 loading class sun/net/www/protocol/jar/URLJarFile done
Event: 76.808 Executing VM operation: Deoptimize
Event: 76.809 Executing VM operation: Deoptimize done
Event: 76.810 loading class sun/net/www/protocol/jar/URLJarFileCallBack
Event: 76.810 loading class sun/net/www/protocol/jar/URLJarFileCallBack done
Event: 76.810 loading class java/util/zip/ZipFile$CleanableResource$FinalizableResource
Event: 76.810 loading class java/util/zip/ZipFile$CleanableResource$FinalizableResource done
Event: 76.811 loading class sun/net/www/protocol/jar/URLJarFile$URLJarFileEntry
Event: 76.812 loading class sun/net/www/protocol/jar/URLJarFile$URLJarFileEntry done
Event: 76.812 loading class sun/net/www/protocol/jar/JarURLConnection$JarURLInputStream
Event: 76.812 loading class sun/net/www/protocol/jar/JarURLConnection$JarURLInputStream done
Event: 76.812 loading class java/util/ArrayList$SubList
Event: 76.813 loading class java/util/ArrayList$SubList done
Event: 76.814 Thread 0x000001b801762800 Thread added: 0x000001b801762800
Event: 77.399 Thread 0x000001b801762800 Thread exited: 0x000001b801762800
Event: 77.419 loading class java/util/concurrent/ConcurrentHashMap$KeyIterator
Event: 77.420 loading class java/util/concurrent/ConcurrentHashMap$KeyIterator done


Dynamic libraries:
0x00007ff79a7f0000 - 0x00007ff79a7fd000 	C:\Program Files\Zulu\zulu1.11.0_17\bin\java.exe
0x00007ff959d70000 - 0x00007ff959f86000 	C:\WINDOWS\SYSTEM32\ntdll.dll
0x00007ff958200000 - 0x00007ff9582c4000 	C:\WINDOWS\System32\KERNEL32.DLL
0x00007ff957480000 - 0x00007ff957827000 	C:\WINDOWS\System32\KERNELBASE.dll
0x00007ff957860000 - 0x00007ff957971000 	C:\WINDOWS\System32\ucrtbase.dll
0x00007ff937cf0000 - 0x00007ff937d05000 	C:\Program Files\Zulu\zulu1.11.0_17\bin\VCRUNTIME140.dll
0x00007ff94aa00000 - 0x00007ff94aa17000 	C:\Program Files\Zulu\zulu1.11.0_17\bin\jli.dll
0x00007ff9593a0000 - 0x00007ff95954e000 	C:\WINDOWS\System32\USER32.dll
0x00007ff956400000 - 0x00007ff956693000 	C:\WINDOWS\WinSxS\amd64_microsoft.windows.common-controls_6595b64144ccf1df_6.0.22621.3235_none_270f74e173860f98\COMCTL32.dll
0x00007ff957830000 - 0x00007ff957856000 	C:\WINDOWS\System32\win32u.dll
0x00007ff9598e0000 - 0x00007ff959987000 	C:\WINDOWS\System32\msvcrt.dll
0x00007ff9584b0000 - 0x00007ff9584d9000 	C:\WINDOWS\System32\GDI32.dll
0x00007ff957090000 - 0x00007ff9571a9000 	C:\WINDOWS\System32\gdi32full.dll
0x00007ff957a00000 - 0x00007ff957a9a000 	C:\WINDOWS\System32\msvcp_win.dll
0x00007ff959c10000 - 0x00007ff959c41000 	C:\WINDOWS\System32\IMM32.DLL
0x00007ff9098e0000 - 0x00007ff90997b000 	C:\Program Files\Zulu\zulu1.11.0_17\bin\msvcp140.dll
0x00007ff92c510000 - 0x00007ff92d0a4000 	C:\Program Files\Zulu\zulu1.11.0_17\bin\server\jvm.dll
0x00007ff959c70000 - 0x00007ff959d22000 	C:\WINDOWS\System32\ADVAPI32.dll
0x00007ff957b80000 - 0x00007ff957c28000 	C:\WINDOWS\System32\sechost.dll
0x00007ff957450000 - 0x00007ff957478000 	C:\WINDOWS\System32\bcrypt.dll
0x00007ff9585e0000 - 0x00007ff9586f5000 	C:\WINDOWS\System32\RPCRT4.dll
0x00007ff957cb0000 - 0x00007ff957cb8000 	C:\WINDOWS\System32\PSAPI.DLL
0x00007ff92ef20000 - 0x00007ff92ef29000 	C:\WINDOWS\SYSTEM32\WSOCK32.dll
0x00007ff9559c0000 - 0x00007ff9559ca000 	C:\WINDOWS\SYSTEM32\VERSION.dll
0x00007ff957c30000 - 0x00007ff957ca1000 	C:\WINDOWS\System32\WS2_32.dll
0x00007ff94dc60000 - 0x00007ff94dc94000 	C:\WINDOWS\SYSTEM32\WINMM.dll
0x00007ff9550b0000 - 0x00007ff9550c8000 	C:\WINDOWS\SYSTEM32\kernel.appcore.dll
0x00007ff92bb90000 - 0x00007ff92bba0000 	C:\Program Files\Zulu\zulu1.11.0_17\bin\verify.dll
0x00007ff956a00000 - 0x00007ff956c33000 	C:\WINDOWS\SYSTEM32\DBGHELP.DLL
0x00007ff959550000 - 0x00007ff9598d8000 	C:\WINDOWS\System32\combase.dll
0x00007ff958360000 - 0x00007ff958437000 	C:\WINDOWS\System32\OLEAUT32.dll
0x00007ff9568a0000 - 0x00007ff9568d2000 	C:\WINDOWS\SYSTEM32\dbgcore.DLL
0x00007ff957980000 - 0x00007ff9579f9000 	C:\WINDOWS\System32\bcryptPrimitives.dll
0x00007ff92bb00000 - 0x00007ff92bb28000 	C:\Program Files\Zulu\zulu1.11.0_17\bin\java.dll
0x00007ff92baf0000 - 0x00007ff92bafa000 	C:\Program Files\Zulu\zulu1.11.0_17\bin\jimage.dll
0x00007ff943f60000 - 0x00007ff943f6e000 	C:\Program Files\Zulu\zulu1.11.0_17\bin\instrument.dll
0x00007ff92bad0000 - 0x00007ff92bae8000 	C:\Program Files\Zulu\zulu1.11.0_17\bin\zip.dll
0x00007ff958720000 - 0x00007ff958f7c000 	C:\WINDOWS\System32\SHELL32.dll
0x00007ff953ea0000 - 0x00007ff954799000 	C:\WINDOWS\SYSTEM32\windows.storage.dll
0x00007ff953d60000 - 0x00007ff953e9e000 	C:\WINDOWS\SYSTEM32\wintypes.dll
0x00007ff9584e0000 - 0x00007ff9585d3000 	C:\WINDOWS\System32\SHCORE.dll
0x00007ff959b40000 - 0x00007ff959b9e000 	C:\WINDOWS\System32\shlwapi.dll
0x00007ff956fc0000 - 0x00007ff956fe1000 	C:\WINDOWS\SYSTEM32\profapi.dll
0x00007ff928140000 - 0x00007ff928159000 	C:\Program Files\Zulu\zulu1.11.0_17\bin\net.dll
0x00007ff9550d0000 - 0x00007ff955206000 	C:\WINDOWS\SYSTEM32\WINHTTP.dll
0x00007ff9555c0000 - 0x00007ff955629000 	C:\WINDOWS\system32\mswsock.dll
0x00007ff928100000 - 0x00007ff928113000 	C:\Program Files\Zulu\zulu1.11.0_17\bin\nio.dll
0x00007ff937cd0000 - 0x00007ff937cea000 	C:\Program Files\JetBrains\IntelliJ IDEA Community Edition 2023.1.4\bin\breakgen64.dll
0x00007ff913b80000 - 0x00007ff913d1a000 	C:\Program Files\Zulu\zulu1.11.0_17\bin\awt.dll
0x00007ff951420000 - 0x00007ff9514b7000 	C:\WINDOWS\SYSTEM32\apphelp.dll
0x00007ff953600000 - 0x00007ff95362b000 	C:\WINDOWS\system32\DWMAPI.DLL
0x00007ff953380000 - 0x00007ff95342b000 	C:\WINDOWS\system32\uxtheme.dll
0x00007ff8e6cf0000 - 0x00007ff8e6df0000 	C:\WINDOWS\system32\opengl32.dll
0x00007ff91def0000 - 0x00007ff91df1d000 	C:\WINDOWS\SYSTEM32\GLU32.dll
0x00007ff953670000 - 0x00007ff9536a9000 	C:\WINDOWS\SYSTEM32\dxcore.dll
0x00007ff959080000 - 0x00007ff9591d3000 	C:\WINDOWS\System32\MSCTF.dll
0x00007ff959990000 - 0x00007ff959b35000 	C:\WINDOWS\System32\ole32.dll
0x00007ff956d50000 - 0x00007ff956d9e000 	C:\WINDOWS\SYSTEM32\cfgmgr32.dll
0x00007ff957220000 - 0x00007ff957387000 	C:\WINDOWS\System32\CRYPT32.dll
0x00007ff957d70000 - 0x00007ff9581e4000 	C:\WINDOWS\System32\SETUPAPI.dll
0x00007ff956da0000 - 0x00007ff956dcc000 	C:\WINDOWS\SYSTEM32\DEVOBJ.dll
0x00007ff9571b0000 - 0x00007ff95721b000 	C:\WINDOWS\System32\WINTRUST.dll
0x00007ff955930000 - 0x00007ff955942000 	C:\WINDOWS\SYSTEM32\MSASN1.dll
0x00007ff93c3a0000 - 0x00007ff940900000 	C:\WINDOWS\System32\DriverStore\FileRepository\iigd_dch.inf_amd64_1eaab7a335a8b421\igc64.dll
0x00007ff8fc850000 - 0x00007ff8fff05000 	C:\WINDOWS\System32\DriverStore\FileRepository\iigd_dch.inf_amd64_1eaab7a335a8b421\igd12dxva64.dll
0x00007ff9094b0000 - 0x00007ff909533000 	C:\Program Files\Zulu\zulu1.11.0_17\bin\freetype.dll
0x00007ff8ea7b0000 - 0x00007ff8ea872000 	C:\Program Files\Zulu\zulu1.11.0_17\bin\fontmanager.dll
0x00007ff957cc0000 - 0x00007ff957d70000 	C:\WINDOWS\System32\clbcatq.dll
0x00007ff94f590000 - 0x00007ff94f740000 	C:\WINDOWS\SYSTEM32\WindowsCodecs.dll
0x00007ff91a150000 - 0x00007ff91a1ae000 	C:\WINDOWS\system32\dataexchange.dll
0x00007ff94d820000 - 0x00007ff94daae000 	C:\WINDOWS\system32\twinapi.appcore.dll
0x00007ff94b5c0000 - 0x00007ff94b70a000 	C:\WINDOWS\SYSTEM32\textinputframework.dll
0x00007ff91c810000 - 0x00007ff91c879000 	C:\WINDOWS\system32\Oleacc.dll
0x00007ff950eb0000 - 0x00007ff950fe4000 	C:\WINDOWS\SYSTEM32\CoreMessaging.dll
0x00007ff94c8f0000 - 0x00007ff94cc5c000 	C:\WINDOWS\SYSTEM32\CoreUIComponents.dll
0x00007ff9558e0000 - 0x00007ff9558ec000 	C:\WINDOWS\SYSTEM32\CRYPTBASE.DLL
0x00007ff90a0f0000 - 0x00007ff90a119000 	C:\Python312\Lib\site-packages\jep\jep.dll
0x00007ff86bf40000 - 0x00007ff86c5fb000 	C:\Python312\python312.dll

dbghelp: loaded successfully - version: 4.0.5 - missing functions: none
symbol engine: initialized successfully - sym options: 0x614 - pdb path: .;C:\Program Files\Zulu\zulu1.11.0_17\bin;C:\WINDOWS\SYSTEM32;C:\WINDOWS\WinSxS\amd64_microsoft.windows.common-controls_6595b64144ccf1df_6.0.22621.3235_none_270f74e173860f98;C:\Program Files\Zulu\zulu1.11.0_17\bin\server;C:\Program Files\JetBrains\IntelliJ IDEA Community Edition 2023.1.4\bin;C:\WINDOWS\System32\DriverStore\FileRepository\iigd_dch.inf_amd64_1eaab7a335a8b421;C:\Python312\Lib\site-packages\jep;C:\Python312

VM Arguments:
jvm_args: -javaagent:C:\Program Files\JetBrains\IntelliJ IDEA Community Edition 2023.1.4\lib\idea_rt.jar=63397:C:\Program Files\JetBrains\IntelliJ IDEA Community Edition 2023.1.4\bin -Dfile.encoding=UTF-8 
java_command: hostExe
java_class_path (initial): C:\Eyelit\openProtocol\HostSimulator\out\production\HostSimulator;C:\Users\tpizzone\.m2\repository\black\ninia\jep\4.2.0\jep-4.2.0.jar;C:\Users\tpizzone\.m2\repository\org\apache\commons\commons-lang3\3.14.0\commons-lang3-3.14.0.jar;C:\Python312\DLLs;C:\Python312\Lib;C:\Python312;C:\Python312\jepLogger;C:\Python312\jepLogger\Lib\site-packages;C:\Users\tpizzone\AppData\Local\JetBrains\IdeaIC2023.1\python_stubs\-1181652064;C:\Users\tpizzone\AppData\Roaming\JetBrains\IdeaIC2023.1\plugins\python-ce\helpers\python-skeletons;C:\Users\tpizzone\AppData\Roaming\JetBrains\IdeaIC2023.1\plugins\python-ce\helpers\typeshed\stdlib;C:\Users\tpizzone\AppData\Roaming\JetBrains\IdeaIC2023.1\plugins\python-ce\helpers\typeshed\stubs\gdb;C:\Users\tpizzone\AppData\Roaming\JetBrains\IdeaIC2023.1\plugins\python-ce\helpers\typeshed\stubs\six;C:\Users\tpizzone\AppData\Roaming\JetBrains\IdeaIC2023.1\plugins\python-ce\helpers\typeshed\stubs\boto;C:\Users\tpizzone\AppData\Roaming\JetBrains\IdeaIC2023.1\plugins\python-ce\helpers\typeshed\stubs\mock;C:\Users\tpizzone\AppData\Roaming\JetBrains\IdeaIC2023.1\plugins\python-ce\helpers\typeshed\stubs\pytz;C:\Users\tpizzone\AppData\Roaming\JetBrains\IdeaIC2023.1\plugins\python-ce\helpers\typeshed\stubs\toml;C:\Users\tpizzone\AppData\Roaming\JetBrains\IdeaIC2023.1\plugins\python-ce\helpers\typeshed\stubs\tqdm;C:\Users\tpizzone\AppData\Roaming\JetBrains\IdeaIC2023.1\plugins\python-ce\helpers\typeshed\stubs\annoy;C:\Users\tpizzone\AppData\Roaming\JetBrains\IdeaIC2023.1\plugins\python-ce\helpers\typeshed\stubs\babel;C:\Users\tpizzone\AppData\Roaming\JetBrains\IdeaIC2023.1\plugins\python-ce\helpers\typeshed\stubs\emoji;C:\Users\tpizzone\AppData\Roaming\JetBrains\IdeaIC2023.1\plugins\python-ce\helpers\typeshed\stubs\first;C:\Users\tpizzone\AppData\Roaming\JetBrains\IdeaIC2023.1\plugins\python-ce\helpers\typeshed\stubs\fpdf2;C:\Users\tpizzone\AppData\Roaming\JetBrains\IdeaIC2023.1\plugins\python-ce\helpers\typeshed\stubs\ldap3;C:\U
Launcher Type: SUN_STANDARD

[Global flags]
     intx CICompilerCount                          = 12                                        {product} {ergonomic}
     uint ConcGCThreads                            = 3                                         {product} {ergonomic}
     uint G1ConcRefinementThreads                  = 13                                        {product} {ergonomic}
   size_t G1HeapRegionSize                         = 1048576                                   {product} {ergonomic}
    uintx GCDrainStackTargetSize                   = 64                                        {product} {ergonomic}
   size_t InitialHeapSize                          = 264241152                                 {product} {ergonomic}
   size_t MarkStackSize                            = 4194304                                   {product} {ergonomic}
   size_t MaxHeapSize                              = 4215275520                                {product} {ergonomic}
   size_t MaxNewSize                               = 2529165312                                {product} {ergonomic}
   size_t MinHeapDeltaBytes                        = 1048576                                   {product} {ergonomic}
    uintx NonNMethodCodeHeapSize                   = 7594288                                {pd product} {ergonomic}
    uintx NonProfiledCodeHeapSize                  = 122031976                              {pd product} {ergonomic}
    uintx ProfiledCodeHeapSize                     = 122031976                              {pd product} {ergonomic}
    uintx ReservedCodeCacheSize                    = 251658240                              {pd product} {ergonomic}
     bool SegmentedCodeCache                       = true                                      {product} {ergonomic}
     bool UseCompressedClassPointers               = true                                 {lp64_product} {ergonomic}
     bool UseCompressedOops                        = true                                 {lp64_product} {ergonomic}
     bool UseG1GC                                  = true                                      {product} {ergonomic}
     bool UseLargePagesIndividualAllocation        = false                                  {pd product} {ergonomic}

Logging:
Log output configuration:
 #0: stdout all=warning uptime,level,tags
 #1: stderr all=off uptime,level,tags

Environment Variables:
JAVA_HOME=C:\Program Files\Zulu\zulu1.11.0_17
PATH=C:\Python312\Scripts\;C:\Python312\;C:\Program Files\Zulu\zulu1.11.0_17\bin;C:\Python312\Lib\site-packages\jep;C:\WINDOWS\system32;C:\Windows\system32;C:\WINDOWS;C:\Windows;C:\Program Files\OpenWebStart;C:\ProgramData\Anaconda3\envs\ai_env\python.exe;C:\WINDOWS\System32\Wbem;C:\WINDOWS\System32\WindowsPowerShell\v1.0\;C:\WINDOWS\System32\OpenSSH\;C:\Program Files\PuTTY\;C:\Program Files\Git\cmd;C:\Users\tpizzone\AppData\Roaming\Python\Python37\Scripts;C:\Program Files (x86)\Microsoft SQL Server\160\DTS\Binn\;C:\Program Files\Azure Data Studio\bin;C:\Program Files\Microsoft SQL Server\Client SDK\ODBC\170\Tools\Binn\;C:\Program Files (x86)\Microsoft SQL Server\150\Tools\Binn\;C:\Program Files\Microsoft SQL Server\150\Tools\Binn\;C:\Program Files\Microsoft SQL Server\150\DTS\Binn\;C:\ProgramData\Anaconda3\envs\opc_ua;C:\Program Files\dotnet\;C:\Program Files\apache-maven-3.9.5\bin;C:\Program Files\nodejs\;C:\ProgramData\chocolatey\bin;C:\Program Files\HP\HP One Agent;C:\ProgramData\Anaconda3\envs\kb_ai\python.exe;C:\Users\tpizzone\AppData\Local\Microsoft\WindowsApps;C:\Program Files\JetBrains\IntelliJ IDEA Community Edition 2023.1.4\bin;;C:\Program Files\JetBrains\PyCharm Community Edition 2022.3.2\bin;;C:\ProgramData\Anaconda3\envs\opc_ua\python.exe;C:\Users\tpizzone\.dotnet\tools;C:\Users\tpizzone\AppData\Roaming\npm;C:\Program Files\JetBrains\WebStorm 2023.3.4\bin;
USERNAME=tpizzone
OS=Windows_NT
PROCESSOR_IDENTIFIER=Intel64 Family 6 Model 154 Stepping 3, GenuineIntel
TMP=C:\Users\tpizzone\AppData\Local\Temp
TEMP=C:\Users\tpizzone\AppData\Local\Temp



---------------  S Y S T E M  ---------------

OS: Windows 11 , 64 bit Build 22621 (10.0.22621.3374)
OS uptime: 8 days 23:57 hours
Hyper-V role detected

CPU:total 16 (initial active 16) (8 cores per cpu, 2 threads per core) family 6 model 154 stepping 3 microcode 0x42c, cmov, cx8, fxsr, mmx, sse, sse2, sse3, ssse3, sse4.1, sse4.2, popcnt, avx, avx2, aes, clmul, erms, 3dnowpref, lzcnt, ht, tsc, tscinvbit, bmi1, bmi2, adx, sha, fma

Memory: 4k page, system-wide physical 16077M (782M free)
TotalPageFile size 59366M (AvailPageFile size 18833M)
current process WorkingSet (physical memory assigned to process): 248M, peak: 248M
current process commit charge ("private bytes"): 407M, peak: 407M

vm_info: OpenJDK 64-Bit Server VM (11.0.17+8-LTS) for windows-amd64 JRE (Zulu11.60+19-CA) (11.0.17+8-LTS), built on Oct  9 2022 06:13:40 by "zulu_re" with MS VC++ 15.9 (VS2017)

END.
